<?xml version="1.0" encoding="UTF-8"?>
<testsuites>
  <testsuite name="D:\Ciclo7\github-project\capachica-project\turismo-backend\phpunit.xml" tests="639" assertions="1635" errors="151" failures="61" skipped="0" time="100.643337">
    <testsuite name="Unit" tests="423" assertions="928" errors="111" failures="8" skipped="0" time="59.981811">
      <testsuite name="Tests\Unit\ExampleTest" file="D:\Ciclo7\github-project\capachica-project\turismo-backend\tests\Unit\ExampleTest.php" tests="1" assertions="1" errors="0" failures="0" skipped="0" time="0.112231">
        <testcase name="test_that_true_is_true" file="D:\Ciclo7\github-project\capachica-project\turismo-backend\tests\Unit\ExampleTest.php" line="12" class="Tests\Unit\ExampleTest" classname="Tests.Unit.ExampleTest" assertions="1" time="0.112231"/>
      </testsuite>
      <testsuite name="Tests\Unit\Models\AsociacionTest" file="D:\Ciclo7\github-project\capachica-project\turismo-backend\tests\Unit\Models\AsociacionTest.php" tests="20" assertions="56" errors="0" failures="0" skipped="0" time="3.566150">
        <testcase name="puede_crear_asociacion_con_datos_validos" file="D:\Ciclo7\github-project\capachica-project\turismo-backend\tests\Unit\Models\AsociacionTest.php" line="27" class="Tests\Unit\Models\AsociacionTest" classname="Tests.Unit.Models.AsociacionTest" assertions="5" time="1.341944"/>
        <testcase name="fillable_permite_campos_correctos" file="D:\Ciclo7\github-project\capachica-project\turismo-backend\tests\Unit\Models\AsociacionTest.php" line="52" class="Tests\Unit\Models\AsociacionTest" classname="Tests.Unit.Models.AsociacionTest" assertions="3" time="0.093162"/>
        <testcase name="casts_convierte_tipos_correctamente" file="D:\Ciclo7\github-project\capachica-project\turismo-backend\tests\Unit\Models\AsociacionTest.php" line="77" class="Tests\Unit\Models\AsociacionTest" classname="Tests.Unit.Models.AsociacionTest" assertions="6" time="0.095210"/>
        <testcase name="relacion_municipalidad_funciona_correctamente" file="D:\Ciclo7\github-project\capachica-project\turismo-backend\tests\Unit\Models\AsociacionTest.php" line="97" class="Tests\Unit\Models\AsociacionTest" classname="Tests.Unit.Models.AsociacionTest" assertions="3" time="0.210950"/>
        <testcase name="relacion_emprendedores_funciona_correctamente" file="D:\Ciclo7\github-project\capachica-project\turismo-backend\tests\Unit\Models\AsociacionTest.php" line="114" class="Tests\Unit\Models\AsociacionTest" classname="Tests.Unit.Models.AsociacionTest" assertions="4" time="0.163419"/>
        <testcase name="imagen_url_attribute_retorna_null_cuando_no_hay_imagen" file="D:\Ciclo7\github-project\capachica-project\turismo-backend\tests\Unit\Models\AsociacionTest.php" line="138" class="Tests\Unit\Models\AsociacionTest" classname="Tests.Unit.Models.AsociacionTest" assertions="1" time="0.096223"/>
        <testcase name="imagen_url_attribute_retorna_url_completa_si_es_url_externa" file="D:\Ciclo7\github-project\capachica-project\turismo-backend\tests\Unit\Models\AsociacionTest.php" line="154" class="Tests\Unit\Models\AsociacionTest" classname="Tests.Unit.Models.AsociacionTest" assertions="1" time="0.092539"/>
        <testcase name="appends_incluye_imagen_url_en_array" file="D:\Ciclo7\github-project\capachica-project\turismo-backend\tests\Unit\Models\AsociacionTest.php" line="171" class="Tests\Unit\Models\AsociacionTest" classname="Tests.Unit.Models.AsociacionTest" assertions="1" time="0.106065"/>
        <testcase name="appends_incluye_imagen_url_en_json" file="D:\Ciclo7\github-project\capachica-project\turismo-backend\tests\Unit\Models\AsociacionTest.php" line="187" class="Tests\Unit\Models\AsociacionTest" classname="Tests.Unit.Models.AsociacionTest" assertions="1" time="0.091089"/>
        <testcase name="tabla_correcta_es_utilizada" file="D:\Ciclo7\github-project\capachica-project\turismo-backend\tests\Unit\Models\AsociacionTest.php" line="204" class="Tests\Unit\Models\AsociacionTest" classname="Tests.Unit.Models.AsociacionTest" assertions="1" time="0.092526"/>
        <testcase name="primary_key_es_id_por_defecto" file="D:\Ciclo7\github-project\capachica-project\turismo-backend\tests\Unit\Models\AsociacionTest.php" line="217" class="Tests\Unit\Models\AsociacionTest" classname="Tests.Unit.Models.AsociacionTest" assertions="1" time="0.086336"/>
        <testcase name="timestamps_estan_habilitados" file="D:\Ciclo7\github-project\capachica-project\turismo-backend\tests\Unit\Models\AsociacionTest.php" line="230" class="Tests\Unit\Models\AsociacionTest" classname="Tests.Unit.Models.AsociacionTest" assertions="1" time="0.197969"/>
        <testcase name="puede_actualizar_campos_individuales" file="D:\Ciclo7\github-project\capachica-project\turismo-backend\tests\Unit\Models\AsociacionTest.php" line="243" class="Tests\Unit\Models\AsociacionTest" classname="Tests.Unit.Models.AsociacionTest" assertions="1" time="0.099456"/>
        <testcase name="puede_eliminar_asociacion" file="D:\Ciclo7\github-project\capachica-project\turismo-backend\tests\Unit\Models\AsociacionTest.php" line="259" class="Tests\Unit\Models\AsociacionTest" classname="Tests.Unit.Models.AsociacionTest" assertions="2" time="0.101720"/>
        <testcase name="scope_queries_funcionan_correctamente" file="D:\Ciclo7\github-project\capachica-project\turismo-backend\tests\Unit\Models\AsociacionTest.php" line="276" class="Tests\Unit\Models\AsociacionTest" classname="Tests.Unit.Models.AsociacionTest" assertions="4" time="0.218408"/>
        <testcase name="maneja_valores_nulos_correctamente" file="D:\Ciclo7\github-project\capachica-project\turismo-backend\tests\Unit\Models\AsociacionTest.php" line="301" class="Tests\Unit\Models\AsociacionTest" classname="Tests.Unit.Models.AsociacionTest" assertions="7" time="0.096517"/>
        <testcase name="validacion_email_formato_en_base_de_datos" file="D:\Ciclo7\github-project\capachica-project\turismo-backend\tests\Unit\Models\AsociacionTest.php" line="325" class="Tests\Unit\Models\AsociacionTest" classname="Tests.Unit.Models.AsociacionTest" assertions="2" time="0.095083"/>
        <testcase name="coordenadas_se_almacenan_como_float" file="D:\Ciclo7\github-project\capachica-project\turismo-backend\tests\Unit\Models\AsociacionTest.php" line="339" class="Tests\Unit\Models\AsociacionTest" classname="Tests.Unit.Models.AsociacionTest" assertions="4" time="0.095778"/>
        <testcase name="estado_se_almacena_como_boolean" file="D:\Ciclo7\github-project\capachica-project\turismo-backend\tests\Unit\Models\AsociacionTest.php" line="356" class="Tests\Unit\Models\AsociacionTest" classname="Tests.Unit.Models.AsociacionTest" assertions="4" time="0.095584"/>
        <testcase name="created_at_y_updated_at_se_establecen_automaticamente" file="D:\Ciclo7\github-project\capachica-project\turismo-backend\tests\Unit\Models\AsociacionTest.php" line="377" class="Tests\Unit\Models\AsociacionTest" classname="Tests.Unit.Models.AsociacionTest" assertions="4" time="0.096172"/>
      </testsuite>
      <testsuite name="Tests\Unit\Models\CategoriaTest" file="D:\Ciclo7\github-project\capachica-project\turismo-backend\tests\Unit\Models\CategoriaTest.php" tests="19" assertions="45" errors="0" failures="0" skipped="0" time="2.299189">
        <testcase name="puede_crear_categoria_con_datos_validos" file="D:\Ciclo7\github-project\capachica-project\turismo-backend\tests\Unit\Models\CategoriaTest.php" line="17" class="Tests\Unit\Models\CategoriaTest" classname="Tests.Unit.Models.CategoriaTest" assertions="5" time="0.124840"/>
        <testcase name="fillable_permite_campos_correctos" file="D:\Ciclo7\github-project\capachica-project\turismo-backend\tests\Unit\Models\CategoriaTest.php" line="38" class="Tests\Unit\Models\CategoriaTest" classname="Tests.Unit.Models.CategoriaTest" assertions="4" time="0.084873"/>
        <testcase name="relacion_servicios_existe_y_es_many_to_many" file="D:\Ciclo7\github-project\capachica-project\turismo-backend\tests\Unit\Models\CategoriaTest.php" line="60" class="Tests\Unit\Models\CategoriaTest" classname="Tests.Unit.Models.CategoriaTest" assertions="3" time="0.115299"/>
        <testcase name="puede_acceder_a_servicios_relacionados" file="D:\Ciclo7\github-project\capachica-project\turismo-backend\tests\Unit\Models\CategoriaTest.php" line="75" class="Tests\Unit\Models\CategoriaTest" classname="Tests.Unit.Models.CategoriaTest" assertions="2" time="0.097968"/>
        <testcase name="relacion_servicios_incluye_timestamps" file="D:\Ciclo7\github-project\capachica-project\turismo-backend\tests\Unit\Models\CategoriaTest.php" line="89" class="Tests\Unit\Models\CategoriaTest" classname="Tests.Unit.Models.CategoriaTest" assertions="1" time="0.111600"/>
        <testcase name="tabla_correcta_es_utilizada" file="D:\Ciclo7\github-project\capachica-project\turismo-backend\tests\Unit\Models\CategoriaTest.php" line="102" class="Tests\Unit\Models\CategoriaTest" classname="Tests.Unit.Models.CategoriaTest" assertions="1" time="0.180409"/>
        <testcase name="primary_key_es_id_por_defecto" file="D:\Ciclo7\github-project\capachica-project\turismo-backend\tests\Unit\Models\CategoriaTest.php" line="115" class="Tests\Unit\Models\CategoriaTest" classname="Tests.Unit.Models.CategoriaTest" assertions="1" time="0.086422"/>
        <testcase name="timestamps_estan_habilitados" file="D:\Ciclo7\github-project\capachica-project\turismo-backend\tests\Unit\Models\CategoriaTest.php" line="128" class="Tests\Unit\Models\CategoriaTest" classname="Tests.Unit.Models.CategoriaTest" assertions="1" time="0.081835"/>
        <testcase name="puede_actualizar_campos_individuales" file="D:\Ciclo7\github-project\capachica-project\turismo-backend\tests\Unit\Models\CategoriaTest.php" line="141" class="Tests\Unit\Models\CategoriaTest" classname="Tests.Unit.Models.CategoriaTest" assertions="1" time="0.197114"/>
        <testcase name="puede_eliminar_categoria" file="D:\Ciclo7\github-project\capachica-project\turismo-backend\tests\Unit\Models\CategoriaTest.php" line="156" class="Tests\Unit\Models\CategoriaTest" classname="Tests.Unit.Models.CategoriaTest" assertions="2" time="0.204749"/>
        <testcase name="eliminar_categoria_funciona_correctamente" file="D:\Ciclo7\github-project\capachica-project\turismo-backend\tests\Unit\Models\CategoriaTest.php" line="171" class="Tests\Unit\Models\CategoriaTest" classname="Tests.Unit.Models.CategoriaTest" assertions="1" time="0.089181"/>
        <testcase name="puede_buscar_categorias_por_nombre" file="D:\Ciclo7\github-project\capachica-project\turismo-backend\tests\Unit\Models\CategoriaTest.php" line="185" class="Tests\Unit\Models\CategoriaTest" classname="Tests.Unit.Models.CategoriaTest" assertions="2" time="0.093474"/>
        <testcase name="maneja_valores_nulos_correctamente" file="D:\Ciclo7\github-project\capachica-project\turismo-backend\tests\Unit\Models\CategoriaTest.php" line="201" class="Tests\Unit\Models\CategoriaTest" classname="Tests.Unit.Models.CategoriaTest" assertions="3" time="0.200892"/>
        <testcase name="created_at_y_updated_at_se_establecen_automaticamente" file="D:\Ciclo7\github-project\capachica-project\turismo-backend\tests\Unit\Models\CategoriaTest.php" line="217" class="Tests\Unit\Models\CategoriaTest" classname="Tests.Unit.Models.CategoriaTest" assertions="4" time="0.081457"/>
        <testcase name="puede_obtener_cantidad_de_servicios_asociados" file="D:\Ciclo7\github-project\capachica-project\turismo-backend\tests\Unit\Models\CategoriaTest.php" line="230" class="Tests\Unit\Models\CategoriaTest" classname="Tests.Unit.Models.CategoriaTest" assertions="1" time="0.089504"/>
        <testcase name="puede_verificar_si_tiene_servicios_asociados" file="D:\Ciclo7\github-project\capachica-project\turismo-backend\tests\Unit\Models\CategoriaTest.php" line="243" class="Tests\Unit\Models\CategoriaTest" classname="Tests.Unit.Models.CategoriaTest" assertions="1" time="0.091605"/>
        <testcase name="nombre_es_requerido_para_creacion" file="D:\Ciclo7\github-project\capachica-project\turismo-backend\tests\Unit\Models\CategoriaTest.php" line="253" class="Tests\Unit\Models\CategoriaTest" classname="Tests.Unit.Models.CategoriaTest" assertions="1" time="0.088258"/>
        <testcase name="puede_convertir_a_array" file="D:\Ciclo7\github-project\capachica-project\turismo-backend\tests\Unit\Models\CategoriaTest.php" line="264" class="Tests\Unit\Models\CategoriaTest" classname="Tests.Unit.Models.CategoriaTest" assertions="7" time="0.192742"/>
        <testcase name="puede_convertir_a_json" file="D:\Ciclo7\github-project\capachica-project\turismo-backend\tests\Unit\Models\CategoriaTest.php" line="287" class="Tests\Unit\Models\CategoriaTest" classname="Tests.Unit.Models.CategoriaTest" assertions="4" time="0.086968"/>
      </testsuite>
      <testsuite name="Tests\Unit\Models\EmprendedorTest" file="D:\Ciclo7\github-project\capachica-project\turismo-backend\tests\Unit\Models\EmprendedorTest.php" tests="26" assertions="91" errors="2" failures="0" skipped="0" time="3.365573">
        <testcase name="puede_crear_emprendedor_con_datos_validos" file="D:\Ciclo7\github-project\capachica-project\turismo-backend\tests\Unit\Models\EmprendedorTest.php" line="33" class="Tests\Unit\Models\EmprendedorTest" classname="Tests.Unit.Models.EmprendedorTest" assertions="6" time="0.133304"/>
        <testcase name="fillable_permite_campos_correctos" file="D:\Ciclo7\github-project\capachica-project\turismo-backend\tests\Unit\Models\EmprendedorTest.php" line="73" class="Tests\Unit\Models\EmprendedorTest" classname="Tests.Unit.Models.EmprendedorTest" assertions="4" time="0.111725"/>
        <testcase name="casts_convierte_tipos_correctamente" file="D:\Ciclo7\github-project\capachica-project\turismo-backend\tests\Unit\Models\EmprendedorTest.php" line="96" class="Tests\Unit\Models\EmprendedorTest" classname="Tests.Unit.Models.EmprendedorTest" assertions="9" time="0.099139"/>
        <testcase name="relacion_asociacion_funciona_correctamente" file="D:\Ciclo7\github-project\capachica-project\turismo-backend\tests\Unit\Models\EmprendedorTest.php" line="125" class="Tests\Unit\Models\EmprendedorTest" classname="Tests.Unit.Models.EmprendedorTest" assertions="3" time="0.108457"/>
        <testcase name="relacion_administradores_funciona_correctamente" file="D:\Ciclo7\github-project\capachica-project\turismo-backend\tests\Unit\Models\EmprendedorTest.php" line="142" class="Tests\Unit\Models\EmprendedorTest" classname="Tests.Unit.Models.EmprendedorTest" assertions="4" time="0.167948"/>
        <testcase name="relacion_administradores_incluye_timestamps_y_pivot" file="D:\Ciclo7\github-project\capachica-project\turismo-backend\tests\Unit\Models\EmprendedorTest.php" line="171" class="Tests\Unit\Models\EmprendedorTest" classname="Tests.Unit.Models.EmprendedorTest" assertions="4" time="0.121397"/>
        <testcase name="puede_obtener_administrador_principal" file="D:\Ciclo7\github-project\capachica-project\turismo-backend\tests\Unit\Models\EmprendedorTest.php" line="196" class="Tests\Unit\Models\EmprendedorTest" classname="Tests.Unit.Models.EmprendedorTest" assertions="2" time="0.132279"/>
        <testcase name="relacion_servicios_funciona_correctamente" file="D:\Ciclo7\github-project\capachica-project\turismo-backend\tests\Unit\Models\EmprendedorTest.php" line="220" class="Tests\Unit\Models\EmprendedorTest" classname="Tests.Unit.Models.EmprendedorTest" assertions="4" time="0.123105"/>
        <testcase name="relacion_sliders_existe_y_funciona" file="D:\Ciclo7\github-project\capachica-project\turismo-backend\tests\Unit\Models\EmprendedorTest.php" line="244" class="Tests\Unit\Models\EmprendedorTest" classname="Tests.Unit.Models.EmprendedorTest" assertions="2" time="0.110306"/>
        <testcase name="relacion_sliders_principales_filtra_correctamente" file="D:\Ciclo7\github-project\capachica-project\turismo-backend\tests\Unit\Models\EmprendedorTest.php" line="260" class="Tests\Unit\Models\EmprendedorTest" classname="Tests.Unit.Models.EmprendedorTest" assertions="1" time="0.118055">
          <error type="Exception">Tests\Unit\Models\EmprendedorTest::relacion_sliders_principales_filtra_correctamente&#13;
Exception: Property [wheres] does not exist on the Eloquent builder instance.
&#13;
D:\Ciclo7\github-project\capachica-project\turismo-backend\vendor\laravel\framework\src\Illuminate\Database\Eloquent\Builder.php:2169
D:\Ciclo7\github-project\capachica-project\turismo-backend\tests\Unit\Models\EmprendedorTest.php:275</error>
        </testcase>
        <testcase name="tabla_correcta_es_utilizada" file="D:\Ciclo7\github-project\capachica-project\turismo-backend\tests\Unit\Models\EmprendedorTest.php" line="288" class="Tests\Unit\Models\EmprendedorTest" classname="Tests.Unit.Models.EmprendedorTest" assertions="1" time="0.095882"/>
        <testcase name="primary_key_es_id_por_defecto" file="D:\Ciclo7\github-project\capachica-project\turismo-backend\tests\Unit\Models\EmprendedorTest.php" line="301" class="Tests\Unit\Models\EmprendedorTest" classname="Tests.Unit.Models.EmprendedorTest" assertions="1" time="0.100632"/>
        <testcase name="timestamps_estan_habilitados" file="D:\Ciclo7\github-project\capachica-project\turismo-backend\tests\Unit\Models\EmprendedorTest.php" line="314" class="Tests\Unit\Models\EmprendedorTest" classname="Tests.Unit.Models.EmprendedorTest" assertions="1" time="0.098665"/>
        <testcase name="puede_actualizar_campos_individuales" file="D:\Ciclo7\github-project\capachica-project\turismo-backend\tests\Unit\Models\EmprendedorTest.php" line="327" class="Tests\Unit\Models\EmprendedorTest" classname="Tests.Unit.Models.EmprendedorTest" assertions="2" time="0.220424"/>
        <testcase name="puede_eliminar_emprendedor" file="D:\Ciclo7\github-project\capachica-project\turismo-backend\tests\Unit\Models\EmprendedorTest.php" line="348" class="Tests\Unit\Models\EmprendedorTest" classname="Tests.Unit.Models.EmprendedorTest" assertions="2" time="0.211901"/>
        <testcase name="maneja_valores_nulos_correctamente" file="D:\Ciclo7\github-project\capachica-project\turismo-backend\tests\Unit\Models\EmprendedorTest.php" line="365" class="Tests\Unit\Models\EmprendedorTest" classname="Tests.Unit.Models.EmprendedorTest" assertions="0" time="0.106848">
          <error type="Illuminate\Database\QueryException">Tests\Unit\Models\EmprendedorTest::maneja_valores_nulos_correctamente&#13;
Illuminate\Database\QueryException: SQLSTATE[23502]: Not null violation: 7 ERROR:  el valor nulo en la columna «descripcion» de la relación «emprendedores» viola la restricción de no nulo
DETAIL:  La fila que falla contiene (15, King-Mraz SRL, Transporte, null, null, null, null, null, Lunes a Domingo: 24 horas, S/ 500 - S/ 1000, ["efectivo","tarjeta_debito"], 196, 1, null, ["https:\/\/via.placeholder.com\/800x600.png\/007744?text=busine..., Entretenimiento, ["ISO 9001"], ["espa\u00f1ol","ingl\u00e9s","quechua"], ["vehiculo_propio","transporte_publico"], t, t, 2025-07-01 00:09:50, 2025-07-01 00:09:50, 34). (Connection: pgsql, SQL: insert into "emprendedores" ("nombre", "tipo_servicio", "descripcion", "ubicacion", "telefono", "email", "pagina_web", "horario_atencion", "precio_rango", "metodos_pago", "capacidad_aforo", "numero_personas_atiende", "comentarios_resenas", "imagenes", "categoria", "certificaciones", "idiomas_hablados", "opciones_acceso", "facilidades_discapacidad", "asociacion_id", "estado", "updated_at", "created_at") values (King-Mraz SRL, Transporte, ?, ?, ?, ?, ?, Lunes a Domingo: 24 horas, S/ 500 - S/ 1000, ["efectivo","tarjeta_debito"], 196, 1, ?, ["https:\/\/via.placeholder.com\/800x600.png\/007744?text=business+emprendimiento+magni","https:\/\/via.placeholder.com\/800x600.png\/000011?text=business+emprendimiento+voluptate","https:\/\/via.placeholder.com\/800x600.png\/002233?text=business+emprendimiento+et"], Entretenimiento, ["ISO 9001"], ["espa\u00f1ol","ingl\u00e9s","quechua"], ["vehiculo_propio","transporte_publico"], 1, 34, 1, 2025-07-01 00:09:50, 2025-07-01 00:09:50) returning "id")
&#13;
D:\Ciclo7\github-project\capachica-project\turismo-backend\vendor\laravel\framework\src\Illuminate\Database\Connection.php:822
D:\Ciclo7\github-project\capachica-project\turismo-backend\vendor\laravel\framework\src\Illuminate\Database\Connection.php:776
D:\Ciclo7\github-project\capachica-project\turismo-backend\vendor\laravel\framework\src\Illuminate\Database\Connection.php:395
D:\Ciclo7\github-project\capachica-project\turismo-backend\vendor\laravel\framework\src\Illuminate\Database\Connection.php:382
D:\Ciclo7\github-project\capachica-project\turismo-backend\vendor\laravel\framework\src\Illuminate\Database\Query\Processors\PostgresProcessor.php:24
D:\Ciclo7\github-project\capachica-project\turismo-backend\vendor\laravel\framework\src\Illuminate\Database\Query\Builder.php:3769
D:\Ciclo7\github-project\capachica-project\turismo-backend\vendor\laravel\framework\src\Illuminate\Database\Eloquent\Builder.php:2208
D:\Ciclo7\github-project\capachica-project\turismo-backend\vendor\laravel\framework\src\Illuminate\Database\Eloquent\Model.php:1408
D:\Ciclo7\github-project\capachica-project\turismo-backend\vendor\laravel\framework\src\Illuminate\Database\Eloquent\Model.php:1373
D:\Ciclo7\github-project\capachica-project\turismo-backend\vendor\laravel\framework\src\Illuminate\Database\Eloquent\Model.php:1212
D:\Ciclo7\github-project\capachica-project\turismo-backend\vendor\laravel\framework\src\Illuminate\Database\Eloquent\Factories\Factory.php:351
D:\Ciclo7\github-project\capachica-project\turismo-backend\vendor\laravel\framework\src\Illuminate\Collections\Traits\EnumeratesValues.php:274
D:\Ciclo7\github-project\capachica-project\turismo-backend\vendor\laravel\framework\src\Illuminate\Database\Eloquent\Factories\Factory.php:346
D:\Ciclo7\github-project\capachica-project\turismo-backend\vendor\laravel\framework\src\Illuminate\Database\Eloquent\Factories\Factory.php:302
D:\Ciclo7\github-project\capachica-project\turismo-backend\vendor\laravel\framework\src\Illuminate\Database\Eloquent\Factories\Factory.php:296
D:\Ciclo7\github-project\capachica-project\turismo-backend\tests\Unit\Models\EmprendedorTest.php:368</error>
        </testcase>
        <testcase name="created_at_y_updated_at_se_establecen_automaticamente" file="D:\Ciclo7\github-project\capachica-project\turismo-backend\tests\Unit\Models\EmprendedorTest.php" line="388" class="Tests\Unit\Models\EmprendedorTest" classname="Tests.Unit.Models.EmprendedorTest" assertions="4" time="0.101606"/>
        <testcase name="arrays_se_almacenan_correctamente" file="D:\Ciclo7\github-project\capachica-project\turismo-backend\tests\Unit\Models\EmprendedorTest.php" line="403" class="Tests\Unit\Models\EmprendedorTest" classname="Tests.Unit.Models.EmprendedorTest" assertions="5" time="0.101734"/>
        <testcase name="facilidades_discapacidad_se_almacena_como_boolean" file="D:\Ciclo7\github-project\capachica-project\turismo-backend\tests\Unit\Models\EmprendedorTest.php" line="424" class="Tests\Unit\Models\EmprendedorTest" classname="Tests.Unit.Models.EmprendedorTest" assertions="4" time="0.107237"/>
        <testcase name="estado_se_almacena_como_boolean" file="D:\Ciclo7\github-project\capachica-project\turismo-backend\tests\Unit\Models\EmprendedorTest.php" line="445" class="Tests\Unit\Models\EmprendedorTest" classname="Tests.Unit.Models.EmprendedorTest" assertions="4" time="0.208824"/>
        <testcase name="puede_convertir_a_array" file="D:\Ciclo7\github-project\capachica-project\turismo-backend\tests\Unit\Models\EmprendedorTest.php" line="466" class="Tests\Unit\Models\EmprendedorTest" classname="Tests.Unit.Models.EmprendedorTest" assertions="9" time="0.216424"/>
        <testcase name="puede_convertir_a_json" file="D:\Ciclo7\github-project\capachica-project\turismo-backend\tests\Unit\Models\EmprendedorTest.php" line="489" class="Tests\Unit\Models\EmprendedorTest" classname="Tests.Unit.Models.EmprendedorTest" assertions="5" time="0.103546"/>
        <testcase name="capacidad_aforo_es_entero_positivo" file="D:\Ciclo7\github-project\capachica-project\turismo-backend\tests\Unit\Models\EmprendedorTest.php" line="509" class="Tests\Unit\Models\EmprendedorTest" classname="Tests.Unit.Models.EmprendedorTest" assertions="2" time="0.101463"/>
        <testcase name="numero_personas_atiende_es_entero_positivo" file="D:\Ciclo7\github-project\capachica-project\turismo-backend\tests\Unit\Models\EmprendedorTest.php" line="523" class="Tests\Unit\Models\EmprendedorTest" classname="Tests.Unit.Models.EmprendedorTest" assertions="2" time="0.099822"/>
        <testcase name="puede_asociar_y_desasociar_administradores" file="D:\Ciclo7\github-project\capachica-project\turismo-backend\tests\Unit\Models\EmprendedorTest.php" line="537" class="Tests\Unit\Models\EmprendedorTest" classname="Tests.Unit.Models.EmprendedorTest" assertions="4" time="0.127494"/>
        <testcase name="puede_sincronizar_administradores" file="D:\Ciclo7\github-project\capachica-project\turismo-backend\tests\Unit\Models\EmprendedorTest.php" line="566" class="Tests\Unit\Models\EmprendedorTest" classname="Tests.Unit.Models.EmprendedorTest" assertions="6" time="0.137353"/>
      </testsuite>
      <testsuite name="Tests\Unit\Models\EventoTest" file="D:\Ciclo7\github-project\capachica-project\turismo-backend\tests\Unit\Models\EventoTest.php" tests="24" assertions="16" errors="19" failures="0" skipped="0" time="2.984518">
        <testcase name="puede_crear_evento_con_datos_validos" file="D:\Ciclo7\github-project\capachica-project\turismo-backend\tests\Unit\Models\EventoTest.php" line="34" class="Tests\Unit\Models\EventoTest" classname="Tests.Unit.Models.EventoTest" assertions="7" time="0.178488"/>
        <testcase name="fillable_permite_campos_correctos" file="D:\Ciclo7\github-project\capachica-project\turismo-backend\tests\Unit\Models\EventoTest.php" line="72" class="Tests\Unit\Models\EventoTest" classname="Tests.Unit.Models.EventoTest" assertions="6" time="0.100569"/>
        <testcase name="relacion_emprendedor_funciona_correctamente" file="D:\Ciclo7\github-project\capachica-project\turismo-backend\tests\Unit\Models\EventoTest.php" line="106" class="Tests\Unit\Models\EventoTest" classname="Tests.Unit.Models.EventoTest" assertions="0" time="0.211908">
          <error type="BadMethodCallException">Tests\Unit\Models\EventoTest::relacion_emprendedor_funciona_correctamente&#13;
BadMethodCallException: Call to undefined method App\Models\Evento::factory()
&#13;
D:\Ciclo7\github-project\capachica-project\turismo-backend\vendor\laravel\framework\src\Illuminate\Support\Traits\ForwardsCalls.php:67
D:\Ciclo7\github-project\capachica-project\turismo-backend\vendor\laravel\framework\src\Illuminate\Support\Traits\ForwardsCalls.php:36
D:\Ciclo7\github-project\capachica-project\turismo-backend\vendor\laravel\framework\src\Illuminate\Database\Eloquent\Model.php:2449
D:\Ciclo7\github-project\capachica-project\turismo-backend\vendor\laravel\framework\src\Illuminate\Database\Eloquent\Model.php:2465
D:\Ciclo7\github-project\capachica-project\turismo-backend\tests\Unit\Models\EventoTest.php:109</error>
        </testcase>
        <testcase name="relacion_sliders_funciona_correctamente" file="D:\Ciclo7\github-project\capachica-project\turismo-backend\tests\Unit\Models\EventoTest.php" line="121" class="Tests\Unit\Models\EventoTest" classname="Tests.Unit.Models.EventoTest" assertions="0" time="0.215740">
          <error type="BadMethodCallException">Tests\Unit\Models\EventoTest::relacion_sliders_funciona_correctamente&#13;
BadMethodCallException: Call to undefined method App\Models\Evento::factory()
&#13;
D:\Ciclo7\github-project\capachica-project\turismo-backend\vendor\laravel\framework\src\Illuminate\Support\Traits\ForwardsCalls.php:67
D:\Ciclo7\github-project\capachica-project\turismo-backend\vendor\laravel\framework\src\Illuminate\Support\Traits\ForwardsCalls.php:36
D:\Ciclo7\github-project\capachica-project\turismo-backend\vendor\laravel\framework\src\Illuminate\Database\Eloquent\Model.php:2449
D:\Ciclo7\github-project\capachica-project\turismo-backend\vendor\laravel\framework\src\Illuminate\Database\Eloquent\Model.php:2465
D:\Ciclo7\github-project\capachica-project\turismo-backend\tests\Unit\Models\EventoTest.php:124</error>
        </testcase>
        <testcase name="relacion_sliders_filtra_por_tipo_entidad" file="D:\Ciclo7\github-project\capachica-project\turismo-backend\tests\Unit\Models\EventoTest.php" line="150" class="Tests\Unit\Models\EventoTest" classname="Tests.Unit.Models.EventoTest" assertions="0" time="0.102726">
          <error type="BadMethodCallException">Tests\Unit\Models\EventoTest::relacion_sliders_filtra_por_tipo_entidad&#13;
BadMethodCallException: Call to undefined method App\Models\Evento::factory()
&#13;
D:\Ciclo7\github-project\capachica-project\turismo-backend\vendor\laravel\framework\src\Illuminate\Support\Traits\ForwardsCalls.php:67
D:\Ciclo7\github-project\capachica-project\turismo-backend\vendor\laravel\framework\src\Illuminate\Support\Traits\ForwardsCalls.php:36
D:\Ciclo7\github-project\capachica-project\turismo-backend\vendor\laravel\framework\src\Illuminate\Database\Eloquent\Model.php:2449
D:\Ciclo7\github-project\capachica-project\turismo-backend\vendor\laravel\framework\src\Illuminate\Database\Eloquent\Model.php:2465
D:\Ciclo7\github-project\capachica-project\turismo-backend\tests\Unit\Models\EventoTest.php:153</error>
        </testcase>
        <testcase name="tabla_correcta_es_utilizada" file="D:\Ciclo7\github-project\capachica-project\turismo-backend\tests\Unit\Models\EventoTest.php" line="179" class="Tests\Unit\Models\EventoTest" classname="Tests.Unit.Models.EventoTest" assertions="1" time="0.101915"/>
        <testcase name="primary_key_es_id_por_defecto" file="D:\Ciclo7\github-project\capachica-project\turismo-backend\tests\Unit\Models\EventoTest.php" line="192" class="Tests\Unit\Models\EventoTest" classname="Tests.Unit.Models.EventoTest" assertions="1" time="0.099758"/>
        <testcase name="timestamps_estan_habilitados" file="D:\Ciclo7\github-project\capachica-project\turismo-backend\tests\Unit\Models\EventoTest.php" line="205" class="Tests\Unit\Models\EventoTest" classname="Tests.Unit.Models.EventoTest" assertions="1" time="0.104092"/>
        <testcase name="puede_actualizar_campos_individuales" file="D:\Ciclo7\github-project\capachica-project\turismo-backend\tests\Unit\Models\EventoTest.php" line="218" class="Tests\Unit\Models\EventoTest" classname="Tests.Unit.Models.EventoTest" assertions="0" time="0.111545">
          <error type="BadMethodCallException">Tests\Unit\Models\EventoTest::puede_actualizar_campos_individuales&#13;
BadMethodCallException: Call to undefined method App\Models\Evento::factory()
&#13;
D:\Ciclo7\github-project\capachica-project\turismo-backend\vendor\laravel\framework\src\Illuminate\Support\Traits\ForwardsCalls.php:67
D:\Ciclo7\github-project\capachica-project\turismo-backend\vendor\laravel\framework\src\Illuminate\Support\Traits\ForwardsCalls.php:36
D:\Ciclo7\github-project\capachica-project\turismo-backend\vendor\laravel\framework\src\Illuminate\Database\Eloquent\Model.php:2449
D:\Ciclo7\github-project\capachica-project\turismo-backend\vendor\laravel\framework\src\Illuminate\Database\Eloquent\Model.php:2465
D:\Ciclo7\github-project\capachica-project\turismo-backend\tests\Unit\Models\EventoTest.php:221</error>
        </testcase>
        <testcase name="puede_eliminar_evento" file="D:\Ciclo7\github-project\capachica-project\turismo-backend\tests\Unit\Models\EventoTest.php" line="241" class="Tests\Unit\Models\EventoTest" classname="Tests.Unit.Models.EventoTest" assertions="0" time="0.100692">
          <error type="BadMethodCallException">Tests\Unit\Models\EventoTest::puede_eliminar_evento&#13;
BadMethodCallException: Call to undefined method App\Models\Evento::factory()
&#13;
D:\Ciclo7\github-project\capachica-project\turismo-backend\vendor\laravel\framework\src\Illuminate\Support\Traits\ForwardsCalls.php:67
D:\Ciclo7\github-project\capachica-project\turismo-backend\vendor\laravel\framework\src\Illuminate\Support\Traits\ForwardsCalls.php:36
D:\Ciclo7\github-project\capachica-project\turismo-backend\vendor\laravel\framework\src\Illuminate\Database\Eloquent\Model.php:2449
D:\Ciclo7\github-project\capachica-project\turismo-backend\vendor\laravel\framework\src\Illuminate\Database\Eloquent\Model.php:2465
D:\Ciclo7\github-project\capachica-project\turismo-backend\tests\Unit\Models\EventoTest.php:244</error>
        </testcase>
        <testcase name="maneja_valores_nulos_correctamente" file="D:\Ciclo7\github-project\capachica-project\turismo-backend\tests\Unit\Models\EventoTest.php" line="256" class="Tests\Unit\Models\EventoTest" classname="Tests.Unit.Models.EventoTest" assertions="0" time="0.210389">
          <error type="BadMethodCallException">Tests\Unit\Models\EventoTest::maneja_valores_nulos_correctamente&#13;
BadMethodCallException: Call to undefined method App\Models\Evento::factory()
&#13;
D:\Ciclo7\github-project\capachica-project\turismo-backend\vendor\laravel\framework\src\Illuminate\Support\Traits\ForwardsCalls.php:67
D:\Ciclo7\github-project\capachica-project\turismo-backend\vendor\laravel\framework\src\Illuminate\Support\Traits\ForwardsCalls.php:36
D:\Ciclo7\github-project\capachica-project\turismo-backend\vendor\laravel\framework\src\Illuminate\Database\Eloquent\Model.php:2449
D:\Ciclo7\github-project\capachica-project\turismo-backend\vendor\laravel\framework\src\Illuminate\Database\Eloquent\Model.php:2465
D:\Ciclo7\github-project\capachica-project\turismo-backend\tests\Unit\Models\EventoTest.php:259</error>
        </testcase>
        <testcase name="created_at_y_updated_at_se_establecen_automaticamente" file="D:\Ciclo7\github-project\capachica-project\turismo-backend\tests\Unit\Models\EventoTest.php" line="277" class="Tests\Unit\Models\EventoTest" classname="Tests.Unit.Models.EventoTest" assertions="0" time="0.105792">
          <error type="BadMethodCallException">Tests\Unit\Models\EventoTest::created_at_y_updated_at_se_establecen_automaticamente&#13;
BadMethodCallException: Call to undefined method App\Models\Evento::factory()
&#13;
D:\Ciclo7\github-project\capachica-project\turismo-backend\vendor\laravel\framework\src\Illuminate\Support\Traits\ForwardsCalls.php:67
D:\Ciclo7\github-project\capachica-project\turismo-backend\vendor\laravel\framework\src\Illuminate\Support\Traits\ForwardsCalls.php:36
D:\Ciclo7\github-project\capachica-project\turismo-backend\vendor\laravel\framework\src\Illuminate\Database\Eloquent\Model.php:2449
D:\Ciclo7\github-project\capachica-project\turismo-backend\vendor\laravel\framework\src\Illuminate\Database\Eloquent\Model.php:2465
D:\Ciclo7\github-project\capachica-project\turismo-backend\tests\Unit\Models\EventoTest.php:280</error>
        </testcase>
        <testcase name="puede_almacenar_coordenadas_geograficas_precisas" file="D:\Ciclo7\github-project\capachica-project\turismo-backend\tests\Unit\Models\EventoTest.php" line="290" class="Tests\Unit\Models\EventoTest" classname="Tests.Unit.Models.EventoTest" assertions="0" time="0.103120">
          <error type="BadMethodCallException">Tests\Unit\Models\EventoTest::puede_almacenar_coordenadas_geograficas_precisas&#13;
BadMethodCallException: Call to undefined method App\Models\Evento::factory()
&#13;
D:\Ciclo7\github-project\capachica-project\turismo-backend\vendor\laravel\framework\src\Illuminate\Support\Traits\ForwardsCalls.php:67
D:\Ciclo7\github-project\capachica-project\turismo-backend\vendor\laravel\framework\src\Illuminate\Support\Traits\ForwardsCalls.php:36
D:\Ciclo7\github-project\capachica-project\turismo-backend\vendor\laravel\framework\src\Illuminate\Database\Eloquent\Model.php:2449
D:\Ciclo7\github-project\capachica-project\turismo-backend\vendor\laravel\framework\src\Illuminate\Database\Eloquent\Model.php:2465
D:\Ciclo7\github-project\capachica-project\turismo-backend\tests\Unit\Models\EventoTest.php:293</error>
        </testcase>
        <testcase name="puede_manejar_fechas_y_horas_correctamente" file="D:\Ciclo7\github-project\capachica-project\turismo-backend\tests\Unit\Models\EventoTest.php" line="307" class="Tests\Unit\Models\EventoTest" classname="Tests.Unit.Models.EventoTest" assertions="0" time="0.107126">
          <error type="BadMethodCallException">Tests\Unit\Models\EventoTest::puede_manejar_fechas_y_horas_correctamente&#13;
BadMethodCallException: Call to undefined method App\Models\Evento::factory()
&#13;
D:\Ciclo7\github-project\capachica-project\turismo-backend\vendor\laravel\framework\src\Illuminate\Support\Traits\ForwardsCalls.php:67
D:\Ciclo7\github-project\capachica-project\turismo-backend\vendor\laravel\framework\src\Illuminate\Support\Traits\ForwardsCalls.php:36
D:\Ciclo7\github-project\capachica-project\turismo-backend\vendor\laravel\framework\src\Illuminate\Database\Eloquent\Model.php:2449
D:\Ciclo7\github-project\capachica-project\turismo-backend\vendor\laravel\framework\src\Illuminate\Database\Eloquent\Model.php:2465
D:\Ciclo7\github-project\capachica-project\turismo-backend\tests\Unit\Models\EventoTest.php:310</error>
        </testcase>
        <testcase name="puede_almacenar_texto_largo_en_descripcion" file="D:\Ciclo7\github-project\capachica-project\turismo-backend\tests\Unit\Models\EventoTest.php" line="329" class="Tests\Unit\Models\EventoTest" classname="Tests.Unit.Models.EventoTest" assertions="0" time="0.103152">
          <error type="BadMethodCallException">Tests\Unit\Models\EventoTest::puede_almacenar_texto_largo_en_descripcion&#13;
BadMethodCallException: Call to undefined method App\Models\Evento::factory()
&#13;
D:\Ciclo7\github-project\capachica-project\turismo-backend\vendor\laravel\framework\src\Illuminate\Support\Traits\ForwardsCalls.php:67
D:\Ciclo7\github-project\capachica-project\turismo-backend\vendor\laravel\framework\src\Illuminate\Support\Traits\ForwardsCalls.php:36
D:\Ciclo7\github-project\capachica-project\turismo-backend\vendor\laravel\framework\src\Illuminate\Database\Eloquent\Model.php:2449
D:\Ciclo7\github-project\capachica-project\turismo-backend\vendor\laravel\framework\src\Illuminate\Database\Eloquent\Model.php:2465
D:\Ciclo7\github-project\capachica-project\turismo-backend\tests\Unit\Models\EventoTest.php:335</error>
        </testcase>
        <testcase name="puede_almacenar_tipos_evento_diversos" file="D:\Ciclo7\github-project\capachica-project\turismo-backend\tests\Unit\Models\EventoTest.php" line="346" class="Tests\Unit\Models\EventoTest" classname="Tests.Unit.Models.EventoTest" assertions="0" time="0.105158">
          <error type="BadMethodCallException">Tests\Unit\Models\EventoTest::puede_almacenar_tipos_evento_diversos&#13;
BadMethodCallException: Call to undefined method App\Models\Evento::factory()
&#13;
D:\Ciclo7\github-project\capachica-project\turismo-backend\vendor\laravel\framework\src\Illuminate\Support\Traits\ForwardsCalls.php:67
D:\Ciclo7\github-project\capachica-project\turismo-backend\vendor\laravel\framework\src\Illuminate\Support\Traits\ForwardsCalls.php:36
D:\Ciclo7\github-project\capachica-project\turismo-backend\vendor\laravel\framework\src\Illuminate\Database\Eloquent\Model.php:2449
D:\Ciclo7\github-project\capachica-project\turismo-backend\vendor\laravel\framework\src\Illuminate\Database\Eloquent\Model.php:2465
D:\Ciclo7\github-project\capachica-project\turismo-backend\tests\Unit\Models\EventoTest.php:362</error>
        </testcase>
        <testcase name="puede_almacenar_idiomas_principales_diversos" file="D:\Ciclo7\github-project\capachica-project\turismo-backend\tests\Unit\Models\EventoTest.php" line="376" class="Tests\Unit\Models\EventoTest" classname="Tests.Unit.Models.EventoTest" assertions="0" time="0.204339">
          <error type="BadMethodCallException">Tests\Unit\Models\EventoTest::puede_almacenar_idiomas_principales_diversos&#13;
BadMethodCallException: Call to undefined method App\Models\Evento::factory()
&#13;
D:\Ciclo7\github-project\capachica-project\turismo-backend\vendor\laravel\framework\src\Illuminate\Support\Traits\ForwardsCalls.php:67
D:\Ciclo7\github-project\capachica-project\turismo-backend\vendor\laravel\framework\src\Illuminate\Support\Traits\ForwardsCalls.php:36
D:\Ciclo7\github-project\capachica-project\turismo-backend\vendor\laravel\framework\src\Illuminate\Database\Eloquent\Model.php:2449
D:\Ciclo7\github-project\capachica-project\turismo-backend\vendor\laravel\framework\src\Illuminate\Database\Eloquent\Model.php:2465
D:\Ciclo7\github-project\capachica-project\turismo-backend\tests\Unit\Models\EventoTest.php:389</error>
        </testcase>
        <testcase name="puede_convertir_a_array" file="D:\Ciclo7\github-project\capachica-project\turismo-backend\tests\Unit\Models\EventoTest.php" line="399" class="Tests\Unit\Models\EventoTest" classname="Tests.Unit.Models.EventoTest" assertions="0" time="0.103302">
          <error type="BadMethodCallException">Tests\Unit\Models\EventoTest::puede_convertir_a_array&#13;
BadMethodCallException: Call to undefined method App\Models\Evento::factory()
&#13;
D:\Ciclo7\github-project\capachica-project\turismo-backend\vendor\laravel\framework\src\Illuminate\Support\Traits\ForwardsCalls.php:67
D:\Ciclo7\github-project\capachica-project\turismo-backend\vendor\laravel\framework\src\Illuminate\Support\Traits\ForwardsCalls.php:36
D:\Ciclo7\github-project\capachica-project\turismo-backend\vendor\laravel\framework\src\Illuminate\Database\Eloquent\Model.php:2449
D:\Ciclo7\github-project\capachica-project\turismo-backend\vendor\laravel\framework\src\Illuminate\Database\Eloquent\Model.php:2465
D:\Ciclo7\github-project\capachica-project\turismo-backend\tests\Unit\Models\EventoTest.php:402</error>
        </testcase>
        <testcase name="puede_convertir_a_json" file="D:\Ciclo7\github-project\capachica-project\turismo-backend\tests\Unit\Models\EventoTest.php" line="423" class="Tests\Unit\Models\EventoTest" classname="Tests.Unit.Models.EventoTest" assertions="0" time="0.104960">
          <error type="BadMethodCallException">Tests\Unit\Models\EventoTest::puede_convertir_a_json&#13;
BadMethodCallException: Call to undefined method App\Models\Evento::factory()
&#13;
D:\Ciclo7\github-project\capachica-project\turismo-backend\vendor\laravel\framework\src\Illuminate\Support\Traits\ForwardsCalls.php:67
D:\Ciclo7\github-project\capachica-project\turismo-backend\vendor\laravel\framework\src\Illuminate\Support\Traits\ForwardsCalls.php:36
D:\Ciclo7\github-project\capachica-project\turismo-backend\vendor\laravel\framework\src\Illuminate\Database\Eloquent\Model.php:2449
D:\Ciclo7\github-project\capachica-project\turismo-backend\vendor\laravel\framework\src\Illuminate\Database\Eloquent\Model.php:2465
D:\Ciclo7\github-project\capachica-project\turismo-backend\tests\Unit\Models\EventoTest.php:426</error>
        </testcase>
        <testcase name="duracion_horas_es_entero_positivo" file="D:\Ciclo7\github-project\capachica-project\turismo-backend\tests\Unit\Models\EventoTest.php" line="442" class="Tests\Unit\Models\EventoTest" classname="Tests.Unit.Models.EventoTest" assertions="0" time="0.099357">
          <error type="BadMethodCallException">Tests\Unit\Models\EventoTest::duracion_horas_es_entero_positivo&#13;
BadMethodCallException: Call to undefined method App\Models\Evento::factory()
&#13;
D:\Ciclo7\github-project\capachica-project\turismo-backend\vendor\laravel\framework\src\Illuminate\Support\Traits\ForwardsCalls.php:67
D:\Ciclo7\github-project\capachica-project\turismo-backend\vendor\laravel\framework\src\Illuminate\Support\Traits\ForwardsCalls.php:36
D:\Ciclo7\github-project\capachica-project\turismo-backend\vendor\laravel\framework\src\Illuminate\Database\Eloquent\Model.php:2449
D:\Ciclo7\github-project\capachica-project\turismo-backend\vendor\laravel\framework\src\Illuminate\Database\Eloquent\Model.php:2465
D:\Ciclo7\github-project\capachica-project\turismo-backend\tests\Unit\Models\EventoTest.php:445</error>
        </testcase>
        <testcase name="puede_cargar_relaciones_eager" file="D:\Ciclo7\github-project\capachica-project\turismo-backend\tests\Unit\Models\EventoTest.php" line="456" class="Tests\Unit\Models\EventoTest" classname="Tests.Unit.Models.EventoTest" assertions="0" time="0.104057">
          <error type="BadMethodCallException">Tests\Unit\Models\EventoTest::puede_cargar_relaciones_eager&#13;
BadMethodCallException: Call to undefined method App\Models\Evento::factory()
&#13;
D:\Ciclo7\github-project\capachica-project\turismo-backend\vendor\laravel\framework\src\Illuminate\Support\Traits\ForwardsCalls.php:67
D:\Ciclo7\github-project\capachica-project\turismo-backend\vendor\laravel\framework\src\Illuminate\Support\Traits\ForwardsCalls.php:36
D:\Ciclo7\github-project\capachica-project\turismo-backend\vendor\laravel\framework\src\Illuminate\Database\Eloquent\Model.php:2449
D:\Ciclo7\github-project\capachica-project\turismo-backend\vendor\laravel\framework\src\Illuminate\Database\Eloquent\Model.php:2465
D:\Ciclo7\github-project\capachica-project\turismo-backend\tests\Unit\Models\EventoTest.php:459</error>
        </testcase>
        <testcase name="puede_filtrar_por_fechas" file="D:\Ciclo7\github-project\capachica-project\turismo-backend\tests\Unit\Models\EventoTest.php" line="476" class="Tests\Unit\Models\EventoTest" classname="Tests.Unit.Models.EventoTest" assertions="0" time="0.103642">
          <error type="BadMethodCallException">Tests\Unit\Models\EventoTest::puede_filtrar_por_fechas&#13;
BadMethodCallException: Call to undefined method App\Models\Evento::factory()
&#13;
D:\Ciclo7\github-project\capachica-project\turismo-backend\vendor\laravel\framework\src\Illuminate\Support\Traits\ForwardsCalls.php:67
D:\Ciclo7\github-project\capachica-project\turismo-backend\vendor\laravel\framework\src\Illuminate\Support\Traits\ForwardsCalls.php:36
D:\Ciclo7\github-project\capachica-project\turismo-backend\vendor\laravel\framework\src\Illuminate\Database\Eloquent\Model.php:2449
D:\Ciclo7\github-project\capachica-project\turismo-backend\vendor\laravel\framework\src\Illuminate\Database\Eloquent\Model.php:2465
D:\Ciclo7\github-project\capachica-project\turismo-backend\tests\Unit\Models\EventoTest.php:483</error>
        </testcase>
        <testcase name="puede_ordenar_por_fecha_de_inicio" file="D:\Ciclo7\github-project\capachica-project\turismo-backend\tests\Unit\Models\EventoTest.php" line="508" class="Tests\Unit\Models\EventoTest" classname="Tests.Unit.Models.EventoTest" assertions="0" time="0.101112">
          <error type="BadMethodCallException">Tests\Unit\Models\EventoTest::puede_ordenar_por_fecha_de_inicio&#13;
BadMethodCallException: Call to undefined method App\Models\Evento::factory()
&#13;
D:\Ciclo7\github-project\capachica-project\turismo-backend\vendor\laravel\framework\src\Illuminate\Support\Traits\ForwardsCalls.php:67
D:\Ciclo7\github-project\capachica-project\turismo-backend\vendor\laravel\framework\src\Illuminate\Support\Traits\ForwardsCalls.php:36
D:\Ciclo7\github-project\capachica-project\turismo-backend\vendor\laravel\framework\src\Illuminate\Database\Eloquent\Model.php:2449
D:\Ciclo7\github-project\capachica-project\turismo-backend\vendor\laravel\framework\src\Illuminate\Database\Eloquent\Model.php:2465
D:\Ciclo7\github-project\capachica-project\turismo-backend\tests\Unit\Models\EventoTest.php:511</error>
        </testcase>
        <testcase name="puede_buscar_por_nombre_parcial" file="D:\Ciclo7\github-project\capachica-project\turismo-backend\tests\Unit\Models\EventoTest.php" line="536" class="Tests\Unit\Models\EventoTest" classname="Tests.Unit.Models.EventoTest" assertions="0" time="0.101579">
          <error type="BadMethodCallException">Tests\Unit\Models\EventoTest::puede_buscar_por_nombre_parcial&#13;
BadMethodCallException: Call to undefined method App\Models\Evento::factory()
&#13;
D:\Ciclo7\github-project\capachica-project\turismo-backend\vendor\laravel\framework\src\Illuminate\Support\Traits\ForwardsCalls.php:67
D:\Ciclo7\github-project\capachica-project\turismo-backend\vendor\laravel\framework\src\Illuminate\Support\Traits\ForwardsCalls.php:36
D:\Ciclo7\github-project\capachica-project\turismo-backend\vendor\laravel\framework\src\Illuminate\Database\Eloquent\Model.php:2449
D:\Ciclo7\github-project\capachica-project\turismo-backend\vendor\laravel\framework\src\Illuminate\Database\Eloquent\Model.php:2465
D:\Ciclo7\github-project\capachica-project\turismo-backend\tests\Unit\Models\EventoTest.php:539</error>
        </testcase>
      </testsuite>
      <testsuite name="Tests\Unit\Models\PlanInscripcionTest" file="D:\Ciclo7\github-project\capachica-project\turismo-backend\tests\Unit\Models\PlanInscripcionTest.php" tests="21" assertions="21" errors="14" failures="0" skipped="0" time="3.293975">
        <testcase name="plan_inscripcion_can_be_created_with_factory" file="D:\Ciclo7\github-project\capachica-project\turismo-backend\tests\Unit\Models\PlanInscripcionTest.php" line="35" class="Tests\Unit\Models\PlanInscripcionTest" classname="Tests.Unit.Models.PlanInscripcionTest" assertions="0" time="0.380171">
          <error type="Illuminate\Database\QueryException">Tests\Unit\Models\PlanInscripcionTest::plan_inscripcion_can_be_created_with_factory&#13;
Illuminate\Database\QueryException: SQLSTATE[23514]: Check violation: 7 ERROR:  el nuevo registro para la relación «plans» viola la restricción «check» «plans_estado_check»
DETAIL:  La fila que falla contiene (2, Experiencia Cultural Capachica, Captura la belleza natural y cultural del Titicaca con guías es..., 7, t, borrador, 16, 2025-07-01 00:09:55, 2025-07-01 00:09:55, 1, Actividades culturales, talleres artesanales, degustaciones, mat..., plans/4a558599-0923-37c9-9d9d-c3873e268e6c.jpg, ["plans\/gallery\/f986112f-be46-38fe-a3ea-5c9ab5a09381.jpg","pla..., 53, 943.12, moderado, Saber nadar, no tener problemas cardíacos, edad entre 16-65 añ..., Ropa abrigada, protector solar factor 50+, gorra, lentes de sol,...). (Connection: pgsql, SQL: insert into "plans" ("nombre", "descripcion", "que_incluye", "capacidad", "duracion_dias", "es_publico", "estado", "creado_por_usuario_id", "emprendedor_id", "precio_total", "dificultad", "requerimientos", "que_llevar", "imagen_principal", "imagenes_galeria", "updated_at", "created_at") values (Experiencia Cultural Capachica, Captura la belleza natural y cultural del Titicaca con guías especializados en fotografía de paisajes. Dolorem est illo iste vero eius sapiente ab quia aliquid accusantium., Actividades culturales, talleres artesanales, degustaciones, materiales incluidos, 7, 1, 1, borrador, 16, 53, 943.12, moderado, Saber nadar, no tener problemas cardíacos, edad entre 16-65 años, Ropa abrigada, protector solar factor 50+, gorra, lentes de sol, cámara fotográfica, plans/4a558599-0923-37c9-9d9d-c3873e268e6c.jpg, ["plans\/gallery\/f986112f-be46-38fe-a3ea-5c9ab5a09381.jpg","plans\/gallery\/be381c9a-677e-3850-bb24-6f3e5b51000a.jpg","plans\/gallery\/bbed077f-aae0-355d-b98a-5840b6b13b6b.jpg","plans\/gallery\/13b0e1bb-f8fd-3061-bab7-df481edc945e.jpg","plans\/gallery\/b41981a7-1a45-3e59-a0aa-b665fb607af5.jpg","plans\/gallery\/30cc66f3-b332-3537-a5ff-45383b7596aa.jpg"], 2025-07-01 00:09:55, 2025-07-01 00:09:55) returning "id")
&#13;
D:\Ciclo7\github-project\capachica-project\turismo-backend\vendor\laravel\framework\src\Illuminate\Database\Connection.php:822
D:\Ciclo7\github-project\capachica-project\turismo-backend\vendor\laravel\framework\src\Illuminate\Database\Connection.php:776
D:\Ciclo7\github-project\capachica-project\turismo-backend\vendor\laravel\framework\src\Illuminate\Database\Connection.php:395
D:\Ciclo7\github-project\capachica-project\turismo-backend\vendor\laravel\framework\src\Illuminate\Database\Connection.php:382
D:\Ciclo7\github-project\capachica-project\turismo-backend\vendor\laravel\framework\src\Illuminate\Database\Query\Processors\PostgresProcessor.php:24
D:\Ciclo7\github-project\capachica-project\turismo-backend\vendor\laravel\framework\src\Illuminate\Database\Query\Builder.php:3769
D:\Ciclo7\github-project\capachica-project\turismo-backend\vendor\laravel\framework\src\Illuminate\Database\Eloquent\Builder.php:2208
D:\Ciclo7\github-project\capachica-project\turismo-backend\vendor\laravel\framework\src\Illuminate\Database\Eloquent\Model.php:1408
D:\Ciclo7\github-project\capachica-project\turismo-backend\vendor\laravel\framework\src\Illuminate\Database\Eloquent\Model.php:1373
D:\Ciclo7\github-project\capachica-project\turismo-backend\vendor\laravel\framework\src\Illuminate\Database\Eloquent\Model.php:1212
D:\Ciclo7\github-project\capachica-project\turismo-backend\vendor\laravel\framework\src\Illuminate\Database\Eloquent\Factories\Factory.php:351
D:\Ciclo7\github-project\capachica-project\turismo-backend\vendor\laravel\framework\src\Illuminate\Collections\Traits\EnumeratesValues.php:274
D:\Ciclo7\github-project\capachica-project\turismo-backend\vendor\laravel\framework\src\Illuminate\Database\Eloquent\Factories\Factory.php:346
D:\Ciclo7\github-project\capachica-project\turismo-backend\vendor\laravel\framework\src\Illuminate\Database\Eloquent\Factories\Factory.php:302
D:\Ciclo7\github-project\capachica-project\turismo-backend\vendor\laravel\framework\src\Illuminate\Database\Eloquent\Factories\Factory.php:497
D:\Ciclo7\github-project\capachica-project\turismo-backend\vendor\laravel\framework\src\Illuminate\Collections\Arr.php:609
D:\Ciclo7\github-project\capachica-project\turismo-backend\vendor\laravel\framework\src\Illuminate\Collections\Collection.php:800
D:\Ciclo7\github-project\capachica-project\turismo-backend\vendor\laravel\framework\src\Illuminate\Database\Eloquent\Factories\Factory.php:492
D:\Ciclo7\github-project\capachica-project\turismo-backend\vendor\laravel\framework\src\Illuminate\Database\Eloquent\Factories\Factory.php:446
D:\Ciclo7\github-project\capachica-project\turismo-backend\vendor\laravel\framework\src\Illuminate\Database\Eloquent\Factories\Factory.php:430
D:\Ciclo7\github-project\capachica-project\turismo-backend\vendor\laravel\framework\src\Illuminate\Database\Eloquent\Concerns\GuardsAttributes.php:155
D:\Ciclo7\github-project\capachica-project\turismo-backend\vendor\laravel\framework\src\Illuminate\Database\Eloquent\Factories\Factory.php:429
D:\Ciclo7\github-project\capachica-project\turismo-backend\vendor\laravel\framework\src\Illuminate\Database\Eloquent\Factories\Factory.php:403
D:\Ciclo7\github-project\capachica-project\turismo-backend\vendor\laravel\framework\src\Illuminate\Database\Eloquent\Factories\Factory.php:299
D:\Ciclo7\github-project\capachica-project\turismo-backend\tests\Unit\Models\PlanInscripcionTest.php:37</error>
        </testcase>
        <testcase name="plan_inscripcion_has_fillable_attributes" file="D:\Ciclo7\github-project\capachica-project\turismo-backend\tests\Unit\Models\PlanInscripcionTest.php" line="46" class="Tests\Unit\Models\PlanInscripcionTest" classname="Tests.Unit.Models.PlanInscripcionTest" assertions="0" time="0.000000">
          <error type="Illuminate\Database\QueryException">Tests\Unit\Models\PlanInscripcionTest::plan_inscripcion_has_fillable_attributes&#13;
Illuminate\Database\QueryException: SQLSTATE[23514]: Check violation: 7 ERROR:  el nuevo registro para la relación «plans» viola la restricción «check» «plans_estado_check»
DETAIL:  La fila que falla contiene (3, Expedición Fotográfica Titicaca, Sumérgete en las tradiciones ancestrales de Capachica con activ..., 16, t, borrador, 18, 2025-07-01 00:09:55, 2025-07-01 00:09:55, 7, Hospedaje 3 noches, todas las comidas, actividades familiares, t..., plans/13ec34c4-c03d-3ac6-aa69-eaa946c8a53c.jpg, ["plans\/gallery\/40da89db-67ca-3679-aa9f-82160f8d692f.jpg","pla..., 54, 200.00, moderado, Saber nadar, no tener problemas cardíacos, edad entre 16-65 añ..., Binoculares, cargador portátil, memoria extra para cámara, lin...). (Connection: pgsql, SQL: insert into "plans" ("nombre", "descripcion", "que_incluye", "capacidad", "duracion_dias", "es_publico", "estado", "creado_por_usuario_id", "emprendedor_id", "precio_total", "dificultad", "requerimientos", "que_llevar", "imagen_principal", "imagenes_galeria", "updated_at", "created_at") values (Expedición Fotográfica Titicaca, Sumérgete en las tradiciones ancestrales de Capachica con actividades auténticas y encuentros comunitarios. Aspernatur aut ipsum dolor quam facere qui totam nobis., Hospedaje 3 noches, todas las comidas, actividades familiares, transporte local, 16, 7, 1, borrador, 18, 54, 200, moderado, Saber nadar, no tener problemas cardíacos, edad entre 16-65 años, Binoculares, cargador portátil, memoria extra para cámara, linterna pequeña, plans/13ec34c4-c03d-3ac6-aa69-eaa946c8a53c.jpg, ["plans\/gallery\/40da89db-67ca-3679-aa9f-82160f8d692f.jpg","plans\/gallery\/42abf650-e2c1-3d7f-bd96-10db7877af45.jpg","plans\/gallery\/cbef9c76-f7d4-3564-9b37-131ab798f985.jpg","plans\/gallery\/27507756-890f-318d-bb31-fccd95d89a64.jpg"], 2025-07-01 00:09:55, 2025-07-01 00:09:55) returning "id")
&#13;
D:\Ciclo7\github-project\capachica-project\turismo-backend\vendor\laravel\framework\src\Illuminate\Database\Connection.php:822
D:\Ciclo7\github-project\capachica-project\turismo-backend\vendor\laravel\framework\src\Illuminate\Database\Connection.php:776
D:\Ciclo7\github-project\capachica-project\turismo-backend\vendor\laravel\framework\src\Illuminate\Database\Connection.php:395
D:\Ciclo7\github-project\capachica-project\turismo-backend\vendor\laravel\framework\src\Illuminate\Database\Connection.php:382
D:\Ciclo7\github-project\capachica-project\turismo-backend\vendor\laravel\framework\src\Illuminate\Database\Query\Processors\PostgresProcessor.php:24
D:\Ciclo7\github-project\capachica-project\turismo-backend\vendor\laravel\framework\src\Illuminate\Database\Query\Builder.php:3769
D:\Ciclo7\github-project\capachica-project\turismo-backend\vendor\laravel\framework\src\Illuminate\Database\Eloquent\Builder.php:2208
D:\Ciclo7\github-project\capachica-project\turismo-backend\vendor\laravel\framework\src\Illuminate\Database\Eloquent\Model.php:1408
D:\Ciclo7\github-project\capachica-project\turismo-backend\vendor\laravel\framework\src\Illuminate\Database\Eloquent\Model.php:1373
D:\Ciclo7\github-project\capachica-project\turismo-backend\vendor\laravel\framework\src\Illuminate\Database\Eloquent\Model.php:1212
D:\Ciclo7\github-project\capachica-project\turismo-backend\vendor\laravel\framework\src\Illuminate\Database\Eloquent\Factories\Factory.php:351
D:\Ciclo7\github-project\capachica-project\turismo-backend\vendor\laravel\framework\src\Illuminate\Collections\Traits\EnumeratesValues.php:274
D:\Ciclo7\github-project\capachica-project\turismo-backend\vendor\laravel\framework\src\Illuminate\Database\Eloquent\Factories\Factory.php:346
D:\Ciclo7\github-project\capachica-project\turismo-backend\vendor\laravel\framework\src\Illuminate\Database\Eloquent\Factories\Factory.php:302
D:\Ciclo7\github-project\capachica-project\turismo-backend\vendor\laravel\framework\src\Illuminate\Database\Eloquent\Factories\Factory.php:296
D:\Ciclo7\github-project\capachica-project\turismo-backend\tests\Unit\Models\PlanInscripcionTest.php:28</error>
        </testcase>
        <testcase name="plan_inscripcion_casts_dates_and_decimal" file="D:\Ciclo7\github-project\capachica-project\turismo-backend\tests\Unit\Models\PlanInscripcionTest.php" line="61" class="Tests\Unit\Models\PlanInscripcionTest" classname="Tests.Unit.Models.PlanInscripcionTest" assertions="4" time="0.164503"/>
        <testcase name="plan_inscripcion_has_plan_relationship" file="D:\Ciclo7\github-project\capachica-project\turismo-backend\tests\Unit\Models\PlanInscripcionTest.php" line="77" class="Tests\Unit\Models\PlanInscripcionTest" classname="Tests.Unit.Models.PlanInscripcionTest" assertions="0" time="0.000000">
          <error type="Illuminate\Database\QueryException">Tests\Unit\Models\PlanInscripcionTest::plan_inscripcion_has_plan_relationship&#13;
Illuminate\Database\QueryException: SQLSTATE[23514]: Check violation: 7 ERROR:  el nuevo registro para la relación «plans» viola la restricción «check» «plans_estado_check»
DETAIL:  La fila que falla contiene (6, Expedición Fotográfica Titicaca, Captura la belleza natural y cultural del Titicaca con guías es..., 16, t, borrador, 24, 2025-07-01 00:09:55, 2025-07-01 00:09:55, 5, Actividades culturales, talleres artesanales, degustaciones, mat..., plans/0b958a41-248d-361b-b723-a319f208fdbf.jpg, ["plans\/gallery\/f9e9c7ca-3a8e-3616-b676-b2d6be6337c4.jpg","pla..., 57, 200.00, facil, Documentos de identidad, ropa abrigada, zapatos cómodos para ca..., Ropa abrigada, protector solar factor 50+, gorra, lentes de sol,...). (Connection: pgsql, SQL: insert into "plans" ("nombre", "descripcion", "que_incluye", "capacidad", "duracion_dias", "es_publico", "estado", "creado_por_usuario_id", "emprendedor_id", "precio_total", "dificultad", "requerimientos", "que_llevar", "imagen_principal", "imagenes_galeria", "updated_at", "created_at") values (Expedición Fotográfica Titicaca, Captura la belleza natural y cultural del Titicaca con guías especializados en fotografía de paisajes. Cupiditate debitis placeat earum rerum animi excepturi vel vitae voluptatem sed adipisci aut placeat inventore., Actividades culturales, talleres artesanales, degustaciones, materiales incluidos, 16, 5, 1, borrador, 24, 57, 200, facil, Documentos de identidad, ropa abrigada, zapatos cómodos para caminar, Ropa abrigada, protector solar factor 50+, gorra, lentes de sol, cámara fotográfica, plans/0b958a41-248d-361b-b723-a319f208fdbf.jpg, ["plans\/gallery\/f9e9c7ca-3a8e-3616-b676-b2d6be6337c4.jpg","plans\/gallery\/4f5a64c7-73b1-3c42-8656-0b115baa30db.jpg","plans\/gallery\/80643243-3974-310c-8e0f-1396f8376b52.jpg","plans\/gallery\/81d24cd4-dabd-3220-938a-7eb46ddfb92c.jpg","plans\/gallery\/fa4c805d-6085-3591-9c32-f0046f8a4201.jpg","plans\/gallery\/4a48b701-25fd-37f3-a9ca-c0ec9cb5fe69.jpg"], 2025-07-01 00:09:55, 2025-07-01 00:09:55) returning "id")
&#13;
D:\Ciclo7\github-project\capachica-project\turismo-backend\vendor\laravel\framework\src\Illuminate\Database\Connection.php:822
D:\Ciclo7\github-project\capachica-project\turismo-backend\vendor\laravel\framework\src\Illuminate\Database\Connection.php:776
D:\Ciclo7\github-project\capachica-project\turismo-backend\vendor\laravel\framework\src\Illuminate\Database\Connection.php:395
D:\Ciclo7\github-project\capachica-project\turismo-backend\vendor\laravel\framework\src\Illuminate\Database\Connection.php:382
D:\Ciclo7\github-project\capachica-project\turismo-backend\vendor\laravel\framework\src\Illuminate\Database\Query\Processors\PostgresProcessor.php:24
D:\Ciclo7\github-project\capachica-project\turismo-backend\vendor\laravel\framework\src\Illuminate\Database\Query\Builder.php:3769
D:\Ciclo7\github-project\capachica-project\turismo-backend\vendor\laravel\framework\src\Illuminate\Database\Eloquent\Builder.php:2208
D:\Ciclo7\github-project\capachica-project\turismo-backend\vendor\laravel\framework\src\Illuminate\Database\Eloquent\Model.php:1408
D:\Ciclo7\github-project\capachica-project\turismo-backend\vendor\laravel\framework\src\Illuminate\Database\Eloquent\Model.php:1373
D:\Ciclo7\github-project\capachica-project\turismo-backend\vendor\laravel\framework\src\Illuminate\Database\Eloquent\Model.php:1212
D:\Ciclo7\github-project\capachica-project\turismo-backend\vendor\laravel\framework\src\Illuminate\Database\Eloquent\Factories\Factory.php:351
D:\Ciclo7\github-project\capachica-project\turismo-backend\vendor\laravel\framework\src\Illuminate\Collections\Traits\EnumeratesValues.php:274
D:\Ciclo7\github-project\capachica-project\turismo-backend\vendor\laravel\framework\src\Illuminate\Database\Eloquent\Factories\Factory.php:346
D:\Ciclo7\github-project\capachica-project\turismo-backend\vendor\laravel\framework\src\Illuminate\Database\Eloquent\Factories\Factory.php:302
D:\Ciclo7\github-project\capachica-project\turismo-backend\vendor\laravel\framework\src\Illuminate\Database\Eloquent\Factories\Factory.php:296
D:\Ciclo7\github-project\capachica-project\turismo-backend\tests\Unit\Models\PlanInscripcionTest.php:28</error>
        </testcase>
        <testcase name="plan_inscripcion_has_user_relationship" file="D:\Ciclo7\github-project\capachica-project\turismo-backend\tests\Unit\Models\PlanInscripcionTest.php" line="88" class="Tests\Unit\Models\PlanInscripcionTest" classname="Tests.Unit.Models.PlanInscripcionTest" assertions="4" time="0.149983"/>
        <testcase name="plan_inscripcion_calculates_precio_total_with_participants" file="D:\Ciclo7\github-project\capachica-project\turismo-backend\tests\Unit\Models\PlanInscripcionTest.php" line="101" class="Tests\Unit\Models\PlanInscripcionTest" classname="Tests.Unit.Models.PlanInscripcionTest" assertions="0" time="0.246373">
          <error type="Illuminate\Database\QueryException">Tests\Unit\Models\PlanInscripcionTest::plan_inscripcion_calculates_precio_total_with_participants&#13;
Illuminate\Database\QueryException: SQLSTATE[23514]: Check violation: 7 ERROR:  el nuevo registro para la relación «plan_inscripciones» viola la restricción «check» «plan_inscripciones_estado_check»
DETAIL:  La fila que falla contiene (3, 9, 30, en_progreso, Rem est ex accusamus eos unde hic ratione voluptatibus. Culpa do..., 2025-07-01 00:09:56, 2025-07-01 00:09:56, 2025-06-27 20:41:26, 2025-07-28 11:25:52, 2025-07-31 11:25:52, Eius molestias at repellat et libero culpa et., null, 3, 334.17, efectivo, null). (Connection: pgsql, SQL: insert into "plan_inscripciones" ("plan_id", "user_id", "estado", "notas", "fecha_inscripcion", "fecha_inicio_plan", "fecha_fin_plan", "notas_usuario", "requerimientos_especiales", "numero_participantes", "precio_pagado", "metodo_pago", "comentarios_adicionales", "updated_at", "created_at") values (9, 30, en_progreso, Rem est ex accusamus eos unde hic ratione voluptatibus. Culpa dolor voluptatem adipisci libero beatae labore consequatur. Earum qui sunt vero aut. Esse assumenda adipisci autem praesentium dolores et., 2025-06-27 20:41:26, 2025-07-28 11:25:52, 2025-07-31 11:25:52, Eius molestias at repellat et libero culpa et., ?, 3, 334.17, efectivo, ?, 2025-07-01 00:09:56, 2025-07-01 00:09:56) returning "id")
&#13;
D:\Ciclo7\github-project\capachica-project\turismo-backend\vendor\laravel\framework\src\Illuminate\Database\Connection.php:822
D:\Ciclo7\github-project\capachica-project\turismo-backend\vendor\laravel\framework\src\Illuminate\Database\Connection.php:776
D:\Ciclo7\github-project\capachica-project\turismo-backend\vendor\laravel\framework\src\Illuminate\Database\Connection.php:395
D:\Ciclo7\github-project\capachica-project\turismo-backend\vendor\laravel\framework\src\Illuminate\Database\Connection.php:382
D:\Ciclo7\github-project\capachica-project\turismo-backend\vendor\laravel\framework\src\Illuminate\Database\Query\Processors\PostgresProcessor.php:24
D:\Ciclo7\github-project\capachica-project\turismo-backend\vendor\laravel\framework\src\Illuminate\Database\Query\Builder.php:3769
D:\Ciclo7\github-project\capachica-project\turismo-backend\vendor\laravel\framework\src\Illuminate\Database\Eloquent\Builder.php:2208
D:\Ciclo7\github-project\capachica-project\turismo-backend\vendor\laravel\framework\src\Illuminate\Database\Eloquent\Model.php:1408
D:\Ciclo7\github-project\capachica-project\turismo-backend\vendor\laravel\framework\src\Illuminate\Database\Eloquent\Model.php:1373
D:\Ciclo7\github-project\capachica-project\turismo-backend\vendor\laravel\framework\src\Illuminate\Database\Eloquent\Model.php:1212
D:\Ciclo7\github-project\capachica-project\turismo-backend\vendor\laravel\framework\src\Illuminate\Database\Eloquent\Factories\Factory.php:351
D:\Ciclo7\github-project\capachica-project\turismo-backend\vendor\laravel\framework\src\Illuminate\Collections\Traits\EnumeratesValues.php:274
D:\Ciclo7\github-project\capachica-project\turismo-backend\vendor\laravel\framework\src\Illuminate\Database\Eloquent\Factories\Factory.php:346
D:\Ciclo7\github-project\capachica-project\turismo-backend\vendor\laravel\framework\src\Illuminate\Database\Eloquent\Factories\Factory.php:302
D:\Ciclo7\github-project\capachica-project\turismo-backend\vendor\laravel\framework\src\Illuminate\Database\Eloquent\Factories\Factory.php:296
D:\Ciclo7\github-project\capachica-project\turismo-backend\tests\Unit\Models\PlanInscripcionTest.php:103</error>
        </testcase>
        <testcase name="plan_inscripcion_esta_activa_with_confirmed_status" file="D:\Ciclo7\github-project\capachica-project\turismo-backend\tests\Unit\Models\PlanInscripcionTest.php" line="114" class="Tests\Unit\Models\PlanInscripcionTest" classname="Tests.Unit.Models.PlanInscripcionTest" assertions="0" time="0.186295">
          <error type="Illuminate\Database\QueryException">Tests\Unit\Models\PlanInscripcionTest::plan_inscripcion_esta_activa_with_confirmed_status&#13;
Illuminate\Database\QueryException: SQLSTATE[23514]: Check violation: 7 ERROR:  el nuevo registro para la relación «plan_inscripciones» viola la restricción «check» «plan_inscripciones_estado_check»
DETAIL:  La fila que falla contiene (5, 12, 36, en_progreso, Non rerum repellendus sed. Cum amet dolorem labore iusto unde eu..., 2025-07-01 00:09:56, 2025-07-01 00:09:56, 2025-06-25 17:13:48, 2025-06-26 03:18:58, 2025-07-05 19:51:58, null, Voluptatibus reprehenderit ut totam. Facere dolorem minus ipsam ..., 2, 256.14, plin, Commodi eos est aut sequi dolores iure autem repudiandae. At ass...). (Connection: pgsql, SQL: insert into "plan_inscripciones" ("plan_id", "user_id", "estado", "notas", "fecha_inscripcion", "fecha_inicio_plan", "fecha_fin_plan", "notas_usuario", "requerimientos_especiales", "numero_participantes", "precio_pagado", "metodo_pago", "comentarios_adicionales", "updated_at", "created_at") values (12, 36, en_progreso, Non rerum repellendus sed. Cum amet dolorem labore iusto unde eum. Expedita dolores nostrum quia. Magnam sit dolor ex maiores quia., 2025-06-25 17:13:48, 2025-06-26 03:18:58, 2025-07-05 19:51:58, ?, Voluptatibus reprehenderit ut totam. Facere dolorem minus ipsam dignissimos., 2, 256.14, plin, Commodi eos est aut sequi dolores iure autem repudiandae. At assumenda quod culpa animi porro omnis. Autem corrupti et magni et aspernatur voluptas. Iusto similique et et excepturi. Quae debitis culpa sit rerum odio unde. Aliquam necessitatibus dolores voluptas est corporis facere expedita., 2025-07-01 00:09:56, 2025-07-01 00:09:56) returning "id")
&#13;
D:\Ciclo7\github-project\capachica-project\turismo-backend\vendor\laravel\framework\src\Illuminate\Database\Connection.php:822
D:\Ciclo7\github-project\capachica-project\turismo-backend\vendor\laravel\framework\src\Illuminate\Database\Connection.php:776
D:\Ciclo7\github-project\capachica-project\turismo-backend\vendor\laravel\framework\src\Illuminate\Database\Connection.php:395
D:\Ciclo7\github-project\capachica-project\turismo-backend\vendor\laravel\framework\src\Illuminate\Database\Connection.php:382
D:\Ciclo7\github-project\capachica-project\turismo-backend\vendor\laravel\framework\src\Illuminate\Database\Query\Processors\PostgresProcessor.php:24
D:\Ciclo7\github-project\capachica-project\turismo-backend\vendor\laravel\framework\src\Illuminate\Database\Query\Builder.php:3769
D:\Ciclo7\github-project\capachica-project\turismo-backend\vendor\laravel\framework\src\Illuminate\Database\Eloquent\Builder.php:2208
D:\Ciclo7\github-project\capachica-project\turismo-backend\vendor\laravel\framework\src\Illuminate\Database\Eloquent\Model.php:1408
D:\Ciclo7\github-project\capachica-project\turismo-backend\vendor\laravel\framework\src\Illuminate\Database\Eloquent\Model.php:1373
D:\Ciclo7\github-project\capachica-project\turismo-backend\vendor\laravel\framework\src\Illuminate\Database\Eloquent\Model.php:1212
D:\Ciclo7\github-project\capachica-project\turismo-backend\vendor\laravel\framework\src\Illuminate\Database\Eloquent\Factories\Factory.php:351
D:\Ciclo7\github-project\capachica-project\turismo-backend\vendor\laravel\framework\src\Illuminate\Collections\Traits\EnumeratesValues.php:274
D:\Ciclo7\github-project\capachica-project\turismo-backend\vendor\laravel\framework\src\Illuminate\Database\Eloquent\Factories\Factory.php:346
D:\Ciclo7\github-project\capachica-project\turismo-backend\vendor\laravel\framework\src\Illuminate\Database\Eloquent\Factories\Factory.php:302
D:\Ciclo7\github-project\capachica-project\turismo-backend\tests\Unit\Models\PlanInscripcionTest.php:117</error>
        </testcase>
        <testcase name="plan_inscripcion_puede_ser_cancelada_when_pending" file="D:\Ciclo7\github-project\capachica-project\turismo-backend\tests\Unit\Models\PlanInscripcionTest.php" line="126" class="Tests\Unit\Models\PlanInscripcionTest" classname="Tests.Unit.Models.PlanInscripcionTest" assertions="1" time="0.147465"/>
        <testcase name="plan_inscripcion_cannot_be_cancelled_when_started" file="D:\Ciclo7\github-project\capachica-project\turismo-backend\tests\Unit\Models\PlanInscripcionTest.php" line="136" class="Tests\Unit\Models\PlanInscripcionTest" classname="Tests.Unit.Models.PlanInscripcionTest" assertions="0" time="0.000000">
          <error type="Illuminate\Database\QueryException">Tests\Unit\Models\PlanInscripcionTest::plan_inscripcion_cannot_be_cancelled_when_started&#13;
Illuminate\Database\QueryException: SQLSTATE[23514]: Check violation: 7 ERROR:  el nuevo registro para la relación «plans» viola la restricción «check» «plans_estado_check»
DETAIL:  La fila que falla contiene (15, Circuito Artesanal Tradicional, Aventura de múltiples días navegando por las islas más hermos..., 20, t, borrador, 42, 2025-07-01 00:09:56, 2025-07-01 00:09:56, 5, Actividades culturales, talleres artesanales, degustaciones, mat..., plans/53aba616-4b7e-3aa2-881c-8601fe0a21fd.jpg, ["plans\/gallery\/b701e1a8-f4fe-3c7c-8ea8-e27e02b1b328.jpg","pla..., 66, 200.00, moderado, Documentos de identidad, ropa abrigada, zapatos cómodos para ca..., Zapatos antideslizantes, mochila pequeña, botella de agua, snac...). (Connection: pgsql, SQL: insert into "plans" ("nombre", "descripcion", "que_incluye", "capacidad", "duracion_dias", "es_publico", "estado", "creado_por_usuario_id", "emprendedor_id", "precio_total", "dificultad", "requerimientos", "que_llevar", "imagen_principal", "imagenes_galeria", "updated_at", "created_at") values (Circuito Artesanal Tradicional, Aventura de múltiples días navegando por las islas más hermosas del lago navegable más alto del mundo. Minus ea qui officia velit officia possimus qui et consequatur earum iure quaerat temporibus nostrum nam., Actividades culturales, talleres artesanales, degustaciones, materiales incluidos, 20, 5, 1, borrador, 42, 66, 200, moderado, Documentos de identidad, ropa abrigada, zapatos cómodos para caminar, Zapatos antideslizantes, mochila pequeña, botella de agua, snacks personales, plans/53aba616-4b7e-3aa2-881c-8601fe0a21fd.jpg, ["plans\/gallery\/b701e1a8-f4fe-3c7c-8ea8-e27e02b1b328.jpg","plans\/gallery\/11fc9357-f8ab-375f-a8f9-6a951b393033.jpg","plans\/gallery\/4f0ab9bc-7aa5-3304-a423-baf33d564572.jpg","plans\/gallery\/ea5cc86e-44ab-30e8-9531-ca4ed8cc979f.jpg","plans\/gallery\/87521d49-9662-3e4e-84d9-b1313270a9de.jpg"], 2025-07-01 00:09:56, 2025-07-01 00:09:56) returning "id")
&#13;
D:\Ciclo7\github-project\capachica-project\turismo-backend\vendor\laravel\framework\src\Illuminate\Database\Connection.php:822
D:\Ciclo7\github-project\capachica-project\turismo-backend\vendor\laravel\framework\src\Illuminate\Database\Connection.php:776
D:\Ciclo7\github-project\capachica-project\turismo-backend\vendor\laravel\framework\src\Illuminate\Database\Connection.php:395
D:\Ciclo7\github-project\capachica-project\turismo-backend\vendor\laravel\framework\src\Illuminate\Database\Connection.php:382
D:\Ciclo7\github-project\capachica-project\turismo-backend\vendor\laravel\framework\src\Illuminate\Database\Query\Processors\PostgresProcessor.php:24
D:\Ciclo7\github-project\capachica-project\turismo-backend\vendor\laravel\framework\src\Illuminate\Database\Query\Builder.php:3769
D:\Ciclo7\github-project\capachica-project\turismo-backend\vendor\laravel\framework\src\Illuminate\Database\Eloquent\Builder.php:2208
D:\Ciclo7\github-project\capachica-project\turismo-backend\vendor\laravel\framework\src\Illuminate\Database\Eloquent\Model.php:1408
D:\Ciclo7\github-project\capachica-project\turismo-backend\vendor\laravel\framework\src\Illuminate\Database\Eloquent\Model.php:1373
D:\Ciclo7\github-project\capachica-project\turismo-backend\vendor\laravel\framework\src\Illuminate\Database\Eloquent\Model.php:1212
D:\Ciclo7\github-project\capachica-project\turismo-backend\vendor\laravel\framework\src\Illuminate\Database\Eloquent\Factories\Factory.php:351
D:\Ciclo7\github-project\capachica-project\turismo-backend\vendor\laravel\framework\src\Illuminate\Collections\Traits\EnumeratesValues.php:274
D:\Ciclo7\github-project\capachica-project\turismo-backend\vendor\laravel\framework\src\Illuminate\Database\Eloquent\Factories\Factory.php:346
D:\Ciclo7\github-project\capachica-project\turismo-backend\vendor\laravel\framework\src\Illuminate\Database\Eloquent\Factories\Factory.php:302
D:\Ciclo7\github-project\capachica-project\turismo-backend\vendor\laravel\framework\src\Illuminate\Database\Eloquent\Factories\Factory.php:296
D:\Ciclo7\github-project\capachica-project\turismo-backend\tests\Unit\Models\PlanInscripcionTest.php:28</error>
        </testcase>
        <testcase name="plan_inscripcion_cannot_be_cancelled_when_completed" file="D:\Ciclo7\github-project\capachica-project\turismo-backend\tests\Unit\Models\PlanInscripcionTest.php" line="146" class="Tests\Unit\Models\PlanInscripcionTest" classname="Tests.Unit.Models.PlanInscripcionTest" assertions="0" time="0.165668">
          <error type="Illuminate\Database\QueryException">Tests\Unit\Models\PlanInscripcionTest::plan_inscripcion_cannot_be_cancelled_when_completed&#13;
Illuminate\Database\QueryException: SQLSTATE[23514]: Check violation: 7 ERROR:  el nuevo registro para la relación «plans» viola la restricción «check» «plans_estado_check»
DETAIL:  La fila que falla contiene (17, Aventura Completa en el Titicaca, Explora los sabores únicos del altiplano en una experiencia gas..., 17, t, borrador, 45, 2025-07-01 00:09:56, 2025-07-01 00:09:56, 6, Transporte ida y vuelta, guía especializado, todas las comidas,..., plans/abb70abf-da34-328f-8915-5e236643235a.jpg, ["plans\/gallery\/1a6bde9e-94b6-3fa1-89ee-d73b0039f92a.jpg","pla..., 68, 385.65, dificil, Saber nadar, no tener problemas cardíacos, edad entre 16-65 añ..., Binoculares, cargador portátil, memoria extra para cámara, lin...). (Connection: pgsql, SQL: insert into "plans" ("nombre", "descripcion", "que_incluye", "capacidad", "duracion_dias", "es_publico", "estado", "creado_por_usuario_id", "emprendedor_id", "precio_total", "dificultad", "requerimientos", "que_llevar", "imagen_principal", "imagenes_galeria", "updated_at", "created_at") values (Aventura Completa en el Titicaca, Explora los sabores únicos del altiplano en una experiencia gastronómica que incluye productos locales y técnicas tradicionales. Odio velit reprehenderit sunt quia sit eveniet laboriosam impedit dolor distinctio qui., Transporte ida y vuelta, guía especializado, todas las comidas, hospedaje en casas locales, 17, 6, 1, borrador, 45, 68, 385.65, dificil, Saber nadar, no tener problemas cardíacos, edad entre 16-65 años, Binoculares, cargador portátil, memoria extra para cámara, linterna pequeña, plans/abb70abf-da34-328f-8915-5e236643235a.jpg, ["plans\/gallery\/1a6bde9e-94b6-3fa1-89ee-d73b0039f92a.jpg","plans\/gallery\/34b7d20c-b226-3c32-a169-95e052598c16.jpg"], 2025-07-01 00:09:56, 2025-07-01 00:09:56) returning "id")
&#13;
D:\Ciclo7\github-project\capachica-project\turismo-backend\vendor\laravel\framework\src\Illuminate\Database\Connection.php:822
D:\Ciclo7\github-project\capachica-project\turismo-backend\vendor\laravel\framework\src\Illuminate\Database\Connection.php:776
[...]
#19 D:\Ciclo7\github-project\capachica-project\turismo-backend\vendor\laravel\framework\src\Illuminate\Foundation\Http\Middleware\TransformsRequest.php(21): Illuminate\Pipeline\Pipeline-&gt;{closure:Illuminate\Pipeline\Pipeline::prepareDestination():167}()
#20 D:\Ciclo7\github-project\capachica-project\turismo-backend\vendor\laravel\framework\src\Illuminate\Foundation\Http\Middleware\ConvertEmptyStringsToNull.php(31): Illuminate\Foundation\Http\Middleware\TransformsRequest-&gt;handle()
#21 D:\Ciclo7\github-project\capachica-project\turismo-backend\vendor\laravel\framework\src\Illuminate\Pipeline\Pipeline.php(208): Illuminate\Foundation\Http\Middleware\ConvertEmptyStringsToNull-&gt;handle()
#22 D:\Ciclo7\github-project\capachica-project\turismo-backend\vendor\laravel\framework\src\Illuminate\Foundation\Http\Middleware\TransformsRequest.php(21): Illuminate\Pipeline\Pipeline-&gt;{closure:{closure:Illuminate\Pipeline\Pipeline::carry():183}:184}()
#23 D:\Ciclo7\github-project\capachica-project\turismo-backend\vendor\laravel\framework\src\Illuminate\Foundation\Http\Middleware\TrimStrings.php(51): Illuminate\Foundation\Http\Middleware\TransformsRequest-&gt;handle()
#24 D:\Ciclo7\github-project\capachica-project\turismo-backend\vendor\laravel\framework\src\Illuminate\Pipeline\Pipeline.php(208): Illuminate\Foundation\Http\Middleware\TrimStrings-&gt;handle()
#25 D:\Ciclo7\github-project\capachica-project\turismo-backend\vendor\laravel\framework\src\Illuminate\Http\Middleware\ValidatePostSize.php(27): Illuminate\Pipeline\Pipeline-&gt;{closure:{closure:Illuminate\Pipeline\Pipeline::carry():183}:184}()
#26 D:\Ciclo7\github-project\capachica-project\turismo-backend\vendor\laravel\framework\src\Illuminate\Pipeline\Pipeline.php(208): Illuminate\Http\Middleware\ValidatePostSize-&gt;handle()
#27 D:\Ciclo7\github-project\capachica-project\turismo-backend\vendor\laravel\framework\src\Illuminate\Foundation\Http\Middleware\PreventRequestsDuringMaintenance.php(109): Illuminate\Pipeline\Pipeline-&gt;{closure:{closure:Illuminate\Pipeline\Pipeline::carry():183}:184}()
#28 D:\Ciclo7\github-project\capachica-project\turismo-backend\vendor\laravel\framework\src\Illuminate\Pipeline\Pipeline.php(208): Illuminate\Foundation\Http\Middleware\PreventRequestsDuringMaintenance-&gt;handle()
#29 D:\Ciclo7\github-project\capachica-project\turismo-backend\vendor\laravel\framework\src\Illuminate\Http\Middleware\HandleCors.php(61): Illuminate\Pipeline\Pipeline-&gt;{closure:{closure:Illuminate\Pipeline\Pipeline::carry():183}:184}()
#30 D:\Ciclo7\github-project\capachica-project\turismo-backend\vendor\laravel\framework\src\Illuminate\Pipeline\Pipeline.php(208): Illuminate\Http\Middleware\HandleCors-&gt;handle()
#31 D:\Ciclo7\github-project\capachica-project\turismo-backend\vendor\laravel\framework\src\Illuminate\Http\Middleware\TrustProxies.php(58): Illuminate\Pipeline\Pipeline-&gt;{closure:{closure:Illuminate\Pipeline\Pipeline::carry():183}:184}()
#32 D:\Ciclo7\github-project\capachica-project\turismo-backend\vendor\laravel\framework\src\Illuminate\Pipeline\Pipeline.php(208): Illuminate\Http\Middleware\TrustProxies-&gt;handle()
#33 D:\Ciclo7\github-project\capachica-project\turismo-backend\vendor\laravel\framework\src\Illuminate\Foundation\Http\Middleware\InvokeDeferredCallbacks.php(22): Illuminate\Pipeline\Pipeline-&gt;{closure:{closure:Illuminate\Pipeline\Pipeline::carry():183}:184}()
#34 D:\Ciclo7\github-project\capachica-project\turismo-backend\vendor\laravel\framework\src\Illuminate\Pipeline\Pipeline.php(208): Illuminate\Foundation\Http\Middleware\InvokeDeferredCallbacks-&gt;handle()
#35 D:\Ciclo7\github-project\capachica-project\turismo-backend\vendor\laravel\framework\src\Illuminate\Http\Middleware\ValidatePathEncoding.php(26): Illuminate\Pipeline\Pipeline-&gt;{closure:{closure:Illuminate\Pipeline\Pipeline::carry():183}:184}()
#36 D:\Ciclo7\github-project\capachica-project\turismo-backend\vendor\laravel\framework\src\Illuminate\Pipeline\Pipeline.php(208): Illuminate\Http\Middleware\ValidatePathEncoding-&gt;handle()
#37 D:\Ciclo7\github-project\capachica-project\turismo-backend\vendor\laravel\framework\src\Illuminate\Pipeline\Pipeline.php(126): Illuminate\Pipeline\Pipeline-&gt;{closure:{closure:Illuminate\Pipeline\Pipeline::carry():183}:184}()
#38 D:\Ciclo7\github-project\capachica-project\turismo-backend\vendor\laravel\framework\src\Illuminate\Foundation\Http\Kernel.php(175): Illuminate\Pipeline\Pipeline-&gt;then()
#39 D:\Ciclo7\github-project\capachica-project\turismo-backend\vendor\laravel\framework\src\Illuminate\Foundation\Http\Kernel.php(144): Illuminate\Foundation\Http\Kernel-&gt;sendRequestThroughRouter()
#40 D:\Ciclo7\github-project\capachica-project\turismo-backend\vendor\laravel\framework\src\Illuminate\Foundation\Testing\Concerns\MakesHttpRequests.php(607): Illuminate\Foundation\Http\Kernel-&gt;handle()
#41 D:\Ciclo7\github-project\capachica-project\turismo-backend\vendor\laravel\framework\src\Illuminate\Foundation\Testing\Concerns\MakesHttpRequests.php(573): Illuminate\Foundation\Testing\TestCase-&gt;call()
#42 D:\Ciclo7\github-project\capachica-project\turismo-backend\vendor\laravel\framework\src\Illuminate\Foundation\Testing\Concerns\MakesHttpRequests.php(381): Illuminate\Foundation\Testing\TestCase-&gt;json()
#43 D:\Ciclo7\github-project\capachica-project\turismo-backend\tests\Feature\Controllers\ReservaControllerTest.php(635): Illuminate\Foundation\Testing\TestCase-&gt;getJson()
#44 D:\Ciclo7\github-project\capachica-project\turismo-backend\vendor\phpunit\phpunit\src\Framework\TestCase.php(1656): Tests\Feature\Controllers\ReservaControllerTest-&gt;maneja_errores_de_servidor_correctamente()
#45 D:\Ciclo7\github-project\capachica-project\turismo-backend\vendor\phpunit\phpunit\src\Framework\TestCase.php(514): PHPUnit\Framework\TestCase-&gt;runTest()
#46 D:\Ciclo7\github-project\capachica-project\turismo-backend\vendor\phpunit\phpunit\src\Framework\TestRunner\TestRunner.php(87): PHPUnit\Framework\TestCase-&gt;runBare()
#47 D:\Ciclo7\github-project\capachica-project\turismo-backend\vendor\phpunit\phpunit\src\Framework\TestCase.php(361): PHPUnit\Framework\TestRunner-&gt;run()
#48 D:\Ciclo7\github-project\capachica-project\turismo-backend\vendor\phpunit\phpunit\src\Framework\TestSuite.php(369): PHPUnit\Framework\TestCase-&gt;run()
#49 D:\Ciclo7\github-project\capachica-project\turismo-backend\vendor\phpunit\phpunit\src\Framework\TestSuite.php(369): PHPUnit\Framework\TestSuite-&gt;run()
#50 D:\Ciclo7\github-project\capachica-project\turismo-backend\vendor\phpunit\phpunit\src\Framework\TestSuite.php(369): PHPUnit\Framework\TestSuite-&gt;run()
#51 D:\Ciclo7\github-project\capachica-project\turismo-backend\vendor\phpunit\phpunit\src\TextUI\TestRunner.php(64): PHPUnit\Framework\TestSuite-&gt;run()
#52 D:\Ciclo7\github-project\capachica-project\turismo-backend\vendor\phpunit\phpunit\src\TextUI\Application.php(210): PHPUnit\TextUI\TestRunner-&gt;run()
#53 D:\Ciclo7\github-project\capachica-project\turismo-backend\vendor\phpunit\phpunit\phpunit(104): PHPUnit\TextUI\Application-&gt;run()
#54 {main}

----------------------------------------------------------------------------------

App\Http\Controllers\API\Reservas\ReservaController::show(): Argument #1 ($id) must be of type int, string given, called in D:\Ciclo7\github-project\capachica-project\turismo-backend\vendor\laravel\framework\src\Illuminate\Routing\ControllerDispatcher.php on line 46
&#13;
D:\Ciclo7\github-project\capachica-project\turismo-backend\vendor\laravel\framework\src\Illuminate\Testing\TestResponseAssert.php:45
D:\Ciclo7\github-project\capachica-project\turismo-backend\vendor\laravel\framework\src\Illuminate\Testing\TestResponse.php:159
D:\Ciclo7\github-project\capachica-project\turismo-backend\tests\Feature\Controllers\ReservaControllerTest.php:638</failure>
        </testcase>
        <testcase name="requiere_autenticacion_para_todas_las_operaciones" file="D:\Ciclo7\github-project\capachica-project\turismo-backend\tests\Feature\Controllers\ReservaControllerTest.php" line="642" class="Tests\Feature\Controllers\ReservaControllerTest" classname="Tests.Feature.Controllers.ReservaControllerTest" assertions="5" time="0.213222"/>
        <testcase name="puede_crear_reserva_con_servicios_de_diferentes_tipos" file="D:\Ciclo7\github-project\capachica-project\turismo-backend\tests\Feature\Controllers\ReservaControllerTest.php" line="653" class="Tests\Feature\Controllers\ReservaControllerTest" classname="Tests.Feature.Controllers.ReservaControllerTest" assertions="2" time="0.228895"/>
      </testsuite>
      <testsuite name="Tests\Feature\Controllers\ServicioControllerTest" file="D:\Ciclo7\github-project\capachica-project\turismo-backend\tests\Feature\Controllers\ServicioControllerTest.php" tests="20" assertions="111" errors="0" failures="5" skipped="0" time="4.668062">
        <testcase name="puede_listar_todos_los_servicios" file="D:\Ciclo7\github-project\capachica-project\turismo-backend\tests\Feature\Controllers\ServicioControllerTest.php" line="74" class="Tests\Feature\Controllers\ServicioControllerTest" classname="Tests.Feature.Controllers.ServicioControllerTest" assertions="69" time="0.325312"/>
        <testcase name="puede_mostrar_un_servicio_especifico" file="D:\Ciclo7\github-project\capachica-project\turismo-backend\tests\Feature\Controllers\ServicioControllerTest.php" line="115" class="Tests\Feature\Controllers\ServicioControllerTest" classname="Tests.Feature.Controllers.ServicioControllerTest" assertions="2" time="0.200729"/>
        <testcase name="retorna_404_cuando_servicio_no_existe" file="D:\Ciclo7\github-project\capachica-project\turismo-backend\tests\Feature\Controllers\ServicioControllerTest.php" line="138" class="Tests\Feature\Controllers\ServicioControllerTest" classname="Tests.Feature.Controllers.ServicioControllerTest" assertions="2" time="0.195184"/>
        <testcase name="admin_puede_crear_nuevo_servicio" file="D:\Ciclo7\github-project\capachica-project\turismo-backend\tests\Feature\Controllers\ServicioControllerTest.php" line="152" class="Tests\Feature\Controllers\ServicioControllerTest" classname="Tests.Feature.Controllers.ServicioControllerTest" assertions="3" time="0.225267"/>
        <testcase name="usuario_normal_no_puede_crear_servicio" file="D:\Ciclo7\github-project\capachica-project\turismo-backend\tests\Feature\Controllers\ServicioControllerTest.php" line="190" class="Tests\Feature\Controllers\ServicioControllerTest" classname="Tests.Feature.Controllers.ServicioControllerTest" assertions="1" time="0.315740">
          <failure type="PHPUnit\Framework\ExpectationFailedException">Tests\Feature\Controllers\ServicioControllerTest::usuario_normal_no_puede_crear_servicio&#13;
Expected response status code [403] but received 201.
Failed asserting that 201 is identical to 403.
&#13;
D:\Ciclo7\github-project\capachica-project\turismo-backend\vendor\laravel\framework\src\Illuminate\Testing\TestResponseAssert.php:45
D:\Ciclo7\github-project\capachica-project\turismo-backend\vendor\laravel\framework\src\Illuminate\Testing\TestResponse.php:159
D:\Ciclo7\github-project\capachica-project\turismo-backend\tests\Feature\Controllers\ServicioControllerTest.php:205</failure>
        </testcase>
        <testcase name="usuario_no_autenticado_no_puede_crear_servicio" file="D:\Ciclo7\github-project\capachica-project\turismo-backend\tests\Feature\Controllers\ServicioControllerTest.php" line="209" class="Tests\Feature\Controllers\ServicioControllerTest" classname="Tests.Feature.Controllers.ServicioControllerTest" assertions="1" time="0.182357"/>
        <testcase name="falla_validacion_al_crear_servicio_sin_datos_requeridos" file="D:\Ciclo7\github-project\capachica-project\turismo-backend\tests\Feature\Controllers\ServicioControllerTest.php" line="226" class="Tests\Feature\Controllers\ServicioControllerTest" classname="Tests.Feature.Controllers.ServicioControllerTest" assertions="1" time="0.191121"/>
        <testcase name="admin_puede_actualizar_servicio_existente" file="D:\Ciclo7\github-project\capachica-project\turismo-backend\tests\Feature\Controllers\ServicioControllerTest.php" line="244" class="Tests\Feature\Controllers\ServicioControllerTest" classname="Tests.Feature.Controllers.ServicioControllerTest" assertions="1" time="0.301750">
          <failure type="PHPUnit\Framework\ExpectationFailedException">Tests\Feature\Controllers\ServicioControllerTest::admin_puede_actualizar_servicio_existente&#13;
Expected response status code [200] but received 422.
Failed asserting that 422 is identical to 200.&#13;
&#13;
The following errors occurred during the last request:

{
    "success": false,
    "message": "Error de validación",
    "errors": {
        "emprendedor_id": [
            "Debe seleccionar un emprendedor"
        ]
    }
}
&#13;
D:\Ciclo7\github-project\capachica-project\turismo-backend\vendor\laravel\framework\src\Illuminate\Testing\TestResponseAssert.php:45
D:\Ciclo7\github-project\capachica-project\turismo-backend\vendor\laravel\framework\src\Illuminate\Testing\TestResponse.php:159
D:\Ciclo7\github-project\capachica-project\turismo-backend\tests\Feature\Controllers\ServicioControllerTest.php:263</failure>
        </testcase>
        <testcase name="retorna_404_al_actualizar_servicio_inexistente" file="D:\Ciclo7\github-project\capachica-project\turismo-backend\tests\Feature\Controllers\ServicioControllerTest.php" line="278" class="Tests\Feature\Controllers\ServicioControllerTest" classname="Tests.Feature.Controllers.ServicioControllerTest" assertions="1" time="0.191937">
          <failure type="PHPUnit\Framework\ExpectationFailedException">Tests\Feature\Controllers\ServicioControllerTest::retorna_404_al_actualizar_servicio_inexistente&#13;
Expected response status code [404] but received 422.
Failed asserting that 422 is identical to 404.&#13;
&#13;
The following errors occurred during the last request:

{
    "success": false,
    "message": "Error de validación",
    "errors": {
        "emprendedor_id": [
            "Debe seleccionar un emprendedor"
        ]
    }
}
&#13;
D:\Ciclo7\github-project\capachica-project\turismo-backend\vendor\laravel\framework\src\Illuminate\Testing\TestResponseAssert.php:45
D:\Ciclo7\github-project\capachica-project\turismo-backend\vendor\laravel\framework\src\Illuminate\Testing\TestResponse.php:159
D:\Ciclo7\github-project\capachica-project\turismo-backend\tests\Feature\Controllers\ServicioControllerTest.php:291</failure>
        </testcase>
        <testcase name="admin_puede_eliminar_servicio_existente" file="D:\Ciclo7\github-project\capachica-project\turismo-backend\tests\Feature\Controllers\ServicioControllerTest.php" line="299" class="Tests\Feature\Controllers\ServicioControllerTest" classname="Tests.Feature.Controllers.ServicioControllerTest" assertions="3" time="0.219114"/>
        <testcase name="puede_obtener_servicios_por_emprendedor" file="D:\Ciclo7\github-project\capachica-project\turismo-backend\tests\Feature\Controllers\ServicioControllerTest.php" line="324" class="Tests\Feature\Controllers\ServicioControllerTest" classname="Tests.Feature.Controllers.ServicioControllerTest" assertions="6" time="0.223953"/>
        <testcase name="puede_obtener_servicios_por_categoria" file="D:\Ciclo7\github-project\capachica-project\turismo-backend\tests\Feature\Controllers\ServicioControllerTest.php" line="355" class="Tests\Feature\Controllers\ServicioControllerTest" classname="Tests.Feature.Controllers.ServicioControllerTest" assertions="3" time="0.349140"/>
        <testcase name="puede_obtener_servicios_por_ubicacion" file="D:\Ciclo7\github-project\capachica-project\turismo-backend\tests\Feature\Controllers\ServicioControllerTest.php" line="388" class="Tests\Feature\Controllers\ServicioControllerTest" classname="Tests.Feature.Controllers.ServicioControllerTest" assertions="4" time="0.202527"/>
        <testcase name="puede_verificar_disponibilidad_de_servicio" file="D:\Ciclo7\github-project\capachica-project\turismo-backend\tests\Feature\Controllers\ServicioControllerTest.php" line="419" class="Tests\Feature\Controllers\ServicioControllerTest" classname="Tests.Feature.Controllers.ServicioControllerTest" assertions="3" time="0.207413"/>
        <testcase name="falla_validacion_ubicacion_con_parametros_invalidos" file="D:\Ciclo7\github-project\capachica-project\turismo-backend\tests\Feature\Controllers\ServicioControllerTest.php" line="438" class="Tests\Feature\Controllers\ServicioControllerTest" classname="Tests.Feature.Controllers.ServicioControllerTest" assertions="2" time="0.184434"/>
        <testcase name="falla_validacion_disponibilidad_con_parametros_invalidos" file="D:\Ciclo7\github-project\capachica-project\turismo-backend\tests\Feature\Controllers\ServicioControllerTest.php" line="451" class="Tests\Feature\Controllers\ServicioControllerTest" classname="Tests.Feature.Controllers.ServicioControllerTest" assertions="2" time="0.215501"/>
        <testcase name="precio_referencial_se_almacena_correctamente" file="D:\Ciclo7\github-project\capachica-project\turismo-backend\tests\Feature\Controllers\ServicioControllerTest.php" line="464" class="Tests\Feature\Controllers\ServicioControllerTest" classname="Tests.Feature.Controllers.ServicioControllerTest" assertions="2" time="0.205496"/>
        <testcase name="estado_se_convierte_a_booleano" file="D:\Ciclo7\github-project\capachica-project\turismo-backend\tests\Feature\Controllers\ServicioControllerTest.php" line="489" class="Tests\Feature\Controllers\ServicioControllerTest" classname="Tests.Feature.Controllers.ServicioControllerTest" assertions="1" time="0.186886">
          <failure type="PHPUnit\Framework\ExpectationFailedException">Tests\Feature\Controllers\ServicioControllerTest::estado_se_convierte_a_booleano&#13;
Expected response status code [200] but received 422.
Failed asserting that 422 is identical to 200.&#13;
&#13;
The following errors occurred during the last request:

{
    "success": false,
    "message": "Error de validación",
    "errors": {
        "nombre": [
            "El nombre del servicio es obligatorio"
        ],
        "emprendedor_id": [
            "Debe seleccionar un emprendedor"
        ]
    }
}
&#13;
D:\Ciclo7\github-project\capachica-project\turismo-backend\vendor\laravel\framework\src\Illuminate\Testing\TestResponseAssert.php:45
D:\Ciclo7\github-project\capachica-project\turismo-backend\vendor\laravel\framework\src\Illuminate\Testing\TestResponse.php:159
D:\Ciclo7\github-project\capachica-project\turismo-backend\tests\Feature\Controllers\ServicioControllerTest.php:507</failure>
        </testcase>
        <testcase name="coordenadas_se_almacenan_como_decimal" file="D:\Ciclo7\github-project\capachica-project\turismo-backend\tests\Feature\Controllers\ServicioControllerTest.php" line="515" class="Tests\Feature\Controllers\ServicioControllerTest" classname="Tests.Feature.Controllers.ServicioControllerTest" assertions="2" time="0.210732">
          <failure type="PHPUnit\Framework\ExpectationFailedException">Tests\Feature\Controllers\ServicioControllerTest::coordenadas_se_almacenan_como_decimal&#13;
Failed asserting that '-15.8422123' is of type float.
&#13;
D:\Ciclo7\github-project\capachica-project\turismo-backend\tests\Feature\Controllers\ServicioControllerTest.php:536</failure>
        </testcase>
        <testcase name="puede_crear_servicio_con_categorias_multiples" file="D:\Ciclo7\github-project\capachica-project\turismo-backend\tests\Feature\Controllers\ServicioControllerTest.php" line="541" class="Tests\Feature\Controllers\ServicioControllerTest" classname="Tests.Feature.Controllers.ServicioControllerTest" assertions="2" time="0.333469"/>
      </testsuite>
    </testsuite>
  </testsuite>
</testsuites>
