<?xml version="1.0" encoding="UTF-8"?>
<testsuites>
  <testsuite name="D:\Ciclo7\github-project\capachica-project\turismo-backend\phpunit.xml" tests="485" assertions="777" errors="261" failures="13" skipped="0" time="59.123317">
    <testsuite name="Unit" tests="347" assertions="403" errors="208" failures="0" skipped="0" time="33.231625">
      <testsuite name="Tests\Unit\ExampleTest" file="D:\Ciclo7\github-project\capachica-project\turismo-backend\tests\Unit\ExampleTest.php" tests="1" assertions="1" errors="0" failures="0" skipped="0" time="0.088937">
        <testcase name="test_that_true_is_true" file="D:\Ciclo7\github-project\capachica-project\turismo-backend\tests\Unit\ExampleTest.php" line="12" class="Tests\Unit\ExampleTest" classname="Tests.Unit.ExampleTest" assertions="1" time="0.088937"/>
      </testsuite>
      <testsuite name="Tests\Unit\Models\AsociacionTest" file="D:\Ciclo7\github-project\capachica-project\turismo-backend\tests\Unit\Models\AsociacionTest.php" tests="20" assertions="56" errors="0" failures="0" skipped="0" time="2.796770">
        <testcase name="puede_crear_asociacion_con_datos_validos" file="D:\Ciclo7\github-project\capachica-project\turismo-backend\tests\Unit\Models\AsociacionTest.php" line="27" class="Tests\Unit\Models\AsociacionTest" classname="Tests.Unit.Models.AsociacionTest" assertions="5" time="1.089315"/>
        <testcase name="fillable_permite_campos_correctos" file="D:\Ciclo7\github-project\capachica-project\turismo-backend\tests\Unit\Models\AsociacionTest.php" line="52" class="Tests\Unit\Models\AsociacionTest" classname="Tests.Unit.Models.AsociacionTest" assertions="3" time="0.082122"/>
        <testcase name="casts_convierte_tipos_correctamente" file="D:\Ciclo7\github-project\capachica-project\turismo-backend\tests\Unit\Models\AsociacionTest.php" line="77" class="Tests\Unit\Models\AsociacionTest" classname="Tests.Unit.Models.AsociacionTest" assertions="6" time="0.086019"/>
        <testcase name="relacion_municipalidad_funciona_correctamente" file="D:\Ciclo7\github-project\capachica-project\turismo-backend\tests\Unit\Models\AsociacionTest.php" line="97" class="Tests\Unit\Models\AsociacionTest" classname="Tests.Unit.Models.AsociacionTest" assertions="3" time="0.090881"/>
        <testcase name="relacion_emprendedores_funciona_correctamente" file="D:\Ciclo7\github-project\capachica-project\turismo-backend\tests\Unit\Models\AsociacionTest.php" line="114" class="Tests\Unit\Models\AsociacionTest" classname="Tests.Unit.Models.AsociacionTest" assertions="4" time="0.145651"/>
        <testcase name="imagen_url_attribute_retorna_null_cuando_no_hay_imagen" file="D:\Ciclo7\github-project\capachica-project\turismo-backend\tests\Unit\Models\AsociacionTest.php" line="138" class="Tests\Unit\Models\AsociacionTest" classname="Tests.Unit.Models.AsociacionTest" assertions="1" time="0.086904"/>
        <testcase name="imagen_url_attribute_retorna_url_completa_si_es_url_externa" file="D:\Ciclo7\github-project\capachica-project\turismo-backend\tests\Unit\Models\AsociacionTest.php" line="154" class="Tests\Unit\Models\AsociacionTest" classname="Tests.Unit.Models.AsociacionTest" assertions="1" time="0.085907"/>
        <testcase name="appends_incluye_imagen_url_en_array" file="D:\Ciclo7\github-project\capachica-project\turismo-backend\tests\Unit\Models\AsociacionTest.php" line="171" class="Tests\Unit\Models\AsociacionTest" classname="Tests.Unit.Models.AsociacionTest" assertions="1" time="0.090219"/>
        <testcase name="appends_incluye_imagen_url_en_json" file="D:\Ciclo7\github-project\capachica-project\turismo-backend\tests\Unit\Models\AsociacionTest.php" line="187" class="Tests\Unit\Models\AsociacionTest" classname="Tests.Unit.Models.AsociacionTest" assertions="1" time="0.087827"/>
        <testcase name="tabla_correcta_es_utilizada" file="D:\Ciclo7\github-project\capachica-project\turismo-backend\tests\Unit\Models\AsociacionTest.php" line="204" class="Tests\Unit\Models\AsociacionTest" classname="Tests.Unit.Models.AsociacionTest" assertions="1" time="0.082792"/>
        <testcase name="primary_key_es_id_por_defecto" file="D:\Ciclo7\github-project\capachica-project\turismo-backend\tests\Unit\Models\AsociacionTest.php" line="217" class="Tests\Unit\Models\AsociacionTest" classname="Tests.Unit.Models.AsociacionTest" assertions="1" time="0.085261"/>
        <testcase name="timestamps_estan_habilitados" file="D:\Ciclo7\github-project\capachica-project\turismo-backend\tests\Unit\Models\AsociacionTest.php" line="230" class="Tests\Unit\Models\AsociacionTest" classname="Tests.Unit.Models.AsociacionTest" assertions="1" time="0.084526"/>
        <testcase name="puede_actualizar_campos_individuales" file="D:\Ciclo7\github-project\capachica-project\turismo-backend\tests\Unit\Models\AsociacionTest.php" line="243" class="Tests\Unit\Models\AsociacionTest" classname="Tests.Unit.Models.AsociacionTest" assertions="1" time="0.088792"/>
        <testcase name="puede_eliminar_asociacion" file="D:\Ciclo7\github-project\capachica-project\turismo-backend\tests\Unit\Models\AsociacionTest.php" line="259" class="Tests\Unit\Models\AsociacionTest" classname="Tests.Unit.Models.AsociacionTest" assertions="2" time="0.087372"/>
        <testcase name="scope_queries_funcionan_correctamente" file="D:\Ciclo7\github-project\capachica-project\turismo-backend\tests\Unit\Models\AsociacionTest.php" line="276" class="Tests\Unit\Models\AsociacionTest" classname="Tests.Unit.Models.AsociacionTest" assertions="4" time="0.089465"/>
        <testcase name="maneja_valores_nulos_correctamente" file="D:\Ciclo7\github-project\capachica-project\turismo-backend\tests\Unit\Models\AsociacionTest.php" line="301" class="Tests\Unit\Models\AsociacionTest" classname="Tests.Unit.Models.AsociacionTest" assertions="7" time="0.083056"/>
        <testcase name="validacion_email_formato_en_base_de_datos" file="D:\Ciclo7\github-project\capachica-project\turismo-backend\tests\Unit\Models\AsociacionTest.php" line="325" class="Tests\Unit\Models\AsociacionTest" classname="Tests.Unit.Models.AsociacionTest" assertions="2" time="0.085350"/>
        <testcase name="coordenadas_se_almacenan_como_float" file="D:\Ciclo7\github-project\capachica-project\turismo-backend\tests\Unit\Models\AsociacionTest.php" line="339" class="Tests\Unit\Models\AsociacionTest" classname="Tests.Unit.Models.AsociacionTest" assertions="4" time="0.084467"/>
        <testcase name="estado_se_almacena_como_boolean" file="D:\Ciclo7\github-project\capachica-project\turismo-backend\tests\Unit\Models\AsociacionTest.php" line="356" class="Tests\Unit\Models\AsociacionTest" classname="Tests.Unit.Models.AsociacionTest" assertions="4" time="0.090104"/>
        <testcase name="created_at_y_updated_at_se_establecen_automaticamente" file="D:\Ciclo7\github-project\capachica-project\turismo-backend\tests\Unit\Models\AsociacionTest.php" line="377" class="Tests\Unit\Models\AsociacionTest" classname="Tests.Unit.Models.AsociacionTest" assertions="4" time="0.090741"/>
      </testsuite>
      <testsuite name="Tests\Unit\Models\CategoriaTest" file="D:\Ciclo7\github-project\capachica-project\turismo-backend\tests\Unit\Models\CategoriaTest.php" tests="19" assertions="45" errors="0" failures="0" skipped="0" time="1.865630">
        <testcase name="puede_crear_categoria_con_datos_validos" file="D:\Ciclo7\github-project\capachica-project\turismo-backend\tests\Unit\Models\CategoriaTest.php" line="17" class="Tests\Unit\Models\CategoriaTest" classname="Tests.Unit.Models.CategoriaTest" assertions="5" time="0.125030"/>
        <testcase name="fillable_permite_campos_correctos" file="D:\Ciclo7\github-project\capachica-project\turismo-backend\tests\Unit\Models\CategoriaTest.php" line="38" class="Tests\Unit\Models\CategoriaTest" classname="Tests.Unit.Models.CategoriaTest" assertions="4" time="0.079008"/>
        <testcase name="relacion_servicios_existe_y_es_many_to_many" file="D:\Ciclo7\github-project\capachica-project\turismo-backend\tests\Unit\Models\CategoriaTest.php" line="60" class="Tests\Unit\Models\CategoriaTest" classname="Tests.Unit.Models.CategoriaTest" assertions="3" time="0.206503"/>
        <testcase name="puede_acceder_a_servicios_relacionados" file="D:\Ciclo7\github-project\capachica-project\turismo-backend\tests\Unit\Models\CategoriaTest.php" line="75" class="Tests\Unit\Models\CategoriaTest" classname="Tests.Unit.Models.CategoriaTest" assertions="2" time="0.105859"/>
        <testcase name="relacion_servicios_incluye_timestamps" file="D:\Ciclo7\github-project\capachica-project\turismo-backend\tests\Unit\Models\CategoriaTest.php" line="89" class="Tests\Unit\Models\CategoriaTest" classname="Tests.Unit.Models.CategoriaTest" assertions="1" time="0.088085"/>
        <testcase name="tabla_correcta_es_utilizada" file="D:\Ciclo7\github-project\capachica-project\turismo-backend\tests\Unit\Models\CategoriaTest.php" line="102" class="Tests\Unit\Models\CategoriaTest" classname="Tests.Unit.Models.CategoriaTest" assertions="1" time="0.079238"/>
        <testcase name="primary_key_es_id_por_defecto" file="D:\Ciclo7\github-project\capachica-project\turismo-backend\tests\Unit\Models\CategoriaTest.php" line="115" class="Tests\Unit\Models\CategoriaTest" classname="Tests.Unit.Models.CategoriaTest" assertions="1" time="0.074677"/>
        <testcase name="timestamps_estan_habilitados" file="D:\Ciclo7\github-project\capachica-project\turismo-backend\tests\Unit\Models\CategoriaTest.php" line="128" class="Tests\Unit\Models\CategoriaTest" classname="Tests.Unit.Models.CategoriaTest" assertions="1" time="0.093052"/>
        <testcase name="puede_actualizar_campos_individuales" file="D:\Ciclo7\github-project\capachica-project\turismo-backend\tests\Unit\Models\CategoriaTest.php" line="141" class="Tests\Unit\Models\CategoriaTest" classname="Tests.Unit.Models.CategoriaTest" assertions="1" time="0.137859"/>
        <testcase name="puede_eliminar_categoria" file="D:\Ciclo7\github-project\capachica-project\turismo-backend\tests\Unit\Models\CategoriaTest.php" line="156" class="Tests\Unit\Models\CategoriaTest" classname="Tests.Unit.Models.CategoriaTest" assertions="2" time="0.095230"/>
        <testcase name="eliminar_categoria_funciona_correctamente" file="D:\Ciclo7\github-project\capachica-project\turismo-backend\tests\Unit\Models\CategoriaTest.php" line="171" class="Tests\Unit\Models\CategoriaTest" classname="Tests.Unit.Models.CategoriaTest" assertions="1" time="0.087479"/>
        <testcase name="puede_buscar_categorias_por_nombre" file="D:\Ciclo7\github-project\capachica-project\turismo-backend\tests\Unit\Models\CategoriaTest.php" line="185" class="Tests\Unit\Models\CategoriaTest" classname="Tests.Unit.Models.CategoriaTest" assertions="2" time="0.086686"/>
        <testcase name="maneja_valores_nulos_correctamente" file="D:\Ciclo7\github-project\capachica-project\turismo-backend\tests\Unit\Models\CategoriaTest.php" line="201" class="Tests\Unit\Models\CategoriaTest" classname="Tests.Unit.Models.CategoriaTest" assertions="3" time="0.083125"/>
        <testcase name="created_at_y_updated_at_se_establecen_automaticamente" file="D:\Ciclo7\github-project\capachica-project\turismo-backend\tests\Unit\Models\CategoriaTest.php" line="217" class="Tests\Unit\Models\CategoriaTest" classname="Tests.Unit.Models.CategoriaTest" assertions="4" time="0.083512"/>
        <testcase name="puede_obtener_cantidad_de_servicios_asociados" file="D:\Ciclo7\github-project\capachica-project\turismo-backend\tests\Unit\Models\CategoriaTest.php" line="230" class="Tests\Unit\Models\CategoriaTest" classname="Tests.Unit.Models.CategoriaTest" assertions="1" time="0.093254"/>
        <testcase name="puede_verificar_si_tiene_servicios_asociados" file="D:\Ciclo7\github-project\capachica-project\turismo-backend\tests\Unit\Models\CategoriaTest.php" line="243" class="Tests\Unit\Models\CategoriaTest" classname="Tests.Unit.Models.CategoriaTest" assertions="1" time="0.083045"/>
        <testcase name="nombre_es_requerido_para_creacion" file="D:\Ciclo7\github-project\capachica-project\turismo-backend\tests\Unit\Models\CategoriaTest.php" line="253" class="Tests\Unit\Models\CategoriaTest" classname="Tests.Unit.Models.CategoriaTest" assertions="1" time="0.084066"/>
        <testcase name="puede_convertir_a_array" file="D:\Ciclo7\github-project\capachica-project\turismo-backend\tests\Unit\Models\CategoriaTest.php" line="264" class="Tests\Unit\Models\CategoriaTest" classname="Tests.Unit.Models.CategoriaTest" assertions="7" time="0.086759"/>
        <testcase name="puede_convertir_a_json" file="D:\Ciclo7\github-project\capachica-project\turismo-backend\tests\Unit\Models\CategoriaTest.php" line="287" class="Tests\Unit\Models\CategoriaTest" classname="Tests.Unit.Models.CategoriaTest" assertions="4" time="0.093162"/>
      </testsuite>
      <testsuite name="Tests\Unit\Models\EmprendedorTest" file="D:\Ciclo7\github-project\capachica-project\turismo-backend\tests\Unit\Models\EmprendedorTest.php" tests="26" assertions="87" errors="3" failures="0" skipped="0" time="3.054091">
        <testcase name="puede_crear_emprendedor_con_datos_validos" file="D:\Ciclo7\github-project\capachica-project\turismo-backend\tests\Unit\Models\EmprendedorTest.php" line="33" class="Tests\Unit\Models\EmprendedorTest" classname="Tests.Unit.Models.EmprendedorTest" assertions="6" time="0.122563"/>
        <testcase name="fillable_permite_campos_correctos" file="D:\Ciclo7\github-project\capachica-project\turismo-backend\tests\Unit\Models\EmprendedorTest.php" line="73" class="Tests\Unit\Models\EmprendedorTest" classname="Tests.Unit.Models.EmprendedorTest" assertions="4" time="0.091924"/>
        <testcase name="casts_convierte_tipos_correctamente" file="D:\Ciclo7\github-project\capachica-project\turismo-backend\tests\Unit\Models\EmprendedorTest.php" line="96" class="Tests\Unit\Models\EmprendedorTest" classname="Tests.Unit.Models.EmprendedorTest" assertions="9" time="0.094512"/>
        <testcase name="relacion_asociacion_funciona_correctamente" file="D:\Ciclo7\github-project\capachica-project\turismo-backend\tests\Unit\Models\EmprendedorTest.php" line="125" class="Tests\Unit\Models\EmprendedorTest" classname="Tests.Unit.Models.EmprendedorTest" assertions="3" time="0.096478"/>
        <testcase name="relacion_administradores_funciona_correctamente" file="D:\Ciclo7\github-project\capachica-project\turismo-backend\tests\Unit\Models\EmprendedorTest.php" line="142" class="Tests\Unit\Models\EmprendedorTest" classname="Tests.Unit.Models.EmprendedorTest" assertions="4" time="0.253322"/>
        <testcase name="relacion_administradores_incluye_timestamps_y_pivot" file="D:\Ciclo7\github-project\capachica-project\turismo-backend\tests\Unit\Models\EmprendedorTest.php" line="171" class="Tests\Unit\Models\EmprendedorTest" classname="Tests.Unit.Models.EmprendedorTest" assertions="4" time="0.106260"/>
        <testcase name="puede_obtener_administrador_principal" file="D:\Ciclo7\github-project\capachica-project\turismo-backend\tests\Unit\Models\EmprendedorTest.php" line="196" class="Tests\Unit\Models\EmprendedorTest" classname="Tests.Unit.Models.EmprendedorTest" assertions="2" time="0.111416"/>
        <testcase name="relacion_servicios_funciona_correctamente" file="D:\Ciclo7\github-project\capachica-project\turismo-backend\tests\Unit\Models\EmprendedorTest.php" line="220" class="Tests\Unit\Models\EmprendedorTest" classname="Tests.Unit.Models.EmprendedorTest" assertions="0" time="0.110218">
          <error type="Illuminate\Database\QueryException">Tests\Unit\Models\EmprendedorTest::relacion_servicios_funciona_correctamente&#13;
Illuminate\Database\QueryException: SQLSTATE[23502]: Not null violation: 7 ERROR:  el valor nulo en la columna «nombre» de la relación «servicios» viola la restricción de no nulo
DETAIL:  La fila que falla contiene (1, null, null, null, 10, t, 2025-06-30 19:58:06, 2025-06-30 19:58:06, 1, null, null, null). (Connection: pgsql, SQL: insert into "servicios" ("emprendedor_id", "updated_at", "created_at") values (10, 2025-06-30 19:58:06, 2025-06-30 19:58:06) returning "id")
&#13;
D:\Ciclo7\github-project\capachica-project\turismo-backend\vendor\laravel\framework\src\Illuminate\Database\Connection.php:822
D:\Ciclo7\github-project\capachica-project\turismo-backend\vendor\laravel\framework\src\Illuminate\Database\Connection.php:776
D:\Ciclo7\github-project\capachica-project\turismo-backend\vendor\laravel\framework\src\Illuminate\Database\Connection.php:395
D:\Ciclo7\github-project\capachica-project\turismo-backend\vendor\laravel\framework\src\Illuminate\Database\Connection.php:382
D:\Ciclo7\github-project\capachica-project\turismo-backend\vendor\laravel\framework\src\Illuminate\Database\Query\Processors\PostgresProcessor.php:24
D:\Ciclo7\github-project\capachica-project\turismo-backend\vendor\laravel\framework\src\Illuminate\Database\Query\Builder.php:3769
D:\Ciclo7\github-project\capachica-project\turismo-backend\vendor\laravel\framework\src\Illuminate\Database\Eloquent\Builder.php:2208
D:\Ciclo7\github-project\capachica-project\turismo-backend\vendor\laravel\framework\src\Illuminate\Database\Eloquent\Model.php:1408
D:\Ciclo7\github-project\capachica-project\turismo-backend\vendor\laravel\framework\src\Illuminate\Database\Eloquent\Model.php:1373
D:\Ciclo7\github-project\capachica-project\turismo-backend\vendor\laravel\framework\src\Illuminate\Database\Eloquent\Model.php:1212
D:\Ciclo7\github-project\capachica-project\turismo-backend\vendor\laravel\framework\src\Illuminate\Database\Eloquent\Factories\Factory.php:351
D:\Ciclo7\github-project\capachica-project\turismo-backend\vendor\laravel\framework\src\Illuminate\Collections\Traits\EnumeratesValues.php:274
D:\Ciclo7\github-project\capachica-project\turismo-backend\vendor\laravel\framework\src\Illuminate\Database\Eloquent\Factories\Factory.php:346
D:\Ciclo7\github-project\capachica-project\turismo-backend\vendor\laravel\framework\src\Illuminate\Database\Eloquent\Factories\Factory.php:306
D:\Ciclo7\github-project\capachica-project\turismo-backend\vendor\laravel\framework\src\Illuminate\Database\Eloquent\Factories\Factory.php:296
D:\Ciclo7\github-project\capachica-project\turismo-backend\tests\Unit\Models\EmprendedorTest.php:227</error>
        </testcase>
        <testcase name="relacion_sliders_existe_y_funciona" file="D:\Ciclo7\github-project\capachica-project\turismo-backend\tests\Unit\Models\EmprendedorTest.php" line="244" class="Tests\Unit\Models\EmprendedorTest" classname="Tests.Unit.Models.EmprendedorTest" assertions="2" time="0.098122"/>
        <testcase name="relacion_sliders_principales_filtra_correctamente" file="D:\Ciclo7\github-project\capachica-project\turismo-backend\tests\Unit\Models\EmprendedorTest.php" line="260" class="Tests\Unit\Models\EmprendedorTest" classname="Tests.Unit.Models.EmprendedorTest" assertions="1" time="0.096422">
          <error type="Exception">Tests\Unit\Models\EmprendedorTest::relacion_sliders_principales_filtra_correctamente&#13;
Exception: Property [wheres] does not exist on the Eloquent builder instance.
&#13;
D:\Ciclo7\github-project\capachica-project\turismo-backend\vendor\laravel\framework\src\Illuminate\Database\Eloquent\Builder.php:2169
D:\Ciclo7\github-project\capachica-project\turismo-backend\tests\Unit\Models\EmprendedorTest.php:275</error>
        </testcase>
        <testcase name="tabla_correcta_es_utilizada" file="D:\Ciclo7\github-project\capachica-project\turismo-backend\tests\Unit\Models\EmprendedorTest.php" line="288" class="Tests\Unit\Models\EmprendedorTest" classname="Tests.Unit.Models.EmprendedorTest" assertions="1" time="0.086912"/>
        <testcase name="primary_key_es_id_por_defecto" file="D:\Ciclo7\github-project\capachica-project\turismo-backend\tests\Unit\Models\EmprendedorTest.php" line="301" class="Tests\Unit\Models\EmprendedorTest" classname="Tests.Unit.Models.EmprendedorTest" assertions="1" time="0.084858"/>
        <testcase name="timestamps_estan_habilitados" file="D:\Ciclo7\github-project\capachica-project\turismo-backend\tests\Unit\Models\EmprendedorTest.php" line="314" class="Tests\Unit\Models\EmprendedorTest" classname="Tests.Unit.Models.EmprendedorTest" assertions="1" time="0.091099"/>
        <testcase name="puede_actualizar_campos_individuales" file="D:\Ciclo7\github-project\capachica-project\turismo-backend\tests\Unit\Models\EmprendedorTest.php" line="327" class="Tests\Unit\Models\EmprendedorTest" classname="Tests.Unit.Models.EmprendedorTest" assertions="2" time="0.100578"/>
        <testcase name="puede_eliminar_emprendedor" file="D:\Ciclo7\github-project\capachica-project\turismo-backend\tests\Unit\Models\EmprendedorTest.php" line="348" class="Tests\Unit\Models\EmprendedorTest" classname="Tests.Unit.Models.EmprendedorTest" assertions="2" time="0.100513"/>
        <testcase name="maneja_valores_nulos_correctamente" file="D:\Ciclo7\github-project\capachica-project\turismo-backend\tests\Unit\Models\EmprendedorTest.php" line="365" class="Tests\Unit\Models\EmprendedorTest" classname="Tests.Unit.Models.EmprendedorTest" assertions="0" time="0.097352">
          <error type="Illuminate\Database\QueryException">Tests\Unit\Models\EmprendedorTest::maneja_valores_nulos_correctamente&#13;
Illuminate\Database\QueryException: SQLSTATE[23502]: Not null violation: 7 ERROR:  el valor nulo en la columna «descripcion» de la relación «emprendedores» viola la restricción de no nulo
DETAIL:  La fila que falla contiene (15, Hegmann, Romaguera and Emard SRL, Guía turístico, null, null, null, null, null, Lunes a Viernes: 8:00 AM - 6:00 PM, S/ 500 - S/ 1000, ["efectivo","tarjeta_credito"], 68, 9, null, ["https:\/\/via.placeholder.com\/800x600.png\/007700?text=busine..., Entretenimiento, ["CALTUR","DIRCETUR"], ["espa\u00f1ol","ingl\u00e9s","franc\u00e9s"], ["transporte_publico"], t, t, 2025-06-30 19:58:07, 2025-06-30 19:58:07, 34). (Connection: pgsql, SQL: insert into "emprendedores" ("nombre", "tipo_servicio", "descripcion", "ubicacion", "telefono", "email", "pagina_web", "horario_atencion", "precio_rango", "metodos_pago", "capacidad_aforo", "numero_personas_atiende", "comentarios_resenas", "imagenes", "categoria", "certificaciones", "idiomas_hablados", "opciones_acceso", "facilidades_discapacidad", "asociacion_id", "estado", "updated_at", "created_at") values (Hegmann, Romaguera and Emard SRL, Guía turístico, ?, ?, ?, ?, ?, Lunes a Viernes: 8:00 AM - 6:00 PM, S/ 500 - S/ 1000, ["efectivo","tarjeta_credito"], 68, 9, ?, ["https:\/\/via.placeholder.com\/800x600.png\/007700?text=business+emprendimiento+sed","https:\/\/via.placeholder.com\/800x600.png\/00dd44?text=business+emprendimiento+et","https:\/\/via.placeholder.com\/800x600.png\/005544?text=business+emprendimiento+magnam"], Entretenimiento, ["CALTUR","DIRCETUR"], ["espa\u00f1ol","ingl\u00e9s","franc\u00e9s"], ["transporte_publico"], 1, 34, 1, 2025-06-30 19:58:07, 2025-06-30 19:58:07) returning "id")
&#13;
D:\Ciclo7\github-project\capachica-project\turismo-backend\vendor\laravel\framework\src\Illuminate\Database\Connection.php:822
D:\Ciclo7\github-project\capachica-project\turismo-backend\vendor\laravel\framework\src\Illuminate\Database\Connection.php:776
D:\Ciclo7\github-project\capachica-project\turismo-backend\vendor\laravel\framework\src\Illuminate\Database\Connection.php:395
D:\Ciclo7\github-project\capachica-project\turismo-backend\vendor\laravel\framework\src\Illuminate\Database\Connection.php:382
D:\Ciclo7\github-project\capachica-project\turismo-backend\vendor\laravel\framework\src\Illuminate\Database\Query\Processors\PostgresProcessor.php:24
D:\Ciclo7\github-project\capachica-project\turismo-backend\vendor\laravel\framework\src\Illuminate\Database\Query\Builder.php:3769
D:\Ciclo7\github-project\capachica-project\turismo-backend\vendor\laravel\framework\src\Illuminate\Database\Eloquent\Builder.php:2208
D:\Ciclo7\github-project\capachica-project\turismo-backend\vendor\laravel\framework\src\Illuminate\Database\Eloquent\Model.php:1408
D:\Ciclo7\github-project\capachica-project\turismo-backend\vendor\laravel\framework\src\Illuminate\Database\Eloquent\Model.php:1373
D:\Ciclo7\github-project\capachica-project\turismo-backend\vendor\laravel\framework\src\Illuminate\Database\Eloquent\Model.php:1212
D:\Ciclo7\github-project\capachica-project\turismo-backend\vendor\laravel\framework\src\Illuminate\Database\Eloquent\Factories\Factory.php:351
D:\Ciclo7\github-project\capachica-project\turismo-backend\vendor\laravel\framework\src\Illuminate\Collections\Traits\EnumeratesValues.php:274
D:\Ciclo7\github-project\capachica-project\turismo-backend\vendor\laravel\framework\src\Illuminate\Database\Eloquent\Factories\Factory.php:346
D:\Ciclo7\github-project\capachica-project\turismo-backend\vendor\laravel\framework\src\Illuminate\Database\Eloquent\Factories\Factory.php:302
D:\Ciclo7\github-project\capachica-project\turismo-backend\vendor\laravel\framework\src\Illuminate\Database\Eloquent\Factories\Factory.php:296
D:\Ciclo7\github-project\capachica-project\turismo-backend\tests\Unit\Models\EmprendedorTest.php:368</error>
        </testcase>
        <testcase name="created_at_y_updated_at_se_establecen_automaticamente" file="D:\Ciclo7\github-project\capachica-project\turismo-backend\tests\Unit\Models\EmprendedorTest.php" line="388" class="Tests\Unit\Models\EmprendedorTest" classname="Tests.Unit.Models.EmprendedorTest" assertions="4" time="0.092940"/>
        <testcase name="arrays_se_almacenan_correctamente" file="D:\Ciclo7\github-project\capachica-project\turismo-backend\tests\Unit\Models\EmprendedorTest.php" line="403" class="Tests\Unit\Models\EmprendedorTest" classname="Tests.Unit.Models.EmprendedorTest" assertions="5" time="0.208608"/>
        <testcase name="facilidades_discapacidad_se_almacena_como_boolean" file="D:\Ciclo7\github-project\capachica-project\turismo-backend\tests\Unit\Models\EmprendedorTest.php" line="424" class="Tests\Unit\Models\EmprendedorTest" classname="Tests.Unit.Models.EmprendedorTest" assertions="4" time="0.096360"/>
        <testcase name="estado_se_almacena_como_boolean" file="D:\Ciclo7\github-project\capachica-project\turismo-backend\tests\Unit\Models\EmprendedorTest.php" line="445" class="Tests\Unit\Models\EmprendedorTest" classname="Tests.Unit.Models.EmprendedorTest" assertions="4" time="0.096456"/>
        <testcase name="puede_convertir_a_array" file="D:\Ciclo7\github-project\capachica-project\turismo-backend\tests\Unit\Models\EmprendedorTest.php" line="466" class="Tests\Unit\Models\EmprendedorTest" classname="Tests.Unit.Models.EmprendedorTest" assertions="9" time="0.090662"/>
        <testcase name="puede_convertir_a_json" file="D:\Ciclo7\github-project\capachica-project\turismo-backend\tests\Unit\Models\EmprendedorTest.php" line="489" class="Tests\Unit\Models\EmprendedorTest" classname="Tests.Unit.Models.EmprendedorTest" assertions="5" time="0.095133"/>
        <testcase name="capacidad_aforo_es_entero_positivo" file="D:\Ciclo7\github-project\capachica-project\turismo-backend\tests\Unit\Models\EmprendedorTest.php" line="509" class="Tests\Unit\Models\EmprendedorTest" classname="Tests.Unit.Models.EmprendedorTest" assertions="2" time="0.194947"/>
        <testcase name="numero_personas_atiende_es_entero_positivo" file="D:\Ciclo7\github-project\capachica-project\turismo-backend\tests\Unit\Models\EmprendedorTest.php" line="523" class="Tests\Unit\Models\EmprendedorTest" classname="Tests.Unit.Models.EmprendedorTest" assertions="2" time="0.196159"/>
        <testcase name="puede_asociar_y_desasociar_administradores" file="D:\Ciclo7\github-project\capachica-project\turismo-backend\tests\Unit\Models\EmprendedorTest.php" line="537" class="Tests\Unit\Models\EmprendedorTest" classname="Tests.Unit.Models.EmprendedorTest" assertions="4" time="0.113565"/>
        <testcase name="puede_sincronizar_administradores" file="D:\Ciclo7\github-project\capachica-project\turismo-backend\tests\Unit\Models\EmprendedorTest.php" line="566" class="Tests\Unit\Models\EmprendedorTest" classname="Tests.Unit.Models.EmprendedorTest" assertions="6" time="0.126712"/>
      </testsuite>
      <testsuite name="Tests\Unit\Models\EventoTest" file="D:\Ciclo7\github-project\capachica-project\turismo-backend\tests\Unit\Models\EventoTest.php" tests="24" assertions="16" errors="19" failures="0" skipped="0" time="2.637332">
        <testcase name="puede_crear_evento_con_datos_validos" file="D:\Ciclo7\github-project\capachica-project\turismo-backend\tests\Unit\Models\EventoTest.php" line="34" class="Tests\Unit\Models\EventoTest" classname="Tests.Unit.Models.EventoTest" assertions="7" time="0.144212"/>
        <testcase name="fillable_permite_campos_correctos" file="D:\Ciclo7\github-project\capachica-project\turismo-backend\tests\Unit\Models\EventoTest.php" line="72" class="Tests\Unit\Models\EventoTest" classname="Tests.Unit.Models.EventoTest" assertions="6" time="0.206293"/>
        <testcase name="relacion_emprendedor_funciona_correctamente" file="D:\Ciclo7\github-project\capachica-project\turismo-backend\tests\Unit\Models\EventoTest.php" line="106" class="Tests\Unit\Models\EventoTest" classname="Tests.Unit.Models.EventoTest" assertions="0" time="0.091370">
          <error type="BadMethodCallException">Tests\Unit\Models\EventoTest::relacion_emprendedor_funciona_correctamente&#13;
BadMethodCallException: Call to undefined method App\Models\Evento::factory()
&#13;
D:\Ciclo7\github-project\capachica-project\turismo-backend\vendor\laravel\framework\src\Illuminate\Support\Traits\ForwardsCalls.php:67
D:\Ciclo7\github-project\capachica-project\turismo-backend\vendor\laravel\framework\src\Illuminate\Support\Traits\ForwardsCalls.php:36
D:\Ciclo7\github-project\capachica-project\turismo-backend\vendor\laravel\framework\src\Illuminate\Database\Eloquent\Model.php:2449
D:\Ciclo7\github-project\capachica-project\turismo-backend\vendor\laravel\framework\src\Illuminate\Database\Eloquent\Model.php:2465
D:\Ciclo7\github-project\capachica-project\turismo-backend\tests\Unit\Models\EventoTest.php:109</error>
        </testcase>
        <testcase name="relacion_sliders_funciona_correctamente" file="D:\Ciclo7\github-project\capachica-project\turismo-backend\tests\Unit\Models\EventoTest.php" line="121" class="Tests\Unit\Models\EventoTest" classname="Tests.Unit.Models.EventoTest" assertions="0" time="0.212390">
          <error type="BadMethodCallException">Tests\Unit\Models\EventoTest::relacion_sliders_funciona_correctamente&#13;
BadMethodCallException: Call to undefined method App\Models\Evento::factory()
&#13;
D:\Ciclo7\github-project\capachica-project\turismo-backend\vendor\laravel\framework\src\Illuminate\Support\Traits\ForwardsCalls.php:67
D:\Ciclo7\github-project\capachica-project\turismo-backend\vendor\laravel\framework\src\Illuminate\Support\Traits\ForwardsCalls.php:36
D:\Ciclo7\github-project\capachica-project\turismo-backend\vendor\laravel\framework\src\Illuminate\Database\Eloquent\Model.php:2449
D:\Ciclo7\github-project\capachica-project\turismo-backend\vendor\laravel\framework\src\Illuminate\Database\Eloquent\Model.php:2465
D:\Ciclo7\github-project\capachica-project\turismo-backend\tests\Unit\Models\EventoTest.php:124</error>
        </testcase>
        <testcase name="relacion_sliders_filtra_por_tipo_entidad" file="D:\Ciclo7\github-project\capachica-project\turismo-backend\tests\Unit\Models\EventoTest.php" line="150" class="Tests\Unit\Models\EventoTest" classname="Tests.Unit.Models.EventoTest" assertions="0" time="0.093125">
          <error type="BadMethodCallException">Tests\Unit\Models\EventoTest::relacion_sliders_filtra_por_tipo_entidad&#13;
BadMethodCallException: Call to undefined method App\Models\Evento::factory()
&#13;
D:\Ciclo7\github-project\capachica-project\turismo-backend\vendor\laravel\framework\src\Illuminate\Support\Traits\ForwardsCalls.php:67
D:\Ciclo7\github-project\capachica-project\turismo-backend\vendor\laravel\framework\src\Illuminate\Support\Traits\ForwardsCalls.php:36
D:\Ciclo7\github-project\capachica-project\turismo-backend\vendor\laravel\framework\src\Illuminate\Database\Eloquent\Model.php:2449
D:\Ciclo7\github-project\capachica-project\turismo-backend\vendor\laravel\framework\src\Illuminate\Database\Eloquent\Model.php:2465
D:\Ciclo7\github-project\capachica-project\turismo-backend\tests\Unit\Models\EventoTest.php:153</error>
        </testcase>
        <testcase name="tabla_correcta_es_utilizada" file="D:\Ciclo7\github-project\capachica-project\turismo-backend\tests\Unit\Models\EventoTest.php" line="179" class="Tests\Unit\Models\EventoTest" classname="Tests.Unit.Models.EventoTest" assertions="1" time="0.093810"/>
        <testcase name="primary_key_es_id_por_defecto" file="D:\Ciclo7\github-project\capachica-project\turismo-backend\tests\Unit\Models\EventoTest.php" line="192" class="Tests\Unit\Models\EventoTest" classname="Tests.Unit.Models.EventoTest" assertions="1" time="0.096437"/>
        <testcase name="timestamps_estan_habilitados" file="D:\Ciclo7\github-project\capachica-project\turismo-backend\tests\Unit\Models\EventoTest.php" line="205" class="Tests\Unit\Models\EventoTest" classname="Tests.Unit.Models.EventoTest" assertions="1" time="0.091754"/>
        <testcase name="puede_actualizar_campos_individuales" file="D:\Ciclo7\github-project\capachica-project\turismo-backend\tests\Unit\Models\EventoTest.php" line="218" class="Tests\Unit\Models\EventoTest" classname="Tests.Unit.Models.EventoTest" assertions="0" time="0.197494">
          <error type="BadMethodCallException">Tests\Unit\Models\EventoTest::puede_actualizar_campos_individuales&#13;
BadMethodCallException: Call to undefined method App\Models\Evento::factory()
&#13;
D:\Ciclo7\github-project\capachica-project\turismo-backend\vendor\laravel\framework\src\Illuminate\Support\Traits\ForwardsCalls.php:67
D:\Ciclo7\github-project\capachica-project\turismo-backend\vendor\laravel\framework\src\Illuminate\Support\Traits\ForwardsCalls.php:36
D:\Ciclo7\github-project\capachica-project\turismo-backend\vendor\laravel\framework\src\Illuminate\Database\Eloquent\Model.php:2449
D:\Ciclo7\github-project\capachica-project\turismo-backend\vendor\laravel\framework\src\Illuminate\Database\Eloquent\Model.php:2465
D:\Ciclo7\github-project\capachica-project\turismo-backend\tests\Unit\Models\EventoTest.php:221</error>
        </testcase>
        <testcase name="puede_eliminar_evento" file="D:\Ciclo7\github-project\capachica-project\turismo-backend\tests\Unit\Models\EventoTest.php" line="241" class="Tests\Unit\Models\EventoTest" classname="Tests.Unit.Models.EventoTest" assertions="0" time="0.094317">
          <error type="BadMethodCallException">Tests\Unit\Models\EventoTest::puede_eliminar_evento&#13;
BadMethodCallException: Call to undefined method App\Models\Evento::factory()
&#13;
D:\Ciclo7\github-project\capachica-project\turismo-backend\vendor\laravel\framework\src\Illuminate\Support\Traits\ForwardsCalls.php:67
D:\Ciclo7\github-project\capachica-project\turismo-backend\vendor\laravel\framework\src\Illuminate\Support\Traits\ForwardsCalls.php:36
D:\Ciclo7\github-project\capachica-project\turismo-backend\vendor\laravel\framework\src\Illuminate\Database\Eloquent\Model.php:2449
D:\Ciclo7\github-project\capachica-project\turismo-backend\vendor\laravel\framework\src\Illuminate\Database\Eloquent\Model.php:2465
D:\Ciclo7\github-project\capachica-project\turismo-backend\tests\Unit\Models\EventoTest.php:244</error>
        </testcase>
        <testcase name="maneja_valores_nulos_correctamente" file="D:\Ciclo7\github-project\capachica-project\turismo-backend\tests\Unit\Models\EventoTest.php" line="256" class="Tests\Unit\Models\EventoTest" classname="Tests.Unit.Models.EventoTest" assertions="0" time="0.093989">
          <error type="BadMethodCallException">Tests\Unit\Models\EventoTest::maneja_valores_nulos_correctamente&#13;
BadMethodCallException: Call to undefined method App\Models\Evento::factory()
&#13;
D:\Ciclo7\github-project\capachica-project\turismo-backend\vendor\laravel\framework\src\Illuminate\Support\Traits\ForwardsCalls.php:67
D:\Ciclo7\github-project\capachica-project\turismo-backend\vendor\laravel\framework\src\Illuminate\Support\Traits\ForwardsCalls.php:36
D:\Ciclo7\github-project\capachica-project\turismo-backend\vendor\laravel\framework\src\Illuminate\Database\Eloquent\Model.php:2449
D:\Ciclo7\github-project\capachica-project\turismo-backend\vendor\laravel\framework\src\Illuminate\Database\Eloquent\Model.php:2465
D:\Ciclo7\github-project\capachica-project\turismo-backend\tests\Unit\Models\EventoTest.php:259</error>
        </testcase>
        <testcase name="created_at_y_updated_at_se_establecen_automaticamente" file="D:\Ciclo7\github-project\capachica-project\turismo-backend\tests\Unit\Models\EventoTest.php" line="277" class="Tests\Unit\Models\EventoTest" classname="Tests.Unit.Models.EventoTest" assertions="0" time="0.090283">
          <error type="BadMethodCallException">Tests\Unit\Models\EventoTest::created_at_y_updated_at_se_establecen_automaticamente&#13;
BadMethodCallException: Call to undefined method App\Models\Evento::factory()
&#13;
D:\Ciclo7\github-project\capachica-project\turismo-backend\vendor\laravel\framework\src\Illuminate\Support\Traits\ForwardsCalls.php:67
D:\Ciclo7\github-project\capachica-project\turismo-backend\vendor\laravel\framework\src\Illuminate\Support\Traits\ForwardsCalls.php:36
D:\Ciclo7\github-project\capachica-project\turismo-backend\vendor\laravel\framework\src\Illuminate\Database\Eloquent\Model.php:2449
D:\Ciclo7\github-project\capachica-project\turismo-backend\vendor\laravel\framework\src\Illuminate\Database\Eloquent\Model.php:2465
D:\Ciclo7\github-project\capachica-project\turismo-backend\tests\Unit\Models\EventoTest.php:280</error>
        </testcase>
        <testcase name="puede_almacenar_coordenadas_geograficas_precisas" file="D:\Ciclo7\github-project\capachica-project\turismo-backend\tests\Unit\Models\EventoTest.php" line="290" class="Tests\Unit\Models\EventoTest" classname="Tests.Unit.Models.EventoTest" assertions="0" time="0.095240">
          <error type="BadMethodCallException">Tests\Unit\Models\EventoTest::puede_almacenar_coordenadas_geograficas_precisas&#13;
BadMethodCallException: Call to undefined method App\Models\Evento::factory()
&#13;
D:\Ciclo7\github-project\capachica-project\turismo-backend\vendor\laravel\framework\src\Illuminate\Support\Traits\ForwardsCalls.php:67
D:\Ciclo7\github-project\capachica-project\turismo-backend\vendor\laravel\framework\src\Illuminate\Support\Traits\ForwardsCalls.php:36
D:\Ciclo7\github-project\capachica-project\turismo-backend\vendor\laravel\framework\src\Illuminate\Database\Eloquent\Model.php:2449
D:\Ciclo7\github-project\capachica-project\turismo-backend\vendor\laravel\framework\src\Illuminate\Database\Eloquent\Model.php:2465
D:\Ciclo7\github-project\capachica-project\turismo-backend\tests\Unit\Models\EventoTest.php:293</error>
        </testcase>
        <testcase name="puede_manejar_fechas_y_horas_correctamente" file="D:\Ciclo7\github-project\capachica-project\turismo-backend\tests\Unit\Models\EventoTest.php" line="307" class="Tests\Unit\Models\EventoTest" classname="Tests.Unit.Models.EventoTest" assertions="0" time="0.094626">
          <error type="BadMethodCallException">Tests\Unit\Models\EventoTest::puede_manejar_fechas_y_horas_correctamente&#13;
BadMethodCallException: Call to undefined method App\Models\Evento::factory()
&#13;
D:\Ciclo7\github-project\capachica-project\turismo-backend\vendor\laravel\framework\src\Illuminate\Support\Traits\ForwardsCalls.php:67
D:\Ciclo7\github-project\capachica-project\turismo-backend\vendor\laravel\framework\src\Illuminate\Support\Traits\ForwardsCalls.php:36
D:\Ciclo7\github-project\capachica-project\turismo-backend\vendor\laravel\framework\src\Illuminate\Database\Eloquent\Model.php:2449
D:\Ciclo7\github-project\capachica-project\turismo-backend\vendor\laravel\framework\src\Illuminate\Database\Eloquent\Model.php:2465
D:\Ciclo7\github-project\capachica-project\turismo-backend\tests\Unit\Models\EventoTest.php:310</error>
        </testcase>
        <testcase name="puede_almacenar_texto_largo_en_descripcion" file="D:\Ciclo7\github-project\capachica-project\turismo-backend\tests\Unit\Models\EventoTest.php" line="329" class="Tests\Unit\Models\EventoTest" classname="Tests.Unit.Models.EventoTest" assertions="0" time="0.094828">
          <error type="BadMethodCallException">Tests\Unit\Models\EventoTest::puede_almacenar_texto_largo_en_descripcion&#13;
BadMethodCallException: Call to undefined method App\Models\Evento::factory()
&#13;
D:\Ciclo7\github-project\capachica-project\turismo-backend\vendor\laravel\framework\src\Illuminate\Support\Traits\ForwardsCalls.php:67
D:\Ciclo7\github-project\capachica-project\turismo-backend\vendor\laravel\framework\src\Illuminate\Support\Traits\ForwardsCalls.php:36
D:\Ciclo7\github-project\capachica-project\turismo-backend\vendor\laravel\framework\src\Illuminate\Database\Eloquent\Model.php:2449
D:\Ciclo7\github-project\capachica-project\turismo-backend\vendor\laravel\framework\src\Illuminate\Database\Eloquent\Model.php:2465
D:\Ciclo7\github-project\capachica-project\turismo-backend\tests\Unit\Models\EventoTest.php:335</error>
        </testcase>
        <testcase name="puede_almacenar_tipos_evento_diversos" file="D:\Ciclo7\github-project\capachica-project\turismo-backend\tests\Unit\Models\EventoTest.php" line="346" class="Tests\Unit\Models\EventoTest" classname="Tests.Unit.Models.EventoTest" assertions="0" time="0.092729">
          <error type="BadMethodCallException">Tests\Unit\Models\EventoTest::puede_almacenar_tipos_evento_diversos&#13;
BadMethodCallException: Call to undefined method App\Models\Evento::factory()
&#13;
D:\Ciclo7\github-project\capachica-project\turismo-backend\vendor\laravel\framework\src\Illuminate\Support\Traits\ForwardsCalls.php:67
D:\Ciclo7\github-project\capachica-project\turismo-backend\vendor\laravel\framework\src\Illuminate\Support\Traits\ForwardsCalls.php:36
D:\Ciclo7\github-project\capachica-project\turismo-backend\vendor\laravel\framework\src\Illuminate\Database\Eloquent\Model.php:2449
D:\Ciclo7\github-project\capachica-project\turismo-backend\vendor\laravel\framework\src\Illuminate\Database\Eloquent\Model.php:2465
D:\Ciclo7\github-project\capachica-project\turismo-backend\tests\Unit\Models\EventoTest.php:362</error>
        </testcase>
        <testcase name="puede_almacenar_idiomas_principales_diversos" file="D:\Ciclo7\github-project\capachica-project\turismo-backend\tests\Unit\Models\EventoTest.php" line="376" class="Tests\Unit\Models\EventoTest" classname="Tests.Unit.Models.EventoTest" assertions="0" time="0.096643">
          <error type="BadMethodCallException">Tests\Unit\Models\EventoTest::puede_almacenar_idiomas_principales_diversos&#13;
BadMethodCallException: Call to undefined method App\Models\Evento::factory()
&#13;
D:\Ciclo7\github-project\capachica-project\turismo-backend\vendor\laravel\framework\src\Illuminate\Support\Traits\ForwardsCalls.php:67
D:\Ciclo7\github-project\capachica-project\turismo-backend\vendor\laravel\framework\src\Illuminate\Support\Traits\ForwardsCalls.php:36
D:\Ciclo7\github-project\capachica-project\turismo-backend\vendor\laravel\framework\src\Illuminate\Database\Eloquent\Model.php:2449
D:\Ciclo7\github-project\capachica-project\turismo-backend\vendor\laravel\framework\src\Illuminate\Database\Eloquent\Model.php:2465
D:\Ciclo7\github-project\capachica-project\turismo-backend\tests\Unit\Models\EventoTest.php:389</error>
        </testcase>
        <testcase name="puede_convertir_a_array" file="D:\Ciclo7\github-project\capachica-project\turismo-backend\tests\Unit\Models\EventoTest.php" line="399" class="Tests\Unit\Models\EventoTest" classname="Tests.Unit.Models.EventoTest" assertions="0" time="0.089845">
          <error type="BadMethodCallException">Tests\Unit\Models\EventoTest::puede_convertir_a_array&#13;
BadMethodCallException: Call to undefined method App\Models\Evento::factory()
&#13;
D:\Ciclo7\github-project\capachica-project\turismo-backend\vendor\laravel\framework\src\Illuminate\Support\Traits\ForwardsCalls.php:67
D:\Ciclo7\github-project\capachica-project\turismo-backend\vendor\laravel\framework\src\Illuminate\Support\Traits\ForwardsCalls.php:36
D:\Ciclo7\github-project\capachica-project\turismo-backend\vendor\laravel\framework\src\Illuminate\Database\Eloquent\Model.php:2449
D:\Ciclo7\github-project\capachica-project\turismo-backend\vendor\laravel\framework\src\Illuminate\Database\Eloquent\Model.php:2465
D:\Ciclo7\github-project\capachica-project\turismo-backend\tests\Unit\Models\EventoTest.php:402</error>
        </testcase>
        <testcase name="puede_convertir_a_json" file="D:\Ciclo7\github-project\capachica-project\turismo-backend\tests\Unit\Models\EventoTest.php" line="423" class="Tests\Unit\Models\EventoTest" classname="Tests.Unit.Models.EventoTest" assertions="0" time="0.094513">
          <error type="BadMethodCallException">Tests\Unit\Models\EventoTest::puede_convertir_a_json&#13;
BadMethodCallException: Call to undefined method App\Models\Evento::factory()
&#13;
D:\Ciclo7\github-project\capachica-project\turismo-backend\vendor\laravel\framework\src\Illuminate\Support\Traits\ForwardsCalls.php:67
D:\Ciclo7\github-project\capachica-project\turismo-backend\vendor\laravel\framework\src\Illuminate\Support\Traits\ForwardsCalls.php:36
D:\Ciclo7\github-project\capachica-project\turismo-backend\vendor\laravel\framework\src\Illuminate\Database\Eloquent\Model.php:2449
D:\Ciclo7\github-project\capachica-project\turismo-backend\vendor\laravel\framework\src\Illuminate\Database\Eloquent\Model.php:2465
D:\Ciclo7\github-project\capachica-project\turismo-backend\tests\Unit\Models\EventoTest.php:426</error>
        </testcase>
        <testcase name="duracion_horas_es_entero_positivo" file="D:\Ciclo7\github-project\capachica-project\turismo-backend\tests\Unit\Models\EventoTest.php" line="442" class="Tests\Unit\Models\EventoTest" classname="Tests.Unit.Models.EventoTest" assertions="0" time="0.094301">
          <error type="BadMethodCallException">Tests\Unit\Models\EventoTest::duracion_horas_es_entero_positivo&#13;
BadMethodCallException: Call to undefined method App\Models\Evento::factory()
&#13;
D:\Ciclo7\github-project\capachica-project\turismo-backend\vendor\laravel\framework\src\Illuminate\Support\Traits\ForwardsCalls.php:67
D:\Ciclo7\github-project\capachica-project\turismo-backend\vendor\laravel\framework\src\Illuminate\Support\Traits\ForwardsCalls.php:36
D:\Ciclo7\github-project\capachica-project\turismo-backend\vendor\laravel\framework\src\Illuminate\Database\Eloquent\Model.php:2449
D:\Ciclo7\github-project\capachica-project\turismo-backend\vendor\laravel\framework\src\Illuminate\Database\Eloquent\Model.php:2465
D:\Ciclo7\github-project\capachica-project\turismo-backend\tests\Unit\Models\EventoTest.php:445</error>
        </testcase>
        <testcase name="puede_cargar_relaciones_eager" file="D:\Ciclo7\github-project\capachica-project\turismo-backend\tests\Unit\Models\EventoTest.php" line="456" class="Tests\Unit\Models\EventoTest" classname="Tests.Unit.Models.EventoTest" assertions="0" time="0.094641">
          <error type="BadMethodCallException">Tests\Unit\Models\EventoTest::puede_cargar_relaciones_eager&#13;
BadMethodCallException: Call to undefined method App\Models\Evento::factory()
&#13;
D:\Ciclo7\github-project\capachica-project\turismo-backend\vendor\laravel\framework\src\Illuminate\Support\Traits\ForwardsCalls.php:67
D:\Ciclo7\github-project\capachica-project\turismo-backend\vendor\laravel\framework\src\Illuminate\Support\Traits\ForwardsCalls.php:36
D:\Ciclo7\github-project\capachica-project\turismo-backend\vendor\laravel\framework\src\Illuminate\Database\Eloquent\Model.php:2449
D:\Ciclo7\github-project\capachica-project\turismo-backend\vendor\laravel\framework\src\Illuminate\Database\Eloquent\Model.php:2465
D:\Ciclo7\github-project\capachica-project\turismo-backend\tests\Unit\Models\EventoTest.php:459</error>
        </testcase>
        <testcase name="puede_filtrar_por_fechas" file="D:\Ciclo7\github-project\capachica-project\turismo-backend\tests\Unit\Models\EventoTest.php" line="476" class="Tests\Unit\Models\EventoTest" classname="Tests.Unit.Models.EventoTest" assertions="0" time="0.095795">
          <error type="BadMethodCallException">Tests\Unit\Models\EventoTest::puede_filtrar_por_fechas&#13;
BadMethodCallException: Call to undefined method App\Models\Evento::factory()
&#13;
D:\Ciclo7\github-project\capachica-project\turismo-backend\vendor\laravel\framework\src\Illuminate\Support\Traits\ForwardsCalls.php:67
D:\Ciclo7\github-project\capachica-project\turismo-backend\vendor\laravel\framework\src\Illuminate\Support\Traits\ForwardsCalls.php:36
D:\Ciclo7\github-project\capachica-project\turismo-backend\vendor\laravel\framework\src\Illuminate\Database\Eloquent\Model.php:2449
D:\Ciclo7\github-project\capachica-project\turismo-backend\vendor\laravel\framework\src\Illuminate\Database\Eloquent\Model.php:2465
D:\Ciclo7\github-project\capachica-project\turismo-backend\tests\Unit\Models\EventoTest.php:483</error>
        </testcase>
        <testcase name="puede_ordenar_por_fecha_de_inicio" file="D:\Ciclo7\github-project\capachica-project\turismo-backend\tests\Unit\Models\EventoTest.php" line="508" class="Tests\Unit\Models\EventoTest" classname="Tests.Unit.Models.EventoTest" assertions="0" time="0.093834">
          <error type="BadMethodCallException">Tests\Unit\Models\EventoTest::puede_ordenar_por_fecha_de_inicio&#13;
BadMethodCallException: Call to undefined method App\Models\Evento::factory()
&#13;
D:\Ciclo7\github-project\capachica-project\turismo-backend\vendor\laravel\framework\src\Illuminate\Support\Traits\ForwardsCalls.php:67
D:\Ciclo7\github-project\capachica-project\turismo-backend\vendor\laravel\framework\src\Illuminate\Support\Traits\ForwardsCalls.php:36
D:\Ciclo7\github-project\capachica-project\turismo-backend\vendor\laravel\framework\src\Illuminate\Database\Eloquent\Model.php:2449
D:\Ciclo7\github-project\capachica-project\turismo-backend\vendor\laravel\framework\src\Illuminate\Database\Eloquent\Model.php:2465
D:\Ciclo7\github-project\capachica-project\turismo-backend\tests\Unit\Models\EventoTest.php:511</error>
        </testcase>
        <testcase name="puede_buscar_por_nombre_parcial" file="D:\Ciclo7\github-project\capachica-project\turismo-backend\tests\Unit\Models\EventoTest.php" line="536" class="Tests\Unit\Models\EventoTest" classname="Tests.Unit.Models.EventoTest" assertions="0" time="0.094863">
          <error type="BadMethodCallException">Tests\Unit\Models\EventoTest::puede_buscar_por_nombre_parcial&#13;
BadMethodCallException: Call to undefined method App\Models\Evento::factory()
&#13;
D:\Ciclo7\github-project\capachica-project\turismo-backend\vendor\laravel\framework\src\Illuminate\Support\Traits\ForwardsCalls.php:67
D:\Ciclo7\github-project\capachica-project\turismo-backend\vendor\laravel\framework\src\Illuminate\Support\Traits\ForwardsCalls.php:36
D:\Ciclo7\github-project\capachica-project\turismo-backend\vendor\laravel\framework\src\Illuminate\Database\Eloquent\Model.php:2449
D:\Ciclo7\github-project\capachica-project\turismo-backend\vendor\laravel\framework\src\Illuminate\Database\Eloquent\Model.php:2465
D:\Ciclo7\github-project\capachica-project\turismo-backend\tests\Unit\Models\EventoTest.php:539</error>
        </testcase>
      </testsuite>
      <testsuite name="Tests\Unit\Models\PlanTest" file="D:\Ciclo7\github-project\capachica-project\turismo-backend\tests\Unit\Models\PlanTest.php" tests="28" assertions="21" errors="22" failures="0" skipped="0" time="3.008353">
        <testcase name="puede_crear_plan_con_datos_validos" file="D:\Ciclo7\github-project\capachica-project\turismo-backend\tests\Unit\Models\PlanTest.php" line="38" class="Tests\Unit\Models\PlanTest" classname="Tests.Unit.Models.PlanTest" assertions="7" time="0.193984"/>
        <testcase name="fillable_permite_campos_correctos" file="D:\Ciclo7\github-project\capachica-project\turismo-backend\tests\Unit\Models\PlanTest.php" line="78" class="Tests\Unit\Models\PlanTest" classname="Tests.Unit.Models.PlanTest" assertions="6" time="0.104673"/>
        <testcase name="casts_convierte_tipos_correctamente" file="D:\Ciclo7\github-project\capachica-project\turismo-backend\tests\Unit\Models\PlanTest.php" line="107" class="Tests\Unit\Models\PlanTest" classname="Tests.Unit.Models.PlanTest" assertions="0" time="0.097653">
          <error type="Error">Tests\Unit\Models\PlanTest::casts_convierte_tipos_correctamente&#13;
Error: Class "Database\Factories\PlanFactory" not found
&#13;
D:\Ciclo7\github-project\capachica-project\turismo-backend\vendor\laravel\framework\src\Illuminate\Database\Eloquent\Factories\Factory.php:870
D:\Ciclo7\github-project\capachica-project\turismo-backend\vendor\laravel\framework\src\Illuminate\Database\Eloquent\Factories\HasFactory.php:21
D:\Ciclo7\github-project\capachica-project\turismo-backend\tests\Unit\Models\PlanTest.php:110</error>
        </testcase>
        <testcase name="constantes_de_estado_estan_definidas" file="D:\Ciclo7\github-project\capachica-project\turismo-backend\tests\Unit\Models\PlanTest.php" line="128" class="Tests\Unit\Models\PlanTest" classname="Tests.Unit.Models.PlanTest" assertions="3" time="0.100729"/>
        <testcase name="constantes_de_dificultad_estan_definidas" file="D:\Ciclo7\github-project\capachica-project\turismo-backend\tests\Unit\Models\PlanTest.php" line="137" class="Tests\Unit\Models\PlanTest" classname="Tests.Unit.Models.PlanTest" assertions="3" time="0.100488"/>
        <testcase name="relacion_creado_por_funciona_correctamente" file="D:\Ciclo7\github-project\capachica-project\turismo-backend\tests\Unit\Models\PlanTest.php" line="146" class="Tests\Unit\Models\PlanTest" classname="Tests.Unit.Models.PlanTest" assertions="0" time="0.102250">
          <error type="Error">Tests\Unit\Models\PlanTest::relacion_creado_por_funciona_correctamente&#13;
Error: Class "Database\Factories\PlanFactory" not found
&#13;
D:\Ciclo7\github-project\capachica-project\turismo-backend\vendor\laravel\framework\src\Illuminate\Database\Eloquent\Factories\Factory.php:870
D:\Ciclo7\github-project\capachica-project\turismo-backend\vendor\laravel\framework\src\Illuminate\Database\Eloquent\Factories\HasFactory.php:21
D:\Ciclo7\github-project\capachica-project\turismo-backend\tests\Unit\Models\PlanTest.php:149</error>
        </testcase>
        <testcase name="relacion_emprendedor_legacy_funciona_correctamente" file="D:\Ciclo7\github-project\capachica-project\turismo-backend\tests\Unit\Models\PlanTest.php" line="164" class="Tests\Unit\Models\PlanTest" classname="Tests.Unit.Models.PlanTest" assertions="0" time="0.098166">
          <error type="Error">Tests\Unit\Models\PlanTest::relacion_emprendedor_legacy_funciona_correctamente&#13;
Error: Class "Database\Factories\PlanFactory" not found
&#13;
D:\Ciclo7\github-project\capachica-project\turismo-backend\vendor\laravel\framework\src\Illuminate\Database\Eloquent\Factories\Factory.php:870
D:\Ciclo7\github-project\capachica-project\turismo-backend\vendor\laravel\framework\src\Illuminate\Database\Eloquent\Factories\HasFactory.php:21
D:\Ciclo7\github-project\capachica-project\turismo-backend\tests\Unit\Models\PlanTest.php:167</error>
        </testcase>
        <testcase name="relacion_dias_funciona_correctamente" file="D:\Ciclo7\github-project\capachica-project\turismo-backend\tests\Unit\Models\PlanTest.php" line="182" class="Tests\Unit\Models\PlanTest" classname="Tests.Unit.Models.PlanTest" assertions="0" time="0.097972">
          <error type="Error">Tests\Unit\Models\PlanTest::relacion_dias_funciona_correctamente&#13;
Error: Class "Database\Factories\PlanFactory" not found
&#13;
D:\Ciclo7\github-project\capachica-project\turismo-backend\vendor\laravel\framework\src\Illuminate\Database\Eloquent\Factories\Factory.php:870
D:\Ciclo7\github-project\capachica-project\turismo-backend\vendor\laravel\framework\src\Illuminate\Database\Eloquent\Factories\HasFactory.php:21
D:\Ciclo7\github-project\capachica-project\turismo-backend\tests\Unit\Models\PlanTest.php:185</error>
        </testcase>
        <testcase name="puede_verificar_cupos_disponibles" file="D:\Ciclo7\github-project\capachica-project\turismo-backend\tests\Unit\Models\PlanTest.php" line="215" class="Tests\Unit\Models\PlanTest" classname="Tests.Unit.Models.PlanTest" assertions="0" time="0.099001">
          <error type="Error">Tests\Unit\Models\PlanTest::puede_verificar_cupos_disponibles&#13;
Error: Class "Database\Factories\PlanFactory" not found
&#13;
D:\Ciclo7\github-project\capachica-project\turismo-backend\vendor\laravel\framework\src\Illuminate\Database\Eloquent\Factories\Factory.php:870
D:\Ciclo7\github-project\capachica-project\turismo-backend\vendor\laravel\framework\src\Illuminate\Database\Eloquent\Factories\HasFactory.php:21
D:\Ciclo7\github-project\capachica-project\turismo-backend\tests\Unit\Models\PlanTest.php:218</error>
        </testcase>
        <testcase name="no_tiene_cupos_cuando_esta_lleno" file="D:\Ciclo7\github-project\capachica-project\turismo-backend\tests\Unit\Models\PlanTest.php" line="252" class="Tests\Unit\Models\PlanTest" classname="Tests.Unit.Models.PlanTest" assertions="0" time="0.101135">
          <error type="Error">Tests\Unit\Models\PlanTest::no_tiene_cupos_cuando_esta_lleno&#13;
Error: Class "Database\Factories\PlanFactory" not found
&#13;
D:\Ciclo7\github-project\capachica-project\turismo-backend\vendor\laravel\framework\src\Illuminate\Database\Eloquent\Factories\Factory.php:870
D:\Ciclo7\github-project\capachica-project\turismo-backend\vendor\laravel\framework\src\Illuminate\Database\Eloquent\Factories\HasFactory.php:21
D:\Ciclo7\github-project\capachica-project\turismo-backend\tests\Unit\Models\PlanTest.php:255</error>
        </testcase>
        <testcase name="inscripciones_pendientes_no_afectan_cupos_disponibles" file="D:\Ciclo7\github-project\capachica-project\turismo-backend\tests\Unit\Models\PlanTest.php" line="276" class="Tests\Unit\Models\PlanTest" classname="Tests.Unit.Models.PlanTest" assertions="0" time="0.103321">
          <error type="Error">Tests\Unit\Models\PlanTest::inscripciones_pendientes_no_afectan_cupos_disponibles&#13;
Error: Class "Database\Factories\PlanFactory" not found
&#13;
D:\Ciclo7\github-project\capachica-project\turismo-backend\vendor\laravel\framework\src\Illuminate\Database\Eloquent\Factories\Factory.php:870
D:\Ciclo7\github-project\capachica-project\turismo-backend\vendor\laravel\framework\src\Illuminate\Database\Eloquent\Factories\HasFactory.php:21
D:\Ciclo7\github-project\capachica-project\turismo-backend\tests\Unit\Models\PlanTest.php:279</error>
        </testcase>
        <testcase name="puede_obtener_imagen_principal_url" file="D:\Ciclo7\github-project\capachica-project\turismo-backend\tests\Unit\Models\PlanTest.php" line="300" class="Tests\Unit\Models\PlanTest" classname="Tests.Unit.Models.PlanTest" assertions="0" time="0.098213">
          <error type="Error">Tests\Unit\Models\PlanTest::puede_obtener_imagen_principal_url&#13;
Error: Class "Database\Factories\PlanFactory" not found
&#13;
D:\Ciclo7\github-project\capachica-project\turismo-backend\vendor\laravel\framework\src\Illuminate\Database\Eloquent\Factories\Factory.php:870
D:\Ciclo7\github-project\capachica-project\turismo-backend\vendor\laravel\framework\src\Illuminate\Database\Eloquent\Factories\HasFactory.php:21
D:\Ciclo7\github-project\capachica-project\turismo-backend\tests\Unit\Models\PlanTest.php:303</error>
        </testcase>
        <testcase name="retorna_null_si_no_hay_imagen_principal" file="D:\Ciclo7\github-project\capachica-project\turismo-backend\tests\Unit\Models\PlanTest.php" line="318" class="Tests\Unit\Models\PlanTest" classname="Tests.Unit.Models.PlanTest" assertions="0" time="0.099972">
          <error type="Error">Tests\Unit\Models\PlanTest::retorna_null_si_no_hay_imagen_principal&#13;
Error: Class "Database\Factories\PlanFactory" not found
&#13;
D:\Ciclo7\github-project\capachica-project\turismo-backend\vendor\laravel\framework\src\Illuminate\Database\Eloquent\Factories\Factory.php:870
D:\Ciclo7\github-project\capachica-project\turismo-backend\vendor\laravel\framework\src\Illuminate\Database\Eloquent\Factories\HasFactory.php:21
D:\Ciclo7\github-project\capachica-project\turismo-backend\tests\Unit\Models\PlanTest.php:321</error>
        </testcase>
        <testcase name="puede_obtener_imagenes_galeria_urls" file="D:\Ciclo7\github-project\capachica-project\turismo-backend\tests\Unit\Models\PlanTest.php" line="335" class="Tests\Unit\Models\PlanTest" classname="Tests.Unit.Models.PlanTest" assertions="0" time="0.101324">
          <error type="Error">Tests\Unit\Models\PlanTest::puede_obtener_imagenes_galeria_urls&#13;
Error: Class "Database\Factories\PlanFactory" not found
&#13;
D:\Ciclo7\github-project\capachica-project\turismo-backend\vendor\laravel\framework\src\Illuminate\Database\Eloquent\Factories\Factory.php:870
D:\Ciclo7\github-project\capachica-project\turismo-backend\vendor\laravel\framework\src\Illuminate\Database\Eloquent\Factories\HasFactory.php:21
D:\Ciclo7\github-project\capachica-project\turismo-backend\tests\Unit\Models\PlanTest.php:339</error>
        </testcase>
        <testcase name="retorna_array_vacio_si_no_hay_imagenes_galeria" file="D:\Ciclo7\github-project\capachica-project\turismo-backend\tests\Unit\Models\PlanTest.php" line="357" class="Tests\Unit\Models\PlanTest" classname="Tests.Unit.Models.PlanTest" assertions="0" time="0.098628">
          <error type="Error">Tests\Unit\Models\PlanTest::retorna_array_vacio_si_no_hay_imagenes_galeria&#13;
Error: Class "Database\Factories\PlanFactory" not found
&#13;
D:\Ciclo7\github-project\capachica-project\turismo-backend\vendor\laravel\framework\src\Illuminate\Database\Eloquent\Factories\Factory.php:870
D:\Ciclo7\github-project\capachica-project\turismo-backend\vendor\laravel\framework\src\Illuminate\Database\Eloquent\Factories\HasFactory.php:21
D:\Ciclo7\github-project\capachica-project\turismo-backend\tests\Unit\Models\PlanTest.php:360</error>
        </testcase>
        <testcase name="scope_activos_filtra_correctamente" file="D:\Ciclo7\github-project\capachica-project\turismo-backend\tests\Unit\Models\PlanTest.php" line="375" class="Tests\Unit\Models\PlanTest" classname="Tests.Unit.Models.PlanTest" assertions="0" time="0.099187">
          <error type="Error">Tests\Unit\Models\PlanTest::scope_activos_filtra_correctamente&#13;
Error: Class "Database\Factories\PlanFactory" not found
&#13;
D:\Ciclo7\github-project\capachica-project\turismo-backend\vendor\laravel\framework\src\Illuminate\Database\Eloquent\Factories\Factory.php:870
D:\Ciclo7\github-project\capachica-project\turismo-backend\vendor\laravel\framework\src\Illuminate\Database\Eloquent\Factories\HasFactory.php:21
D:\Ciclo7\github-project\capachica-project\turismo-backend\tests\Unit\Models\PlanTest.php:378</error>
        </testcase>
        <testcase name="scope_publicos_filtra_correctamente" file="D:\Ciclo7\github-project\capachica-project\turismo-backend\tests\Unit\Models\PlanTest.php" line="397" class="Tests\Unit\Models\PlanTest" classname="Tests.Unit.Models.PlanTest" assertions="0" time="0.100162">
          <error type="Error">Tests\Unit\Models\PlanTest::scope_publicos_filtra_correctamente&#13;
Error: Class "Database\Factories\PlanFactory" not found
&#13;
D:\Ciclo7\github-project\capachica-project\turismo-backend\vendor\laravel\framework\src\Illuminate\Database\Eloquent\Factories\Factory.php:870
D:\Ciclo7\github-project\capachica-project\turismo-backend\vendor\laravel\framework\src\Illuminate\Database\Eloquent\Factories\HasFactory.php:21
D:\Ciclo7\github-project\capachica-project\turismo-backend\tests\Unit\Models\PlanTest.php:400</error>
        </testcase>
        <testcase name="scope_por_dificultad_filtra_correctamente" file="D:\Ciclo7\github-project\capachica-project\turismo-backend\tests\Unit\Models\PlanTest.php" line="419" class="Tests\Unit\Models\PlanTest" classname="Tests.Unit.Models.PlanTest" assertions="0" time="0.106786">
          <error type="Error">Tests\Unit\Models\PlanTest::scope_por_dificultad_filtra_correctamente&#13;
Error: Class "Database\Factories\PlanFactory" not found
&#13;
D:\Ciclo7\github-project\capachica-project\turismo-backend\vendor\laravel\framework\src\Illuminate\Database\Eloquent\Factories\Factory.php:870
D:\Ciclo7\github-project\capachica-project\turismo-backend\vendor\laravel\framework\src\Illuminate\Database\Eloquent\Factories\HasFactory.php:21
D:\Ciclo7\github-project\capachica-project\turismo-backend\tests\Unit\Models\PlanTest.php:422</error>
        </testcase>
        <testcase name="scope_buscar_encuentra_por_nombre" file="D:\Ciclo7\github-project\capachica-project\turismo-backend\tests\Unit\Models\PlanTest.php" line="441" class="Tests\Unit\Models\PlanTest" classname="Tests.Unit.Models.PlanTest" assertions="0" time="0.098239">
          <error type="Error">Tests\Unit\Models\PlanTest::scope_buscar_encuentra_por_nombre&#13;
Error: Class "Database\Factories\PlanFactory" not found
&#13;
D:\Ciclo7\github-project\capachica-project\turismo-backend\vendor\laravel\framework\src\Illuminate\Database\Eloquent\Factories\Factory.php:870
D:\Ciclo7\github-project\capachica-project\turismo-backend\vendor\laravel\framework\src\Illuminate\Database\Eloquent\Factories\HasFactory.php:21
D:\Ciclo7\github-project\capachica-project\turismo-backend\tests\Unit\Models\PlanTest.php:444</error>
        </testcase>
        <testcase name="scope_buscar_encuentra_por_descripcion" file="D:\Ciclo7\github-project\capachica-project\turismo-backend\tests\Unit\Models\PlanTest.php" line="458" class="Tests\Unit\Models\PlanTest" classname="Tests.Unit.Models.PlanTest" assertions="0" time="0.098488">
          <error type="Error">Tests\Unit\Models\PlanTest::scope_buscar_encuentra_por_descripcion&#13;
Error: Class "Database\Factories\PlanFactory" not found
&#13;
D:\Ciclo7\github-project\capachica-project\turismo-backend\vendor\laravel\framework\src\Illuminate\Database\Eloquent\Factories\Factory.php:870
D:\Ciclo7\github-project\capachica-project\turismo-backend\vendor\laravel\framework\src\Illuminate\Database\Eloquent\Factories\HasFactory.php:21
D:\Ciclo7\github-project\capachica-project\turismo-backend\tests\Unit\Models\PlanTest.php:461</error>
        </testcase>
        <testcase name="puede_actualizar_campos_individuales" file="D:\Ciclo7\github-project\capachica-project\turismo-backend\tests\Unit\Models\PlanTest.php" line="475" class="Tests\Unit\Models\PlanTest" classname="Tests.Unit.Models.PlanTest" assertions="0" time="0.103307">
          <error type="Error">Tests\Unit\Models\PlanTest::puede_actualizar_campos_individuales&#13;
Error: Class "Database\Factories\PlanFactory" not found
&#13;
D:\Ciclo7\github-project\capachica-project\turismo-backend\vendor\laravel\framework\src\Illuminate\Database\Eloquent\Factories\Factory.php:870
D:\Ciclo7\github-project\capachica-project\turismo-backend\vendor\laravel\framework\src\Illuminate\Database\Eloquent\Factories\HasFactory.php:21
D:\Ciclo7\github-project\capachica-project\turismo-backend\tests\Unit\Models\PlanTest.php:478</error>
        </testcase>
        <testcase name="puede_eliminar_plan" file="D:\Ciclo7\github-project\capachica-project\turismo-backend\tests\Unit\Models\PlanTest.php" line="499" class="Tests\Unit\Models\PlanTest" classname="Tests.Unit.Models.PlanTest" assertions="0" time="0.212787">
          <error type="Error">Tests\Unit\Models\PlanTest::puede_eliminar_plan&#13;
Error: Class "Database\Factories\PlanFactory" not found
&#13;
D:\Ciclo7\github-project\capachica-project\turismo-backend\vendor\laravel\framework\src\Illuminate\Database\Eloquent\Factories\Factory.php:870
D:\Ciclo7\github-project\capachica-project\turismo-backend\vendor\laravel\framework\src\Illuminate\Database\Eloquent\Factories\HasFactory.php:21
D:\Ciclo7\github-project\capachica-project\turismo-backend\tests\Unit\Models\PlanTest.php:502</error>
        </testcase>
        <testcase name="created_at_y_updated_at_se_establecen_automaticamente" file="D:\Ciclo7\github-project\capachica-project\turismo-backend\tests\Unit\Models\PlanTest.php" line="517" class="Tests\Unit\Models\PlanTest" classname="Tests.Unit.Models.PlanTest" assertions="0" time="0.095484">
          <error type="Error">Tests\Unit\Models\PlanTest::created_at_y_updated_at_se_establecen_automaticamente&#13;
Error: Class "Database\Factories\PlanFactory" not found
&#13;
D:\Ciclo7\github-project\capachica-project\turismo-backend\vendor\laravel\framework\src\Illuminate\Database\Eloquent\Factories\Factory.php:870
D:\Ciclo7\github-project\capachica-project\turismo-backend\vendor\laravel\framework\src\Illuminate\Database\Eloquent\Factories\HasFactory.php:21
D:\Ciclo7\github-project\capachica-project\turismo-backend\tests\Unit\Models\PlanTest.php:520</error>
        </testcase>
        <testcase name="puede_convertir_a_array" file="D:\Ciclo7\github-project\capachica-project\turismo-backend\tests\Unit\Models\PlanTest.php" line="533" class="Tests\Unit\Models\PlanTest" classname="Tests.Unit.Models.PlanTest" assertions="0" time="0.101985">
          <error type="Error">Tests\Unit\Models\PlanTest::puede_convertir_a_array&#13;
Error: Class "Database\Factories\PlanFactory" not found
&#13;
D:\Ciclo7\github-project\capachica-project\turismo-backend\vendor\laravel\framework\src\Illuminate\Database\Eloquent\Factories\Factory.php:870
D:\Ciclo7\github-project\capachica-project\turismo-backend\vendor\laravel\framework\src\Illuminate\Database\Eloquent\Factories\HasFactory.php:21
D:\Ciclo7\github-project\capachica-project\turismo-backend\tests\Unit\Models\PlanTest.php:536</error>
        </testcase>
        <testcase name="maneja_valores_nulos_correctamente" file="D:\Ciclo7\github-project\capachica-project\turismo-backend\tests\Unit\Models\PlanTest.php" line="563" class="Tests\Unit\Models\PlanTest" classname="Tests.Unit.Models.PlanTest" assertions="0" time="0.097689">
          <error type="Error">Tests\Unit\Models\PlanTest::maneja_valores_nulos_correctamente&#13;
Error: Class "Database\Factories\PlanFactory" not found
&#13;
D:\Ciclo7\github-project\capachica-project\turismo-backend\vendor\laravel\framework\src\Illuminate\Database\Eloquent\Factories\Factory.php:870
D:\Ciclo7\github-project\capachica-project\turismo-backend\vendor\laravel\framework\src\Illuminate\Database\Eloquent\Factories\HasFactory.php:21
D:\Ciclo7\github-project\capachica-project\turismo-backend\tests\Unit\Models\PlanTest.php:566</error>
        </testcase>
        <testcase name="puede_cargar_relaciones_eager" file="D:\Ciclo7\github-project\capachica-project\turismo-backend\tests\Unit\Models\PlanTest.php" line="586" class="Tests\Unit\Models\PlanTest" classname="Tests.Unit.Models.PlanTest" assertions="0" time="0.099236">
          <error type="Error">Tests\Unit\Models\PlanTest::puede_cargar_relaciones_eager&#13;
Error: Class "Database\Factories\PlanFactory" not found
&#13;
D:\Ciclo7\github-project\capachica-project\turismo-backend\vendor\laravel\framework\src\Illuminate\Database\Eloquent\Factories\Factory.php:870
D:\Ciclo7\github-project\capachica-project\turismo-backend\vendor\laravel\framework\src\Illuminate\Database\Eloquent\Factories\HasFactory.php:21
D:\Ciclo7\github-project\capachica-project\turismo-backend\tests\Unit\Models\PlanTest.php:589</error>
        </testcase>
        <testcase name="primary_key_es_id_por_defecto" file="D:\Ciclo7\github-project\capachica-project\turismo-backend\tests\Unit\Models\PlanTest.php" line="609" class="Tests\Unit\Models\PlanTest" classname="Tests.Unit.Models.PlanTest" assertions="1" time="0.098766"/>
        <testcase name="timestamps_estan_habilitados" file="D:\Ciclo7\github-project\capachica-project\turismo-backend\tests\Unit\Models\PlanTest.php" line="622" class="Tests\Unit\Models\PlanTest" classname="Tests.Unit.Models.PlanTest" assertions="1" time="0.098729"/>
      </testsuite>
      <testsuite name="Tests\Unit\Models\ReservaServicioTest" file="D:\Ciclo7\github-project\capachica-project\turismo-backend\tests\Unit\Models\ReservaServicioTest.php" tests="31" assertions="0" errors="31" failures="0" skipped="0" time="0.000000">
        <testcase name="puede_crear_reserva_servicio_con_datos_validos" file="D:\Ciclo7\github-project\capachica-project\turismo-backend\tests\Unit\Models\ReservaServicioTest.php" line="42" class="Tests\Unit\Models\ReservaServicioTest" classname="Tests.Unit.Models.ReservaServicioTest" assertions="0" time="0.000000">
          <error type="Illuminate\Database\QueryException">Tests\Unit\Models\ReservaServicioTest::puede_crear_reserva_servicio_con_datos_validos&#13;
Illuminate\Database\QueryException: SQLSTATE[23502]: Not null violation: 7 ERROR:  el valor nulo en la columna «nombre» de la relación «servicios» viola la restricción de no nulo
DETAIL:  La fila que falla contiene (2, null, null, null, 80, t, 2025-06-30 19:58:14, 2025-06-30 19:58:14, 1, null, null, null). (Connection: pgsql, SQL: insert into "servicios" ("emprendedor_id", "updated_at", "created_at") values (80, 2025-06-30 19:58:14, 2025-06-30 19:58:14) returning "id")
&#13;
D:\Ciclo7\github-project\capachica-project\turismo-backend\vendor\laravel\framework\src\Illuminate\Database\Connection.php:822
D:\Ciclo7\github-project\capachica-project\turismo-backend\vendor\laravel\framework\src\Illuminate\Database\Connection.php:776
D:\Ciclo7\github-project\capachica-project\turismo-backend\vendor\laravel\framework\src\Illuminate\Database\Connection.php:395
D:\Ciclo7\github-project\capachica-project\turismo-backend\vendor\laravel\framework\src\Illuminate\Database\Connection.php:382
D:\Ciclo7\github-project\capachica-project\turismo-backend\vendor\laravel\framework\src\Illuminate\Database\Query\Processors\PostgresProcessor.php:24
D:\Ciclo7\github-project\capachica-project\turismo-backend\vendor\laravel\framework\src\Illuminate\Database\Query\Builder.php:3769
D:\Ciclo7\github-project\capachica-project\turismo-backend\vendor\laravel\framework\src\Illuminate\Database\Eloquent\Builder.php:2208
D:\Ciclo7\github-project\capachica-project\turismo-backend\vendor\laravel\framework\src\Illuminate\Database\Eloquent\Model.php:1408
D:\Ciclo7\github-project\capachica-project\turismo-backend\vendor\laravel\framework\src\Illuminate\Database\Eloquent\Model.php:1373
D:\Ciclo7\github-project\capachica-project\turismo-backend\vendor\laravel\framework\src\Illuminate\Database\Eloquent\Model.php:1212
D:\Ciclo7\github-project\capachica-project\turismo-backend\vendor\laravel\framework\src\Illuminate\Database\Eloquent\Factories\Factory.php:351
D:\Ciclo7\github-project\capachica-project\turismo-backend\vendor\laravel\framework\src\Illuminate\Collections\Traits\EnumeratesValues.php:274
D:\Ciclo7\github-project\capachica-project\turismo-backend\vendor\laravel\framework\src\Illuminate\Database\Eloquent\Factories\Factory.php:346
D:\Ciclo7\github-project\capachica-project\turismo-backend\vendor\laravel\framework\src\Illuminate\Database\Eloquent\Factories\Factory.php:302
D:\Ciclo7\github-project\capachica-project\turismo-backend\vendor\laravel\framework\src\Illuminate\Database\Eloquent\Factories\Factory.php:296
D:\Ciclo7\github-project\capachica-project\turismo-backend\tests\Unit\Models\ReservaServicioTest.php:37</error>
        </testcase>
        <testcase name="fillable_permite_campos_correctos" file="D:\Ciclo7\github-project\capachica-project\turismo-backend\tests\Unit\Models\ReservaServicioTest.php" line="82" class="Tests\Unit\Models\ReservaServicioTest" classname="Tests.Unit.Models.ReservaServicioTest" assertions="0" time="0.000000">
          <error type="Illuminate\Database\QueryException">Tests\Unit\Models\ReservaServicioTest::fillable_permite_campos_correctos&#13;
Illuminate\Database\QueryException: SQLSTATE[23502]: Not null violation: 7 ERROR:  el valor nulo en la columna «nombre» de la relación «servicios» viola la restricción de no nulo
DETAIL:  La fila que falla contiene (3, null, null, null, 81, t, 2025-06-30 19:58:14, 2025-06-30 19:58:14, 1, null, null, null). (Connection: pgsql, SQL: insert into "servicios" ("emprendedor_id", "updated_at", "created_at") values (81, 2025-06-30 19:58:14, 2025-06-30 19:58:14) returning "id")
&#13;
D:\Ciclo7\github-project\capachica-project\turismo-backend\vendor\laravel\framework\src\Illuminate\Database\Connection.php:822
D:\Ciclo7\github-project\capachica-project\turismo-backend\vendor\laravel\framework\src\Illuminate\Database\Connection.php:776
D:\Ciclo7\github-project\capachica-project\turismo-backend\vendor\laravel\framework\src\Illuminate\Database\Connection.php:395
D:\Ciclo7\github-project\capachica-project\turismo-backend\vendor\laravel\framework\src\Illuminate\Database\Connection.php:382
D:\Ciclo7\github-project\capachica-project\turismo-backend\vendor\laravel\framework\src\Illuminate\Database\Query\Processors\PostgresProcessor.php:24
D:\Ciclo7\github-project\capachica-project\turismo-backend\vendor\laravel\framework\src\Illuminate\Database\Query\Builder.php:3769
D:\Ciclo7\github-project\capachica-project\turismo-backend\vendor\laravel\framework\src\Illuminate\Database\Eloquent\Builder.php:2208
D:\Ciclo7\github-project\capachica-project\turismo-backend\vendor\laravel\framework\src\Illuminate\Database\Eloquent\Model.php:1408
D:\Ciclo7\github-project\capachica-project\turismo-backend\vendor\laravel\framework\src\Illuminate\Database\Eloquent\Model.php:1373
D:\Ciclo7\github-project\capachica-project\turismo-backend\vendor\laravel\framework\src\Illuminate\Database\Eloquent\Model.php:1212
D:\Ciclo7\github-project\capachica-project\turismo-backend\vendor\laravel\framework\src\Illuminate\Database\Eloquent\Factories\Factory.php:351
D:\Ciclo7\github-project\capachica-project\turismo-backend\vendor\laravel\framework\src\Illuminate\Collections\Traits\EnumeratesValues.php:274
D:\Ciclo7\github-project\capachica-project\turismo-backend\vendor\laravel\framework\src\Illuminate\Database\Eloquent\Factories\Factory.php:346
D:\Ciclo7\github-project\capachica-project\turismo-backend\vendor\laravel\framework\src\Illuminate\Database\Eloquent\Factories\Factory.php:302
D:\Ciclo7\github-project\capachica-project\turismo-backend\vendor\laravel\framework\src\Illuminate\Database\Eloquent\Factories\Factory.php:296
D:\Ciclo7\github-project\capachica-project\turismo-backend\tests\Unit\Models\ReservaServicioTest.php:37</error>
        </testcase>
        <testcase name="tabla_correcta_es_utilizada" file="D:\Ciclo7\github-project\capachica-project\turismo-backend\tests\Unit\Models\ReservaServicioTest.php" line="114" class="Tests\Unit\Models\ReservaServicioTest" classname="Tests.Unit.Models.ReservaServicioTest" assertions="0" time="0.000000">
          <error type="Illuminate\Database\QueryException">Tests\Unit\Models\ReservaServicioTest::tabla_correcta_es_utilizada&#13;
Illuminate\Database\QueryException: SQLSTATE[23502]: Not null violation: 7 ERROR:  el valor nulo en la columna «nombre» de la relación «servicios» viola la restricción de no nulo
DETAIL:  La fila que falla contiene (4, null, null, null, 82, t, 2025-06-30 19:58:14, 2025-06-30 19:58:14, 1, null, null, null). (Connection: pgsql, SQL: insert into "servicios" ("emprendedor_id", "updated_at", "created_at") values (82, 2025-06-30 19:58:14, 2025-06-30 19:58:14) returning "id")
&#13;
D:\Ciclo7\github-project\capachica-project\turismo-backend\vendor\laravel\framework\src\Illuminate\Database\Connection.php:822
D:\Ciclo7\github-project\capachica-project\turismo-backend\vendor\laravel\framework\src\Illuminate\Database\Connection.php:776
D:\Ciclo7\github-project\capachica-project\turismo-backend\vendor\laravel\framework\src\Illuminate\Database\Connection.php:395
D:\Ciclo7\github-project\capachica-project\turismo-backend\vendor\laravel\framework\src\Illuminate\Database\Connection.php:382
D:\Ciclo7\github-project\capachica-project\turismo-backend\vendor\laravel\framework\src\Illuminate\Database\Query\Processors\PostgresProcessor.php:24
[...]
D:\Ciclo7\github-project\capachica-project\turismo-backend\vendor\laravel\framework\src\Illuminate\Database\Connection.php:395
D:\Ciclo7\github-project\capachica-project\turismo-backend\vendor\laravel\framework\src\Illuminate\Database\Connection.php:382
D:\Ciclo7\github-project\capachica-project\turismo-backend\vendor\laravel\framework\src\Illuminate\Database\Query\Processors\PostgresProcessor.php:24
D:\Ciclo7\github-project\capachica-project\turismo-backend\vendor\laravel\framework\src\Illuminate\Database\Query\Builder.php:3769
D:\Ciclo7\github-project\capachica-project\turismo-backend\vendor\laravel\framework\src\Illuminate\Database\Eloquent\Builder.php:2208
D:\Ciclo7\github-project\capachica-project\turismo-backend\vendor\laravel\framework\src\Illuminate\Database\Eloquent\Model.php:1408
D:\Ciclo7\github-project\capachica-project\turismo-backend\vendor\laravel\framework\src\Illuminate\Database\Eloquent\Model.php:1373
D:\Ciclo7\github-project\capachica-project\turismo-backend\vendor\laravel\framework\src\Illuminate\Database\Eloquent\Model.php:1212
D:\Ciclo7\github-project\capachica-project\turismo-backend\vendor\laravel\framework\src\Illuminate\Database\Eloquent\Factories\Factory.php:351
D:\Ciclo7\github-project\capachica-project\turismo-backend\vendor\laravel\framework\src\Illuminate\Collections\Traits\EnumeratesValues.php:274
D:\Ciclo7\github-project\capachica-project\turismo-backend\vendor\laravel\framework\src\Illuminate\Database\Eloquent\Factories\Factory.php:346
D:\Ciclo7\github-project\capachica-project\turismo-backend\vendor\laravel\framework\src\Illuminate\Database\Eloquent\Factories\Factory.php:302
D:\Ciclo7\github-project\capachica-project\turismo-backend\vendor\laravel\framework\src\Illuminate\Database\Eloquent\Factories\Factory.php:296
D:\Ciclo7\github-project\capachica-project\turismo-backend\tests\Feature\Controllers\ServicioControllerTest.php:304</error>
        </testcase>
        <testcase name="puede_obtener_servicios_por_emprendedor" file="D:\Ciclo7\github-project\capachica-project\turismo-backend\tests\Feature\Controllers\ServicioControllerTest.php" line="324" class="Tests\Feature\Controllers\ServicioControllerTest" classname="Tests.Feature.Controllers.ServicioControllerTest" assertions="0" time="0.213654">
          <error type="Illuminate\Database\QueryException">Tests\Feature\Controllers\ServicioControllerTest::puede_obtener_servicios_por_emprendedor&#13;
Illuminate\Database\QueryException: SQLSTATE[23502]: Not null violation: 7 ERROR:  el valor nulo en la columna «nombre» de la relación «servicios» viola la restricción de no nulo
DETAIL:  La fila que falla contiene (84, null, null, null, 164, t, 2025-06-30 19:59:17, 2025-06-30 19:59:17, 1, null, null, null). (Connection: pgsql, SQL: insert into "servicios" ("emprendedor_id", "updated_at", "created_at") values (164, 2025-06-30 19:59:17, 2025-06-30 19:59:17) returning "id")
&#13;
D:\Ciclo7\github-project\capachica-project\turismo-backend\vendor\laravel\framework\src\Illuminate\Database\Connection.php:822
D:\Ciclo7\github-project\capachica-project\turismo-backend\vendor\laravel\framework\src\Illuminate\Database\Connection.php:776
D:\Ciclo7\github-project\capachica-project\turismo-backend\vendor\laravel\framework\src\Illuminate\Database\Connection.php:395
D:\Ciclo7\github-project\capachica-project\turismo-backend\vendor\laravel\framework\src\Illuminate\Database\Connection.php:382
D:\Ciclo7\github-project\capachica-project\turismo-backend\vendor\laravel\framework\src\Illuminate\Database\Query\Processors\PostgresProcessor.php:24
D:\Ciclo7\github-project\capachica-project\turismo-backend\vendor\laravel\framework\src\Illuminate\Database\Query\Builder.php:3769
D:\Ciclo7\github-project\capachica-project\turismo-backend\vendor\laravel\framework\src\Illuminate\Database\Eloquent\Builder.php:2208
D:\Ciclo7\github-project\capachica-project\turismo-backend\vendor\laravel\framework\src\Illuminate\Database\Eloquent\Model.php:1408
D:\Ciclo7\github-project\capachica-project\turismo-backend\vendor\laravel\framework\src\Illuminate\Database\Eloquent\Model.php:1373
D:\Ciclo7\github-project\capachica-project\turismo-backend\vendor\laravel\framework\src\Illuminate\Database\Eloquent\Model.php:1212
D:\Ciclo7\github-project\capachica-project\turismo-backend\vendor\laravel\framework\src\Illuminate\Database\Eloquent\Factories\Factory.php:351
D:\Ciclo7\github-project\capachica-project\turismo-backend\vendor\laravel\framework\src\Illuminate\Collections\Traits\EnumeratesValues.php:274
D:\Ciclo7\github-project\capachica-project\turismo-backend\vendor\laravel\framework\src\Illuminate\Database\Eloquent\Factories\Factory.php:346
D:\Ciclo7\github-project\capachica-project\turismo-backend\vendor\laravel\framework\src\Illuminate\Database\Eloquent\Factories\Factory.php:306
D:\Ciclo7\github-project\capachica-project\turismo-backend\vendor\laravel\framework\src\Illuminate\Database\Eloquent\Factories\Factory.php:296
D:\Ciclo7\github-project\capachica-project\turismo-backend\tests\Feature\Controllers\ServicioControllerTest.php:331</error>
        </testcase>
        <testcase name="puede_obtener_servicios_por_categoria" file="D:\Ciclo7\github-project\capachica-project\turismo-backend\tests\Feature\Controllers\ServicioControllerTest.php" line="355" class="Tests\Feature\Controllers\ServicioControllerTest" classname="Tests.Feature.Controllers.ServicioControllerTest" assertions="0" time="0.204447">
          <error type="Illuminate\Database\QueryException">Tests\Feature\Controllers\ServicioControllerTest::puede_obtener_servicios_por_categoria&#13;
Illuminate\Database\QueryException: SQLSTATE[23502]: Not null violation: 7 ERROR:  el valor nulo en la columna «nombre» de la relación «servicios» viola la restricción de no nulo
DETAIL:  La fila que falla contiene (85, null, null, null, 166, t, 2025-06-30 19:59:18, 2025-06-30 19:59:18, 1, null, null, null). (Connection: pgsql, SQL: insert into "servicios" ("emprendedor_id", "updated_at", "created_at") values (166, 2025-06-30 19:59:18, 2025-06-30 19:59:18) returning "id")
&#13;
D:\Ciclo7\github-project\capachica-project\turismo-backend\vendor\laravel\framework\src\Illuminate\Database\Connection.php:822
D:\Ciclo7\github-project\capachica-project\turismo-backend\vendor\laravel\framework\src\Illuminate\Database\Connection.php:776
D:\Ciclo7\github-project\capachica-project\turismo-backend\vendor\laravel\framework\src\Illuminate\Database\Connection.php:395
D:\Ciclo7\github-project\capachica-project\turismo-backend\vendor\laravel\framework\src\Illuminate\Database\Connection.php:382
D:\Ciclo7\github-project\capachica-project\turismo-backend\vendor\laravel\framework\src\Illuminate\Database\Query\Processors\PostgresProcessor.php:24
D:\Ciclo7\github-project\capachica-project\turismo-backend\vendor\laravel\framework\src\Illuminate\Database\Query\Builder.php:3769
D:\Ciclo7\github-project\capachica-project\turismo-backend\vendor\laravel\framework\src\Illuminate\Database\Eloquent\Builder.php:2208
D:\Ciclo7\github-project\capachica-project\turismo-backend\vendor\laravel\framework\src\Illuminate\Database\Eloquent\Model.php:1408
D:\Ciclo7\github-project\capachica-project\turismo-backend\vendor\laravel\framework\src\Illuminate\Database\Eloquent\Model.php:1373
D:\Ciclo7\github-project\capachica-project\turismo-backend\vendor\laravel\framework\src\Illuminate\Database\Eloquent\Model.php:1212
D:\Ciclo7\github-project\capachica-project\turismo-backend\vendor\laravel\framework\src\Illuminate\Database\Eloquent\Factories\Factory.php:351
D:\Ciclo7\github-project\capachica-project\turismo-backend\vendor\laravel\framework\src\Illuminate\Collections\Traits\EnumeratesValues.php:274
D:\Ciclo7\github-project\capachica-project\turismo-backend\vendor\laravel\framework\src\Illuminate\Database\Eloquent\Factories\Factory.php:346
D:\Ciclo7\github-project\capachica-project\turismo-backend\vendor\laravel\framework\src\Illuminate\Database\Eloquent\Factories\Factory.php:302
D:\Ciclo7\github-project\capachica-project\turismo-backend\vendor\laravel\framework\src\Illuminate\Database\Eloquent\Factories\Factory.php:296
D:\Ciclo7\github-project\capachica-project\turismo-backend\tests\Feature\Controllers\ServicioControllerTest.php:361</error>
        </testcase>
        <testcase name="puede_obtener_servicios_por_ubicacion" file="D:\Ciclo7\github-project\capachica-project\turismo-backend\tests\Feature\Controllers\ServicioControllerTest.php" line="388" class="Tests\Feature\Controllers\ServicioControllerTest" classname="Tests.Feature.Controllers.ServicioControllerTest" assertions="0" time="0.227503">
          <error type="Illuminate\Database\QueryException">Tests\Feature\Controllers\ServicioControllerTest::puede_obtener_servicios_por_ubicacion&#13;
Illuminate\Database\QueryException: SQLSTATE[23502]: Not null violation: 7 ERROR:  el valor nulo en la columna «nombre» de la relación «servicios» viola la restricción de no nulo
DETAIL:  La fila que falla contiene (86, null, null, null, 167, t, 2025-06-30 19:59:18, 2025-06-30 19:59:18, 1, -15.8422000, -70.0199000, null). (Connection: pgsql, SQL: insert into "servicios" ("emprendedor_id", "latitud", "longitud", "estado", "updated_at", "created_at") values (167, -15.8422, -70.0199, 1, 2025-06-30 19:59:18, 2025-06-30 19:59:18) returning "id")
&#13;
D:\Ciclo7\github-project\capachica-project\turismo-backend\vendor\laravel\framework\src\Illuminate\Database\Connection.php:822
D:\Ciclo7\github-project\capachica-project\turismo-backend\vendor\laravel\framework\src\Illuminate\Database\Connection.php:776
D:\Ciclo7\github-project\capachica-project\turismo-backend\vendor\laravel\framework\src\Illuminate\Database\Connection.php:395
D:\Ciclo7\github-project\capachica-project\turismo-backend\vendor\laravel\framework\src\Illuminate\Database\Connection.php:382
D:\Ciclo7\github-project\capachica-project\turismo-backend\vendor\laravel\framework\src\Illuminate\Database\Query\Processors\PostgresProcessor.php:24
D:\Ciclo7\github-project\capachica-project\turismo-backend\vendor\laravel\framework\src\Illuminate\Database\Query\Builder.php:3769
D:\Ciclo7\github-project\capachica-project\turismo-backend\vendor\laravel\framework\src\Illuminate\Database\Eloquent\Builder.php:2208
D:\Ciclo7\github-project\capachica-project\turismo-backend\vendor\laravel\framework\src\Illuminate\Database\Eloquent\Model.php:1408
D:\Ciclo7\github-project\capachica-project\turismo-backend\vendor\laravel\framework\src\Illuminate\Database\Eloquent\Model.php:1373
D:\Ciclo7\github-project\capachica-project\turismo-backend\vendor\laravel\framework\src\Illuminate\Database\Eloquent\Model.php:1212
D:\Ciclo7\github-project\capachica-project\turismo-backend\vendor\laravel\framework\src\Illuminate\Database\Eloquent\Factories\Factory.php:351
D:\Ciclo7\github-project\capachica-project\turismo-backend\vendor\laravel\framework\src\Illuminate\Collections\Traits\EnumeratesValues.php:274
D:\Ciclo7\github-project\capachica-project\turismo-backend\vendor\laravel\framework\src\Illuminate\Database\Eloquent\Factories\Factory.php:346
D:\Ciclo7\github-project\capachica-project\turismo-backend\vendor\laravel\framework\src\Illuminate\Database\Eloquent\Factories\Factory.php:302
D:\Ciclo7\github-project\capachica-project\turismo-backend\vendor\laravel\framework\src\Illuminate\Database\Eloquent\Factories\Factory.php:296
D:\Ciclo7\github-project\capachica-project\turismo-backend\tests\Feature\Controllers\ServicioControllerTest.php:391</error>
        </testcase>
        <testcase name="puede_verificar_disponibilidad_de_servicio" file="D:\Ciclo7\github-project\capachica-project\turismo-backend\tests\Feature\Controllers\ServicioControllerTest.php" line="419" class="Tests\Feature\Controllers\ServicioControllerTest" classname="Tests.Feature.Controllers.ServicioControllerTest" assertions="0" time="0.197226">
          <error type="Illuminate\Database\QueryException">Tests\Feature\Controllers\ServicioControllerTest::puede_verificar_disponibilidad_de_servicio&#13;
Illuminate\Database\QueryException: SQLSTATE[23502]: Not null violation: 7 ERROR:  el valor nulo en la columna «nombre» de la relación «servicios» viola la restricción de no nulo
DETAIL:  La fila que falla contiene (87, null, null, null, 168, t, 2025-06-30 19:59:18, 2025-06-30 19:59:18, 1, null, null, null). (Connection: pgsql, SQL: insert into "servicios" ("emprendedor_id", "updated_at", "created_at") values (168, 2025-06-30 19:59:18, 2025-06-30 19:59:18) returning "id")
&#13;
D:\Ciclo7\github-project\capachica-project\turismo-backend\vendor\laravel\framework\src\Illuminate\Database\Connection.php:822
D:\Ciclo7\github-project\capachica-project\turismo-backend\vendor\laravel\framework\src\Illuminate\Database\Connection.php:776
D:\Ciclo7\github-project\capachica-project\turismo-backend\vendor\laravel\framework\src\Illuminate\Database\Connection.php:395
D:\Ciclo7\github-project\capachica-project\turismo-backend\vendor\laravel\framework\src\Illuminate\Database\Connection.php:382
D:\Ciclo7\github-project\capachica-project\turismo-backend\vendor\laravel\framework\src\Illuminate\Database\Query\Processors\PostgresProcessor.php:24
D:\Ciclo7\github-project\capachica-project\turismo-backend\vendor\laravel\framework\src\Illuminate\Database\Query\Builder.php:3769
D:\Ciclo7\github-project\capachica-project\turismo-backend\vendor\laravel\framework\src\Illuminate\Database\Eloquent\Builder.php:2208
D:\Ciclo7\github-project\capachica-project\turismo-backend\vendor\laravel\framework\src\Illuminate\Database\Eloquent\Model.php:1408
D:\Ciclo7\github-project\capachica-project\turismo-backend\vendor\laravel\framework\src\Illuminate\Database\Eloquent\Model.php:1373
D:\Ciclo7\github-project\capachica-project\turismo-backend\vendor\laravel\framework\src\Illuminate\Database\Eloquent\Model.php:1212
D:\Ciclo7\github-project\capachica-project\turismo-backend\vendor\laravel\framework\src\Illuminate\Database\Eloquent\Factories\Factory.php:351
D:\Ciclo7\github-project\capachica-project\turismo-backend\vendor\laravel\framework\src\Illuminate\Collections\Traits\EnumeratesValues.php:274
D:\Ciclo7\github-project\capachica-project\turismo-backend\vendor\laravel\framework\src\Illuminate\Database\Eloquent\Factories\Factory.php:346
D:\Ciclo7\github-project\capachica-project\turismo-backend\vendor\laravel\framework\src\Illuminate\Database\Eloquent\Factories\Factory.php:302
D:\Ciclo7\github-project\capachica-project\turismo-backend\vendor\laravel\framework\src\Illuminate\Database\Eloquent\Factories\Factory.php:296
D:\Ciclo7\github-project\capachica-project\turismo-backend\tests\Feature\Controllers\ServicioControllerTest.php:422</error>
        </testcase>
        <testcase name="falla_validacion_ubicacion_con_parametros_invalidos" file="D:\Ciclo7\github-project\capachica-project\turismo-backend\tests\Feature\Controllers\ServicioControllerTest.php" line="438" class="Tests\Feature\Controllers\ServicioControllerTest" classname="Tests.Feature.Controllers.ServicioControllerTest" assertions="2" time="0.184217"/>
        <testcase name="falla_validacion_disponibilidad_con_parametros_invalidos" file="D:\Ciclo7\github-project\capachica-project\turismo-backend\tests\Feature\Controllers\ServicioControllerTest.php" line="451" class="Tests\Feature\Controllers\ServicioControllerTest" classname="Tests.Feature.Controllers.ServicioControllerTest" assertions="2" time="0.192056"/>
        <testcase name="precio_referencial_se_almacena_correctamente" file="D:\Ciclo7\github-project\capachica-project\turismo-backend\tests\Feature\Controllers\ServicioControllerTest.php" line="464" class="Tests\Feature\Controllers\ServicioControllerTest" classname="Tests.Feature.Controllers.ServicioControllerTest" assertions="2" time="0.221331"/>
        <testcase name="estado_se_convierte_a_booleano" file="D:\Ciclo7\github-project\capachica-project\turismo-backend\tests\Feature\Controllers\ServicioControllerTest.php" line="489" class="Tests\Feature\Controllers\ServicioControllerTest" classname="Tests.Feature.Controllers.ServicioControllerTest" assertions="0" time="0.191987">
          <error type="Illuminate\Database\QueryException">Tests\Feature\Controllers\ServicioControllerTest::estado_se_convierte_a_booleano&#13;
Illuminate\Database\QueryException: SQLSTATE[23502]: Not null violation: 7 ERROR:  el valor nulo en la columna «nombre» de la relación «servicios» viola la restricción de no nulo
DETAIL:  La fila que falla contiene (89, null, null, null, 172, t, 2025-06-30 19:59:19, 2025-06-30 19:59:19, 1, null, null, null). (Connection: pgsql, SQL: insert into "servicios" ("emprendedor_id", "estado", "updated_at", "created_at") values (172, 1, 2025-06-30 19:59:19, 2025-06-30 19:59:19) returning "id")
&#13;
D:\Ciclo7\github-project\capachica-project\turismo-backend\vendor\laravel\framework\src\Illuminate\Database\Connection.php:822
D:\Ciclo7\github-project\capachica-project\turismo-backend\vendor\laravel\framework\src\Illuminate\Database\Connection.php:776
D:\Ciclo7\github-project\capachica-project\turismo-backend\vendor\laravel\framework\src\Illuminate\Database\Connection.php:395
D:\Ciclo7\github-project\capachica-project\turismo-backend\vendor\laravel\framework\src\Illuminate\Database\Connection.php:382
D:\Ciclo7\github-project\capachica-project\turismo-backend\vendor\laravel\framework\src\Illuminate\Database\Query\Processors\PostgresProcessor.php:24
D:\Ciclo7\github-project\capachica-project\turismo-backend\vendor\laravel\framework\src\Illuminate\Database\Query\Builder.php:3769
D:\Ciclo7\github-project\capachica-project\turismo-backend\vendor\laravel\framework\src\Illuminate\Database\Eloquent\Builder.php:2208
D:\Ciclo7\github-project\capachica-project\turismo-backend\vendor\laravel\framework\src\Illuminate\Database\Eloquent\Model.php:1408
D:\Ciclo7\github-project\capachica-project\turismo-backend\vendor\laravel\framework\src\Illuminate\Database\Eloquent\Model.php:1373
D:\Ciclo7\github-project\capachica-project\turismo-backend\vendor\laravel\framework\src\Illuminate\Database\Eloquent\Model.php:1212
D:\Ciclo7\github-project\capachica-project\turismo-backend\vendor\laravel\framework\src\Illuminate\Database\Eloquent\Factories\Factory.php:351
D:\Ciclo7\github-project\capachica-project\turismo-backend\vendor\laravel\framework\src\Illuminate\Collections\Traits\EnumeratesValues.php:274
D:\Ciclo7\github-project\capachica-project\turismo-backend\vendor\laravel\framework\src\Illuminate\Database\Eloquent\Factories\Factory.php:346
D:\Ciclo7\github-project\capachica-project\turismo-backend\vendor\laravel\framework\src\Illuminate\Database\Eloquent\Factories\Factory.php:302
D:\Ciclo7\github-project\capachica-project\turismo-backend\vendor\laravel\framework\src\Illuminate\Database\Eloquent\Factories\Factory.php:296
D:\Ciclo7\github-project\capachica-project\turismo-backend\tests\Feature\Controllers\ServicioControllerTest.php:494</error>
        </testcase>
        <testcase name="coordenadas_se_almacenan_como_decimal" file="D:\Ciclo7\github-project\capachica-project\turismo-backend\tests\Feature\Controllers\ServicioControllerTest.php" line="515" class="Tests\Feature\Controllers\ServicioControllerTest" classname="Tests.Feature.Controllers.ServicioControllerTest" assertions="2" time="0.219038">
          <failure type="PHPUnit\Framework\ExpectationFailedException">Tests\Feature\Controllers\ServicioControllerTest::coordenadas_se_almacenan_como_decimal&#13;
Failed asserting that '-15.8422123' is of type float.
&#13;
D:\Ciclo7\github-project\capachica-project\turismo-backend\tests\Feature\Controllers\ServicioControllerTest.php:536</failure>
        </testcase>
        <testcase name="puede_crear_servicio_con_categorias_multiples" file="D:\Ciclo7\github-project\capachica-project\turismo-backend\tests\Feature\Controllers\ServicioControllerTest.php" line="541" class="Tests\Feature\Controllers\ServicioControllerTest" classname="Tests.Feature.Controllers.ServicioControllerTest" assertions="2" time="0.240574"/>
      </testsuite>
    </testsuite>
  </testsuite>
</testsuites>
